CRITICAL - 2021-12-24 17:57:04 --> Cannot declare class App\Controllers\Home, because the name is already in use
#0 [internal function]: CodeIgniter\Debug\Exceptions->shutdownHandler()
#1 {main}
CRITICAL - 2021-12-24 17:57:05 --> Cannot declare class App\Controllers\Home, because the name is already in use
#0 [internal function]: CodeIgniter\Debug\Exceptions->shutdownHandler()
#1 {main}
CRITICAL - 2021-12-24 17:59:14 --> Cannot declare class App\Controllers\Index, because the name is already in use
#0 [internal function]: CodeIgniter\Debug\Exceptions->shutdownHandler()
#1 {main}
CRITICAL - 2021-12-24 18:00:01 --> Cannot declare class App\Controllers\Home, because the name is already in use
#0 [internal function]: CodeIgniter\Debug\Exceptions->shutdownHandler()
#1 {main}
CRITICAL - 2021-12-24 18:01:21 --> Cannot declare class App\Controllers\Home, because the name is already in use
#0 [internal function]: CodeIgniter\Debug\Exceptions->shutdownHandler()
#1 {main}
CRITICAL - 2021-12-24 18:03:49 --> Cannot declare class App\Controllers\Index, because the name is already in use
#0 [internal function]: CodeIgniter\Debug\Exceptions->shutdownHandler()
#1 {main}
CRITICAL - 2021-12-24 18:23:13 --> Undefined variable: breadcrumbs
#0 C:\xampp\htdocs\fcm4\app\Views\blog-details.php(51): CodeIgniter\Debug\Exceptions->errorHandler(8, 'Undefined varia...', 'C:\\xampp\\htdocs...', 51, Array)
#1 C:\xampp\htdocs\fcm4\vendor\codeigniter4\framework\system\View\View.php(214): include('C:\\xampp\\htdocs...')
#2 C:\xampp\htdocs\fcm4\vendor\codeigniter4\framework\system\View\View.php(217): CodeIgniter\View\View->CodeIgniter\View\{closure}()
#3 C:\xampp\htdocs\fcm4\vendor\codeigniter4\framework\system\Common.php(1097): CodeIgniter\View\View->render('blog-details', Array, true)
#4 C:\xampp\htdocs\fcm4\app\Controllers\Blog.php(28): view('blog-details')
#5 C:\xampp\htdocs\fcm4\vendor\codeigniter4\framework\system\CodeIgniter.php(824): App\Controllers\Blog->blogdetails()
#6 C:\xampp\htdocs\fcm4\vendor\codeigniter4\framework\system\CodeIgniter.php(410): CodeIgniter\CodeIgniter->runController(Object(App\Controllers\Blog))
#7 C:\xampp\htdocs\fcm4\vendor\codeigniter4\framework\system\CodeIgniter.php(318): CodeIgniter\CodeIgniter->handleRequest(NULL, Object(Config\Cache), false)
#8 C:\xampp\htdocs\fcm4\public\index.php(37): CodeIgniter\CodeIgniter->run()
#9 C:\xampp\htdocs\fcm4\vendor\codeigniter4\framework\system\Commands\Server\rewrite.php(43): require_once('C:\\xampp\\htdocs...')
#10 {main}
CRITICAL - 2021-12-24 18:32:42 --> Cannot declare class App\Controllers\Home, because the name is already in use
#0 [internal function]: CodeIgniter\Debug\Exceptions->shutdownHandler()
#1 {main}
CRITICAL - 2021-12-24 18:41:12 --> Call to undefined function in_groups()
#0 C:\xampp\htdocs\fcm4\vendor\codeigniter4\framework\system\View\View.php(214): include()
#1 C:\xampp\htdocs\fcm4\vendor\codeigniter4\framework\system\View\View.php(217): CodeIgniter\View\View->CodeIgniter\View\{closure}()
#2 C:\xampp\htdocs\fcm4\vendor\codeigniter4\framework\system\View\View.php(432): CodeIgniter\View\View->render('admin/templates...', NULL, true)
#3 C:\xampp\htdocs\fcm4\app\Views\admin\templates\index.php(20): CodeIgniter\View\View->include('admin/templates...')
#4 C:\xampp\htdocs\fcm4\vendor\codeigniter4\framework\system\View\View.php(214): include('C:\\xampp\\htdocs...')
#5 C:\xampp\htdocs\fcm4\vendor\codeigniter4\framework\system\View\View.php(217): CodeIgniter\View\View->CodeIgniter\View\{closure}()
#6 C:\xampp\htdocs\fcm4\vendor\codeigniter4\framework\system\View\View.php(230): CodeIgniter\View\View->render('admin/templates...', Array, true)
#7 C:\xampp\htdocs\fcm4\vendor\codeigniter4\framework\system\Common.php(1097): CodeIgniter\View\View->render('admin/index', Array, true)
#8 C:\xampp\htdocs\fcm4\app\Controllers\Admin\Index.php(23): view('admin/index', Array)
#9 C:\xampp\htdocs\fcm4\vendor\codeigniter4\framework\system\CodeIgniter.php(824): App\Controllers\admin\Index->index()
#10 C:\xampp\htdocs\fcm4\vendor\codeigniter4\framework\system\CodeIgniter.php(410): CodeIgniter\CodeIgniter->runController(Object(App\Controllers\admin\Index))
#11 C:\xampp\htdocs\fcm4\vendor\codeigniter4\framework\system\CodeIgniter.php(318): CodeIgniter\CodeIgniter->handleRequest(NULL, Object(Config\Cache), false)
#12 C:\xampp\htdocs\fcm4\public\index.php(37): CodeIgniter\CodeIgniter->run()
#13 C:\xampp\htdocs\fcm4\vendor\codeigniter4\framework\system\Commands\Server\rewrite.php(43): require_once('C:\\xampp\\htdocs...')
#14 {main}
CRITICAL - 2021-12-24 18:41:53 --> Call to undefined function in_groups()
#0 C:\xampp\htdocs\fcm4\vendor\codeigniter4\framework\system\View\View.php(214): include()
#1 C:\xampp\htdocs\fcm4\vendor\codeigniter4\framework\system\View\View.php(217): CodeIgniter\View\View->CodeIgniter\View\{closure}()
#2 C:\xampp\htdocs\fcm4\vendor\codeigniter4\framework\system\View\View.php(432): CodeIgniter\View\View->render('admin/templates...', NULL, true)
#3 C:\xampp\htdocs\fcm4\app\Views\admin\templates\index.php(20): CodeIgniter\View\View->include('admin/templates...')
#4 C:\xampp\htdocs\fcm4\vendor\codeigniter4\framework\system\View\View.php(214): include('C:\\xampp\\htdocs...')
#5 C:\xampp\htdocs\fcm4\vendor\codeigniter4\framework\system\View\View.php(217): CodeIgniter\View\View->CodeIgniter\View\{closure}()
#6 C:\xampp\htdocs\fcm4\vendor\codeigniter4\framework\system\View\View.php(230): CodeIgniter\View\View->render('admin/templates...', Array, true)
#7 C:\xampp\htdocs\fcm4\vendor\codeigniter4\framework\system\Common.php(1097): CodeIgniter\View\View->render('admin/index', Array, true)
#8 C:\xampp\htdocs\fcm4\app\Controllers\Admin\Index.php(23): view('admin/index', Array)
#9 C:\xampp\htdocs\fcm4\vendor\codeigniter4\framework\system\CodeIgniter.php(824): App\Controllers\admin\Index->index()
#10 C:\xampp\htdocs\fcm4\vendor\codeigniter4\framework\system\CodeIgniter.php(410): CodeIgniter\CodeIgniter->runController(Object(App\Controllers\admin\Index))
#11 C:\xampp\htdocs\fcm4\vendor\codeigniter4\framework\system\CodeIgniter.php(318): CodeIgniter\CodeIgniter->handleRequest(NULL, Object(Config\Cache), false)
#12 C:\xampp\htdocs\fcm4\public\index.php(37): CodeIgniter\CodeIgniter->run()
#13 C:\xampp\htdocs\fcm4\vendor\codeigniter4\framework\system\Commands\Server\rewrite.php(43): require_once('C:\\xampp\\htdocs...')
#14 {main}
CRITICAL - 2021-12-24 18:42:00 --> Call to undefined function in_groups()
#0 C:\xampp\htdocs\fcm4\vendor\codeigniter4\framework\system\View\View.php(214): include()
#1 C:\xampp\htdocs\fcm4\vendor\codeigniter4\framework\system\View\View.php(217): CodeIgniter\View\View->CodeIgniter\View\{closure}()
#2 C:\xampp\htdocs\fcm4\vendor\codeigniter4\framework\system\View\View.php(432): CodeIgniter\View\View->render('admin/templates...', NULL, true)
#3 C:\xampp\htdocs\fcm4\app\Views\admin\templates\index.php(20): CodeIgniter\View\View->include('admin/templates...')
#4 C:\xampp\htdocs\fcm4\vendor\codeigniter4\framework\system\View\View.php(214): include('C:\\xampp\\htdocs...')
#5 C:\xampp\htdocs\fcm4\vendor\codeigniter4\framework\system\View\View.php(217): CodeIgniter\View\View->CodeIgniter\View\{closure}()
#6 C:\xampp\htdocs\fcm4\vendor\codeigniter4\framework\system\View\View.php(230): CodeIgniter\View\View->render('admin/templates...', Array, true)
#7 C:\xampp\htdocs\fcm4\vendor\codeigniter4\framework\system\Common.php(1097): CodeIgniter\View\View->render('admin/index', Array, true)
#8 C:\xampp\htdocs\fcm4\app\Controllers\Admin\Index.php(23): view('admin/index', Array)
#9 C:\xampp\htdocs\fcm4\vendor\codeigniter4\framework\system\CodeIgniter.php(824): App\Controllers\admin\Index->index()
#10 C:\xampp\htdocs\fcm4\vendor\codeigniter4\framework\system\CodeIgniter.php(410): CodeIgniter\CodeIgniter->runController(Object(App\Controllers\admin\Index))
#11 C:\xampp\htdocs\fcm4\vendor\codeigniter4\framework\system\CodeIgniter.php(318): CodeIgniter\CodeIgniter->handleRequest(NULL, Object(Config\Cache), false)
#12 C:\xampp\htdocs\fcm4\public\index.php(37): CodeIgniter\CodeIgniter->run()
#13 C:\xampp\htdocs\fcm4\vendor\codeigniter4\framework\system\Commands\Server\rewrite.php(43): require_once('C:\\xampp\\htdocs...')
#14 {main}
CRITICAL - 2021-12-24 18:42:43 --> Call to undefined function in_groups()
#0 C:\xampp\htdocs\fcm4\vendor\codeigniter4\framework\system\View\View.php(214): include()
#1 C:\xampp\htdocs\fcm4\vendor\codeigniter4\framework\system\View\View.php(217): CodeIgniter\View\View->CodeIgniter\View\{closure}()
#2 C:\xampp\htdocs\fcm4\vendor\codeigniter4\framework\system\View\View.php(432): CodeIgniter\View\View->render('admin/templates...', NULL, true)
#3 C:\xampp\htdocs\fcm4\app\Views\admin\templates\index.php(20): CodeIgniter\View\View->include('admin/templates...')
#4 C:\xampp\htdocs\fcm4\vendor\codeigniter4\framework\system\View\View.php(214): include('C:\\xampp\\htdocs...')
#5 C:\xampp\htdocs\fcm4\vendor\codeigniter4\framework\system\View\View.php(217): CodeIgniter\View\View->CodeIgniter\View\{closure}()
#6 C:\xampp\htdocs\fcm4\vendor\codeigniter4\framework\system\View\View.php(230): CodeIgniter\View\View->render('admin/templates...', Array, true)
#7 C:\xampp\htdocs\fcm4\vendor\codeigniter4\framework\system\Common.php(1097): CodeIgniter\View\View->render('admin/index', Array, true)
#8 C:\xampp\htdocs\fcm4\app\Controllers\Admin\Home.php(23): view('admin/index', Array)
#9 C:\xampp\htdocs\fcm4\vendor\codeigniter4\framework\system\CodeIgniter.php(824): App\Controllers\admin\Home->index()
#10 C:\xampp\htdocs\fcm4\vendor\codeigniter4\framework\system\CodeIgniter.php(410): CodeIgniter\CodeIgniter->runController(Object(App\Controllers\admin\Home))
#11 C:\xampp\htdocs\fcm4\vendor\codeigniter4\framework\system\CodeIgniter.php(318): CodeIgniter\CodeIgniter->handleRequest(NULL, Object(Config\Cache), false)
#12 C:\xampp\htdocs\fcm4\public\index.php(37): CodeIgniter\CodeIgniter->run()
#13 C:\xampp\htdocs\fcm4\vendor\codeigniter4\framework\system\Commands\Server\rewrite.php(43): require_once('C:\\xampp\\htdocs...')
#14 {main}
CRITICAL - 2021-12-24 18:42:44 --> Call to undefined function in_groups()
#0 C:\xampp\htdocs\fcm4\vendor\codeigniter4\framework\system\View\View.php(214): include()
#1 C:\xampp\htdocs\fcm4\vendor\codeigniter4\framework\system\View\View.php(217): CodeIgniter\View\View->CodeIgniter\View\{closure}()
#2 C:\xampp\htdocs\fcm4\vendor\codeigniter4\framework\system\View\View.php(432): CodeIgniter\View\View->render('admin/templates...', NULL, true)
#3 C:\xampp\htdocs\fcm4\app\Views\admin\templates\index.php(20): CodeIgniter\View\View->include('admin/templates...')
#4 C:\xampp\htdocs\fcm4\vendor\codeigniter4\framework\system\View\View.php(214): include('C:\\xampp\\htdocs...')
#5 C:\xampp\htdocs\fcm4\vendor\codeigniter4\framework\system\View\View.php(217): CodeIgniter\View\View->CodeIgniter\View\{closure}()
#6 C:\xampp\htdocs\fcm4\vendor\codeigniter4\framework\system\View\View.php(230): CodeIgniter\View\View->render('admin/templates...', Array, true)
#7 C:\xampp\htdocs\fcm4\vendor\codeigniter4\framework\system\Common.php(1097): CodeIgniter\View\View->render('admin/index', Array, true)
#8 C:\xampp\htdocs\fcm4\app\Controllers\Admin\Home.php(23): view('admin/index', Array)
#9 C:\xampp\htdocs\fcm4\vendor\codeigniter4\framework\system\CodeIgniter.php(824): App\Controllers\admin\Home->index()
#10 C:\xampp\htdocs\fcm4\vendor\codeigniter4\framework\system\CodeIgniter.php(410): CodeIgniter\CodeIgniter->runController(Object(App\Controllers\admin\Home))
#11 C:\xampp\htdocs\fcm4\vendor\codeigniter4\framework\system\CodeIgniter.php(318): CodeIgniter\CodeIgniter->handleRequest(NULL, Object(Config\Cache), false)
#12 C:\xampp\htdocs\fcm4\public\index.php(37): CodeIgniter\CodeIgniter->run()
#13 C:\xampp\htdocs\fcm4\vendor\codeigniter4\framework\system\Commands\Server\rewrite.php(43): require_once('C:\\xampp\\htdocs...')
#14 {main}
CRITICAL - 2021-12-24 18:42:58 --> Call to undefined function in_groups()
#0 C:\xampp\htdocs\fcm4\vendor\codeigniter4\framework\system\View\View.php(214): include()
#1 C:\xampp\htdocs\fcm4\vendor\codeigniter4\framework\system\View\View.php(217): CodeIgniter\View\View->CodeIgniter\View\{closure}()
#2 C:\xampp\htdocs\fcm4\vendor\codeigniter4\framework\system\View\View.php(432): CodeIgniter\View\View->render('admin/templates...', NULL, true)
#3 C:\xampp\htdocs\fcm4\app\Views\admin\templates\index.php(20): CodeIgniter\View\View->include('admin/templates...')
#4 C:\xampp\htdocs\fcm4\vendor\codeigniter4\framework\system\View\View.php(214): include('C:\\xampp\\htdocs...')
#5 C:\xampp\htdocs\fcm4\vendor\codeigniter4\framework\system\View\View.php(217): CodeIgniter\View\View->CodeIgniter\View\{closure}()
#6 C:\xampp\htdocs\fcm4\vendor\codeigniter4\framework\system\View\View.php(230): CodeIgniter\View\View->render('admin/templates...', Array, true)
#7 C:\xampp\htdocs\fcm4\vendor\codeigniter4\framework\system\Common.php(1097): CodeIgniter\View\View->render('admin/home', Array, true)
#8 C:\xampp\htdocs\fcm4\app\Controllers\Admin\Home.php(23): view('admin/home', Array)
#9 C:\xampp\htdocs\fcm4\vendor\codeigniter4\framework\system\CodeIgniter.php(824): App\Controllers\admin\Home->index()
#10 C:\xampp\htdocs\fcm4\vendor\codeigniter4\framework\system\CodeIgniter.php(410): CodeIgniter\CodeIgniter->runController(Object(App\Controllers\admin\Home))
#11 C:\xampp\htdocs\fcm4\vendor\codeigniter4\framework\system\CodeIgniter.php(318): CodeIgniter\CodeIgniter->handleRequest(NULL, Object(Config\Cache), false)
#12 C:\xampp\htdocs\fcm4\public\index.php(37): CodeIgniter\CodeIgniter->run()
#13 C:\xampp\htdocs\fcm4\vendor\codeigniter4\framework\system\Commands\Server\rewrite.php(43): require_once('C:\\xampp\\htdocs...')
#14 {main}
CRITICAL - 2021-12-24 18:42:59 --> Call to undefined function in_groups()
#0 C:\xampp\htdocs\fcm4\vendor\codeigniter4\framework\system\View\View.php(214): include()
#1 C:\xampp\htdocs\fcm4\vendor\codeigniter4\framework\system\View\View.php(217): CodeIgniter\View\View->CodeIgniter\View\{closure}()
#2 C:\xampp\htdocs\fcm4\vendor\codeigniter4\framework\system\View\View.php(432): CodeIgniter\View\View->render('admin/templates...', NULL, true)
#3 C:\xampp\htdocs\fcm4\app\Views\admin\templates\index.php(20): CodeIgniter\View\View->include('admin/templates...')
#4 C:\xampp\htdocs\fcm4\vendor\codeigniter4\framework\system\View\View.php(214): include('C:\\xampp\\htdocs...')
#5 C:\xampp\htdocs\fcm4\vendor\codeigniter4\framework\system\View\View.php(217): CodeIgniter\View\View->CodeIgniter\View\{closure}()
#6 C:\xampp\htdocs\fcm4\vendor\codeigniter4\framework\system\View\View.php(230): CodeIgniter\View\View->render('admin/templates...', Array, true)
#7 C:\xampp\htdocs\fcm4\vendor\codeigniter4\framework\system\Common.php(1097): CodeIgniter\View\View->render('admin/home', Array, true)
#8 C:\xampp\htdocs\fcm4\app\Controllers\Admin\Home.php(23): view('admin/home', Array)
#9 C:\xampp\htdocs\fcm4\vendor\codeigniter4\framework\system\CodeIgniter.php(824): App\Controllers\admin\Home->index()
#10 C:\xampp\htdocs\fcm4\vendor\codeigniter4\framework\system\CodeIgniter.php(410): CodeIgniter\CodeIgniter->runController(Object(App\Controllers\admin\Home))
#11 C:\xampp\htdocs\fcm4\vendor\codeigniter4\framework\system\CodeIgniter.php(318): CodeIgniter\CodeIgniter->handleRequest(NULL, Object(Config\Cache), false)
#12 C:\xampp\htdocs\fcm4\public\index.php(37): CodeIgniter\CodeIgniter->run()
#13 C:\xampp\htdocs\fcm4\vendor\codeigniter4\framework\system\Commands\Server\rewrite.php(43): require_once('C:\\xampp\\htdocs...')
#14 {main}
CRITICAL - 2021-12-24 18:44:09 --> Undefined variable: title
#0 C:\xampp\htdocs\fcm4\app\Views\admin\templates\index.php(6): CodeIgniter\Debug\Exceptions->errorHandler(8, 'Undefined varia...', 'C:\\xampp\\htdocs...', 6, Array)
#1 C:\xampp\htdocs\fcm4\vendor\codeigniter4\framework\system\View\View.php(214): include('C:\\xampp\\htdocs...')
#2 C:\xampp\htdocs\fcm4\vendor\codeigniter4\framework\system\View\View.php(217): CodeIgniter\View\View->CodeIgniter\View\{closure}()
#3 C:\xampp\htdocs\fcm4\vendor\codeigniter4\framework\system\View\View.php(230): CodeIgniter\View\View->render('admin/templates...', Array, true)
#4 C:\xampp\htdocs\fcm4\vendor\codeigniter4\framework\system\Common.php(1097): CodeIgniter\View\View->render('admin/home', Array, true)
#5 C:\xampp\htdocs\fcm4\app\Controllers\Admin\Home.php(23): view('admin/home')
#6 C:\xampp\htdocs\fcm4\vendor\codeigniter4\framework\system\CodeIgniter.php(824): App\Controllers\admin\Home->index()
#7 C:\xampp\htdocs\fcm4\vendor\codeigniter4\framework\system\CodeIgniter.php(410): CodeIgniter\CodeIgniter->runController(Object(App\Controllers\admin\Home))
#8 C:\xampp\htdocs\fcm4\vendor\codeigniter4\framework\system\CodeIgniter.php(318): CodeIgniter\CodeIgniter->handleRequest(NULL, Object(Config\Cache), false)
#9 C:\xampp\htdocs\fcm4\public\index.php(37): CodeIgniter\CodeIgniter->run()
#10 C:\xampp\htdocs\fcm4\vendor\codeigniter4\framework\system\Commands\Server\rewrite.php(43): require_once('C:\\xampp\\htdocs...')
#11 {main}
CRITICAL - 2021-12-24 18:44:09 --> Undefined variable: title
#0 C:\xampp\htdocs\fcm4\app\Views\admin\templates\index.php(6): CodeIgniter\Debug\Exceptions->errorHandler(8, 'Undefined varia...', 'C:\\xampp\\htdocs...', 6, Array)
#1 C:\xampp\htdocs\fcm4\vendor\codeigniter4\framework\system\View\View.php(214): include('C:\\xampp\\htdocs...')
#2 C:\xampp\htdocs\fcm4\vendor\codeigniter4\framework\system\View\View.php(217): CodeIgniter\View\View->CodeIgniter\View\{closure}()
#3 C:\xampp\htdocs\fcm4\vendor\codeigniter4\framework\system\View\View.php(230): CodeIgniter\View\View->render('admin/templates...', Array, true)
#4 C:\xampp\htdocs\fcm4\vendor\codeigniter4\framework\system\Common.php(1097): CodeIgniter\View\View->render('admin/home', Array, true)
#5 C:\xampp\htdocs\fcm4\app\Controllers\Admin\Home.php(23): view('admin/home')
#6 C:\xampp\htdocs\fcm4\vendor\codeigniter4\framework\system\CodeIgniter.php(824): App\Controllers\admin\Home->index()
#7 C:\xampp\htdocs\fcm4\vendor\codeigniter4\framework\system\CodeIgniter.php(410): CodeIgniter\CodeIgniter->runController(Object(App\Controllers\admin\Home))
#8 C:\xampp\htdocs\fcm4\vendor\codeigniter4\framework\system\CodeIgniter.php(318): CodeIgniter\CodeIgniter->handleRequest(NULL, Object(Config\Cache), false)
#9 C:\xampp\htdocs\fcm4\public\index.php(37): CodeIgniter\CodeIgniter->run()
#10 C:\xampp\htdocs\fcm4\vendor\codeigniter4\framework\system\Commands\Server\rewrite.php(43): require_once('C:\\xampp\\htdocs...')
#11 {main}
CRITICAL - 2021-12-24 18:44:10 --> Undefined variable: title
#0 C:\xampp\htdocs\fcm4\app\Views\admin\templates\index.php(6): CodeIgniter\Debug\Exceptions->errorHandler(8, 'Undefined varia...', 'C:\\xampp\\htdocs...', 6, Array)
#1 C:\xampp\htdocs\fcm4\vendor\codeigniter4\framework\system\View\View.php(214): include('C:\\xampp\\htdocs...')
#2 C:\xampp\htdocs\fcm4\vendor\codeigniter4\framework\system\View\View.php(217): CodeIgniter\View\View->CodeIgniter\View\{closure}()
#3 C:\xampp\htdocs\fcm4\vendor\codeigniter4\framework\system\View\View.php(230): CodeIgniter\View\View->render('admin/templates...', Array, true)
#4 C:\xampp\htdocs\fcm4\vendor\codeigniter4\framework\system\Common.php(1097): CodeIgniter\View\View->render('admin/home', Array, true)
#5 C:\xampp\htdocs\fcm4\app\Controllers\Admin\Home.php(23): view('admin/home')
#6 C:\xampp\htdocs\fcm4\vendor\codeigniter4\framework\system\CodeIgniter.php(824): App\Controllers\admin\Home->index()
#7 C:\xampp\htdocs\fcm4\vendor\codeigniter4\framework\system\CodeIgniter.php(410): CodeIgniter\CodeIgniter->runController(Object(App\Controllers\admin\Home))
#8 C:\xampp\htdocs\fcm4\vendor\codeigniter4\framework\system\CodeIgniter.php(318): CodeIgniter\CodeIgniter->handleRequest(NULL, Object(Config\Cache), false)
#9 C:\xampp\htdocs\fcm4\public\index.php(37): CodeIgniter\CodeIgniter->run()
#10 C:\xampp\htdocs\fcm4\vendor\codeigniter4\framework\system\Commands\Server\rewrite.php(43): require_once('C:\\xampp\\htdocs...')
#11 {main}
CRITICAL - 2021-12-24 18:44:10 --> Undefined variable: title
#0 C:\xampp\htdocs\fcm4\app\Views\admin\templates\index.php(6): CodeIgniter\Debug\Exceptions->errorHandler(8, 'Undefined varia...', 'C:\\xampp\\htdocs...', 6, Array)
#1 C:\xampp\htdocs\fcm4\vendor\codeigniter4\framework\system\View\View.php(214): include('C:\\xampp\\htdocs...')
#2 C:\xampp\htdocs\fcm4\vendor\codeigniter4\framework\system\View\View.php(217): CodeIgniter\View\View->CodeIgniter\View\{closure}()
#3 C:\xampp\htdocs\fcm4\vendor\codeigniter4\framework\system\View\View.php(230): CodeIgniter\View\View->render('admin/templates...', Array, true)
#4 C:\xampp\htdocs\fcm4\vendor\codeigniter4\framework\system\Common.php(1097): CodeIgniter\View\View->render('admin/home', Array, true)
#5 C:\xampp\htdocs\fcm4\app\Controllers\Admin\Home.php(23): view('admin/home')
#6 C:\xampp\htdocs\fcm4\vendor\codeigniter4\framework\system\CodeIgniter.php(824): App\Controllers\admin\Home->index()
#7 C:\xampp\htdocs\fcm4\vendor\codeigniter4\framework\system\CodeIgniter.php(410): CodeIgniter\CodeIgniter->runController(Object(App\Controllers\admin\Home))
#8 C:\xampp\htdocs\fcm4\vendor\codeigniter4\framework\system\CodeIgniter.php(318): CodeIgniter\CodeIgniter->handleRequest(NULL, Object(Config\Cache), false)
#9 C:\xampp\htdocs\fcm4\public\index.php(37): CodeIgniter\CodeIgniter->run()
#10 C:\xampp\htdocs\fcm4\vendor\codeigniter4\framework\system\Commands\Server\rewrite.php(43): require_once('C:\\xampp\\htdocs...')
#11 {main}
CRITICAL - 2021-12-24 18:44:16 --> Call to undefined function in_groups()
#0 C:\xampp\htdocs\fcm4\vendor\codeigniter4\framework\system\View\View.php(214): include()
#1 C:\xampp\htdocs\fcm4\vendor\codeigniter4\framework\system\View\View.php(217): CodeIgniter\View\View->CodeIgniter\View\{closure}()
#2 C:\xampp\htdocs\fcm4\vendor\codeigniter4\framework\system\View\View.php(432): CodeIgniter\View\View->render('admin/templates...', NULL, true)
#3 C:\xampp\htdocs\fcm4\app\Views\admin\templates\index.php(20): CodeIgniter\View\View->include('admin/templates...')
#4 C:\xampp\htdocs\fcm4\vendor\codeigniter4\framework\system\View\View.php(214): include('C:\\xampp\\htdocs...')
#5 C:\xampp\htdocs\fcm4\vendor\codeigniter4\framework\system\View\View.php(217): CodeIgniter\View\View->CodeIgniter\View\{closure}()
#6 C:\xampp\htdocs\fcm4\vendor\codeigniter4\framework\system\View\View.php(230): CodeIgniter\View\View->render('admin/templates...', Array, true)
#7 C:\xampp\htdocs\fcm4\vendor\codeigniter4\framework\system\Common.php(1097): CodeIgniter\View\View->render('admin/home', Array, true)
#8 C:\xampp\htdocs\fcm4\app\Controllers\Admin\Home.php(23): view('admin/home', Array)
#9 C:\xampp\htdocs\fcm4\vendor\codeigniter4\framework\system\CodeIgniter.php(824): App\Controllers\admin\Home->index()
#10 C:\xampp\htdocs\fcm4\vendor\codeigniter4\framework\system\CodeIgniter.php(410): CodeIgniter\CodeIgniter->runController(Object(App\Controllers\admin\Home))
#11 C:\xampp\htdocs\fcm4\vendor\codeigniter4\framework\system\CodeIgniter.php(318): CodeIgniter\CodeIgniter->handleRequest(NULL, Object(Config\Cache), false)
#12 C:\xampp\htdocs\fcm4\public\index.php(37): CodeIgniter\CodeIgniter->run()
#13 C:\xampp\htdocs\fcm4\vendor\codeigniter4\framework\system\Commands\Server\rewrite.php(43): require_once('C:\\xampp\\htdocs...')
#14 {main}
CRITICAL - 2021-12-24 18:48:36 --> Call to undefined function in_groups()
#0 C:\xampp\htdocs\fcm4\vendor\codeigniter4\framework\system\View\View.php(214): include()
#1 C:\xampp\htdocs\fcm4\vendor\codeigniter4\framework\system\View\View.php(217): CodeIgniter\View\View->CodeIgniter\View\{closure}()
#2 C:\xampp\htdocs\fcm4\vendor\codeigniter4\framework\system\View\View.php(432): CodeIgniter\View\View->render('admin/templates...', NULL, true)
#3 C:\xampp\htdocs\fcm4\app\Views\admin\templates\index.php(20): CodeIgniter\View\View->include('admin/templates...')
#4 C:\xampp\htdocs\fcm4\vendor\codeigniter4\framework\system\View\View.php(214): include('C:\\xampp\\htdocs...')
#5 C:\xampp\htdocs\fcm4\vendor\codeigniter4\framework\system\View\View.php(217): CodeIgniter\View\View->CodeIgniter\View\{closure}()
#6 C:\xampp\htdocs\fcm4\vendor\codeigniter4\framework\system\View\View.php(230): CodeIgniter\View\View->render('admin/templates...', Array, true)
#7 C:\xampp\htdocs\fcm4\vendor\codeigniter4\framework\system\Common.php(1097): CodeIgniter\View\View->render('admin/home', Array, true)
#8 C:\xampp\htdocs\fcm4\app\Controllers\Admin\Home.php(23): view('admin/home', Array)
#9 C:\xampp\htdocs\fcm4\vendor\codeigniter4\framework\system\CodeIgniter.php(824): App\Controllers\admin\Home->index()
#10 C:\xampp\htdocs\fcm4\vendor\codeigniter4\framework\system\CodeIgniter.php(410): CodeIgniter\CodeIgniter->runController(Object(App\Controllers\admin\Home))
#11 C:\xampp\htdocs\fcm4\vendor\codeigniter4\framework\system\CodeIgniter.php(318): CodeIgniter\CodeIgniter->handleRequest(NULL, Object(Config\Cache), false)
#12 C:\xampp\htdocs\fcm4\public\index.php(37): CodeIgniter\CodeIgniter->run()
#13 C:\xampp\htdocs\fcm4\vendor\codeigniter4\framework\system\Commands\Server\rewrite.php(43): require_once('C:\\xampp\\htdocs...')
#14 {main}
CRITICAL - 2021-12-24 18:48:37 --> Call to undefined function in_groups()
#0 C:\xampp\htdocs\fcm4\vendor\codeigniter4\framework\system\View\View.php(214): include()
#1 C:\xampp\htdocs\fcm4\vendor\codeigniter4\framework\system\View\View.php(217): CodeIgniter\View\View->CodeIgniter\View\{closure}()
#2 C:\xampp\htdocs\fcm4\vendor\codeigniter4\framework\system\View\View.php(432): CodeIgniter\View\View->render('admin/templates...', NULL, true)
#3 C:\xampp\htdocs\fcm4\app\Views\admin\templates\index.php(20): CodeIgniter\View\View->include('admin/templates...')
#4 C:\xampp\htdocs\fcm4\vendor\codeigniter4\framework\system\View\View.php(214): include('C:\\xampp\\htdocs...')
#5 C:\xampp\htdocs\fcm4\vendor\codeigniter4\framework\system\View\View.php(217): CodeIgniter\View\View->CodeIgniter\View\{closure}()
#6 C:\xampp\htdocs\fcm4\vendor\codeigniter4\framework\system\View\View.php(230): CodeIgniter\View\View->render('admin/templates...', Array, true)
#7 C:\xampp\htdocs\fcm4\vendor\codeigniter4\framework\system\Common.php(1097): CodeIgniter\View\View->render('admin/home', Array, true)
#8 C:\xampp\htdocs\fcm4\app\Controllers\Admin\Home.php(23): view('admin/home', Array)
#9 C:\xampp\htdocs\fcm4\vendor\codeigniter4\framework\system\CodeIgniter.php(824): App\Controllers\admin\Home->index()
#10 C:\xampp\htdocs\fcm4\vendor\codeigniter4\framework\system\CodeIgniter.php(410): CodeIgniter\CodeIgniter->runController(Object(App\Controllers\admin\Home))
#11 C:\xampp\htdocs\fcm4\vendor\codeigniter4\framework\system\CodeIgniter.php(318): CodeIgniter\CodeIgniter->handleRequest(NULL, Object(Config\Cache), false)
#12 C:\xampp\htdocs\fcm4\public\index.php(37): CodeIgniter\CodeIgniter->run()
#13 C:\xampp\htdocs\fcm4\vendor\codeigniter4\framework\system\Commands\Server\rewrite.php(43): require_once('C:\\xampp\\htdocs...')
#14 {main}
CRITICAL - 2021-12-24 18:55:33 --> Use of undefined constant APP_NAMESPACE_FIRST - assumed 'APP_NAMESPACE_FIRST' (this will throw an Error in a future version of PHP)
#0 C:\xampp\htdocs\fcm4\vendor\myth\auth\src\Views\login.php(8): CodeIgniter\Debug\Exceptions->errorHandler(2, 'Use of undefine...', 'C:\\xampp\\htdocs...', 8, Array)
#1 C:\xampp\htdocs\fcm4\vendor\codeigniter4\framework\system\View\View.php(214): include('C:\\xampp\\htdocs...')
#2 C:\xampp\htdocs\fcm4\vendor\codeigniter4\framework\system\View\View.php(217): CodeIgniter\View\View->CodeIgniter\View\{closure}()
#3 C:\xampp\htdocs\fcm4\vendor\codeigniter4\framework\system\Common.php(1097): CodeIgniter\View\View->render('Myth\\Auth\\Views...', Array, true)
#4 C:\xampp\htdocs\fcm4\vendor\myth\auth\src\Controllers\AuthController.php(429): view('Myth\\Auth\\Views...', Array)
#5 C:\xampp\htdocs\fcm4\vendor\myth\auth\src\Controllers\AuthController.php(57): Myth\Auth\Controllers\AuthController->_render('Myth\\Auth\\Views...', Array)
#6 C:\xampp\htdocs\fcm4\vendor\codeigniter4\framework\system\CodeIgniter.php(824): Myth\Auth\Controllers\AuthController->login()
#7 C:\xampp\htdocs\fcm4\vendor\codeigniter4\framework\system\CodeIgniter.php(410): CodeIgniter\CodeIgniter->runController(Object(Myth\Auth\Controllers\AuthController))
#8 C:\xampp\htdocs\fcm4\vendor\codeigniter4\framework\system\CodeIgniter.php(318): CodeIgniter\CodeIgniter->handleRequest(NULL, Object(Config\Cache), false)
#9 C:\xampp\htdocs\fcm4\public\index.php(37): CodeIgniter\CodeIgniter->run()
#10 C:\xampp\htdocs\fcm4\vendor\codeigniter4\framework\system\Commands\Server\rewrite.php(43): require_once('C:\\xampp\\htdocs...')
#11 {main}
CRITICAL - 2021-12-24 18:55:34 --> Use of undefined constant APP_NAMESPACE_FIRST - assumed 'APP_NAMESPACE_FIRST' (this will throw an Error in a future version of PHP)
#0 C:\xampp\htdocs\fcm4\vendor\myth\auth\src\Views\login.php(8): CodeIgniter\Debug\Exceptions->errorHandler(2, 'Use of undefine...', 'C:\\xampp\\htdocs...', 8, Array)
#1 C:\xampp\htdocs\fcm4\vendor\codeigniter4\framework\system\View\View.php(214): include('C:\\xampp\\htdocs...')
#2 C:\xampp\htdocs\fcm4\vendor\codeigniter4\framework\system\View\View.php(217): CodeIgniter\View\View->CodeIgniter\View\{closure}()
#3 C:\xampp\htdocs\fcm4\vendor\codeigniter4\framework\system\Common.php(1097): CodeIgniter\View\View->render('Myth\\Auth\\Views...', Array, true)
#4 C:\xampp\htdocs\fcm4\vendor\myth\auth\src\Controllers\AuthController.php(429): view('Myth\\Auth\\Views...', Array)
#5 C:\xampp\htdocs\fcm4\vendor\myth\auth\src\Controllers\AuthController.php(57): Myth\Auth\Controllers\AuthController->_render('Myth\\Auth\\Views...', Array)
#6 C:\xampp\htdocs\fcm4\vendor\codeigniter4\framework\system\CodeIgniter.php(824): Myth\Auth\Controllers\AuthController->login()
#7 C:\xampp\htdocs\fcm4\vendor\codeigniter4\framework\system\CodeIgniter.php(410): CodeIgniter\CodeIgniter->runController(Object(Myth\Auth\Controllers\AuthController))
#8 C:\xampp\htdocs\fcm4\vendor\codeigniter4\framework\system\CodeIgniter.php(318): CodeIgniter\CodeIgniter->handleRequest(NULL, Object(Config\Cache), false)
#9 C:\xampp\htdocs\fcm4\public\index.php(37): CodeIgniter\CodeIgniter->run()
#10 C:\xampp\htdocs\fcm4\vendor\codeigniter4\framework\system\Commands\Server\rewrite.php(43): require_once('C:\\xampp\\htdocs...')
#11 {main}
CRITICAL - 2021-12-24 18:55:55 --> Invalid file: Myth\Auth\Views\layout.php
#0 C:\xampp\htdocs\fcm4\vendor\codeigniter4\framework\system\View\View.php(198): CodeIgniter\Exceptions\FrameworkException::forInvalidFile('Myth\\Auth\\Views...')
#1 C:\xampp\htdocs\fcm4\vendor\codeigniter4\framework\system\View\View.php(230): CodeIgniter\View\View->render('Myth\\Auth\\Views...', Array, true)
#2 C:\xampp\htdocs\fcm4\vendor\codeigniter4\framework\system\Common.php(1097): CodeIgniter\View\View->render('Myth\\Auth\\Views...', Array, true)
#3 C:\xampp\htdocs\fcm4\vendor\myth\auth\src\Controllers\AuthController.php(429): view('Myth\\Auth\\Views...', Array)
#4 C:\xampp\htdocs\fcm4\vendor\myth\auth\src\Controllers\AuthController.php(57): Myth\Auth\Controllers\AuthController->_render('Myth\\Auth\\Views...', Array)
#5 C:\xampp\htdocs\fcm4\vendor\codeigniter4\framework\system\CodeIgniter.php(824): Myth\Auth\Controllers\AuthController->login()
#6 C:\xampp\htdocs\fcm4\vendor\codeigniter4\framework\system\CodeIgniter.php(410): CodeIgniter\CodeIgniter->runController(Object(Myth\Auth\Controllers\AuthController))
#7 C:\xampp\htdocs\fcm4\vendor\codeigniter4\framework\system\CodeIgniter.php(318): CodeIgniter\CodeIgniter->handleRequest(NULL, Object(Config\Cache), false)
#8 C:\xampp\htdocs\fcm4\public\index.php(37): CodeIgniter\CodeIgniter->run()
#9 C:\xampp\htdocs\fcm4\vendor\codeigniter4\framework\system\Commands\Server\rewrite.php(43): require_once('C:\\xampp\\htdocs...')
#10 {main}
CRITICAL - 2021-12-24 18:55:56 --> Invalid file: Myth\Auth\Views\layout.php
#0 C:\xampp\htdocs\fcm4\vendor\codeigniter4\framework\system\View\View.php(198): CodeIgniter\Exceptions\FrameworkException::forInvalidFile('Myth\\Auth\\Views...')
#1 C:\xampp\htdocs\fcm4\vendor\codeigniter4\framework\system\View\View.php(230): CodeIgniter\View\View->render('Myth\\Auth\\Views...', Array, true)
#2 C:\xampp\htdocs\fcm4\vendor\codeigniter4\framework\system\Common.php(1097): CodeIgniter\View\View->render('Myth\\Auth\\Views...', Array, true)
#3 C:\xampp\htdocs\fcm4\vendor\myth\auth\src\Controllers\AuthController.php(429): view('Myth\\Auth\\Views...', Array)
#4 C:\xampp\htdocs\fcm4\vendor\myth\auth\src\Controllers\AuthController.php(57): Myth\Auth\Controllers\AuthController->_render('Myth\\Auth\\Views...', Array)
#5 C:\xampp\htdocs\fcm4\vendor\codeigniter4\framework\system\CodeIgniter.php(824): Myth\Auth\Controllers\AuthController->login()
#6 C:\xampp\htdocs\fcm4\vendor\codeigniter4\framework\system\CodeIgniter.php(410): CodeIgniter\CodeIgniter->runController(Object(Myth\Auth\Controllers\AuthController))
#7 C:\xampp\htdocs\fcm4\vendor\codeigniter4\framework\system\CodeIgniter.php(318): CodeIgniter\CodeIgniter->handleRequest(NULL, Object(Config\Cache), false)
#8 C:\xampp\htdocs\fcm4\public\index.php(37): CodeIgniter\CodeIgniter->run()
#9 C:\xampp\htdocs\fcm4\vendor\codeigniter4\framework\system\Commands\Server\rewrite.php(43): require_once('C:\\xampp\\htdocs...')
#10 {main}
CRITICAL - 2021-12-24 18:58:36 --> Invalid file: Myth\Auth\Views\register.php
#0 C:\xampp\htdocs\fcm4\vendor\codeigniter4\framework\system\View\View.php(198): CodeIgniter\Exceptions\FrameworkException::forInvalidFile('Myth\\Auth\\Views...')
#1 C:\xampp\htdocs\fcm4\vendor\codeigniter4\framework\system\Common.php(1097): CodeIgniter\View\View->render('Myth\\Auth\\Views...', Array, true)
#2 C:\xampp\htdocs\fcm4\vendor\myth\auth\src\Controllers\AuthController.php(429): view('Myth\\Auth\\Views...', Array)
#3 C:\xampp\htdocs\fcm4\vendor\myth\auth\src\Controllers\AuthController.php(139): Myth\Auth\Controllers\AuthController->_render('Myth\\Auth\\Views...', Array)
#4 C:\xampp\htdocs\fcm4\vendor\codeigniter4\framework\system\CodeIgniter.php(824): Myth\Auth\Controllers\AuthController->register()
#5 C:\xampp\htdocs\fcm4\vendor\codeigniter4\framework\system\CodeIgniter.php(410): CodeIgniter\CodeIgniter->runController(Object(Myth\Auth\Controllers\AuthController))
#6 C:\xampp\htdocs\fcm4\vendor\codeigniter4\framework\system\CodeIgniter.php(318): CodeIgniter\CodeIgniter->handleRequest(NULL, Object(Config\Cache), false)
#7 C:\xampp\htdocs\fcm4\public\index.php(37): CodeIgniter\CodeIgniter->run()
#8 C:\xampp\htdocs\fcm4\vendor\codeigniter4\framework\system\Commands\Server\rewrite.php(43): require_once('C:\\xampp\\htdocs...')
#9 {main}
