CRITICAL - 2022-01-23 16:39:06 --> syntax error, unexpected end of file
#0 C:\xampp\htdocs\fcm4\vendor\codeigniter4\framework\system\View\View.php(217): CodeIgniter\View\View->CodeIgniter\View\{closure}()
#1 C:\xampp\htdocs\fcm4\vendor\codeigniter4\framework\system\Common.php(1097): CodeIgniter\View\View->render('home', Array, true)
#2 C:\xampp\htdocs\fcm4\app\Controllers\Home.php(18): view('home')
#3 C:\xampp\htdocs\fcm4\vendor\codeigniter4\framework\system\CodeIgniter.php(824): App\Controllers\Home->index()
#4 C:\xampp\htdocs\fcm4\vendor\codeigniter4\framework\system\CodeIgniter.php(410): CodeIgniter\CodeIgniter->runController(Object(App\Controllers\Home))
#5 C:\xampp\htdocs\fcm4\vendor\codeigniter4\framework\system\CodeIgniter.php(318): CodeIgniter\CodeIgniter->handleRequest(NULL, Object(Config\Cache), false)
#6 C:\xampp\htdocs\fcm4\public\index.php(37): CodeIgniter\CodeIgniter->run()
#7 C:\xampp\htdocs\fcm4\vendor\codeigniter4\framework\system\Commands\Server\rewrite.php(43): require_once('C:\\xampp\\htdocs...')
#8 {main}
CRITICAL - 2022-01-23 16:39:18 --> Undefined variable: query
#0 C:\xampp\htdocs\fcm4\app\Views\home.php(126): CodeIgniter\Debug\Exceptions->errorHandler(8, 'Undefined varia...', 'C:\\xampp\\htdocs...', 126, Array)
#1 C:\xampp\htdocs\fcm4\vendor\codeigniter4\framework\system\View\View.php(214): include('C:\\xampp\\htdocs...')
#2 C:\xampp\htdocs\fcm4\vendor\codeigniter4\framework\system\View\View.php(217): CodeIgniter\View\View->CodeIgniter\View\{closure}()
#3 C:\xampp\htdocs\fcm4\vendor\codeigniter4\framework\system\Common.php(1097): CodeIgniter\View\View->render('home', Array, true)
#4 C:\xampp\htdocs\fcm4\app\Controllers\Home.php(18): view('home')
#5 C:\xampp\htdocs\fcm4\vendor\codeigniter4\framework\system\CodeIgniter.php(824): App\Controllers\Home->index()
#6 C:\xampp\htdocs\fcm4\vendor\codeigniter4\framework\system\CodeIgniter.php(410): CodeIgniter\CodeIgniter->runController(Object(App\Controllers\Home))
#7 C:\xampp\htdocs\fcm4\vendor\codeigniter4\framework\system\CodeIgniter.php(318): CodeIgniter\CodeIgniter->handleRequest(NULL, Object(Config\Cache), false)
#8 C:\xampp\htdocs\fcm4\public\index.php(37): CodeIgniter\CodeIgniter->run()
#9 C:\xampp\htdocs\fcm4\vendor\codeigniter4\framework\system\Commands\Server\rewrite.php(43): require_once('C:\\xampp\\htdocs...')
#10 {main}
CRITICAL - 2022-01-23 16:39:50 --> Argument 2 passed to view() must be of the type array, object given, called in C:\xampp\htdocs\fcm4\app\Controllers\Home.php on line 18
#0 C:\xampp\htdocs\fcm4\app\Controllers\Home.php(18): view('home', Object(CodeIgniter\Database\MySQLi\Result))
#1 C:\xampp\htdocs\fcm4\vendor\codeigniter4\framework\system\CodeIgniter.php(824): App\Controllers\Home->index()
#2 C:\xampp\htdocs\fcm4\vendor\codeigniter4\framework\system\CodeIgniter.php(410): CodeIgniter\CodeIgniter->runController(Object(App\Controllers\Home))
#3 C:\xampp\htdocs\fcm4\vendor\codeigniter4\framework\system\CodeIgniter.php(318): CodeIgniter\CodeIgniter->handleRequest(NULL, Object(Config\Cache), false)
#4 C:\xampp\htdocs\fcm4\public\index.php(37): CodeIgniter\CodeIgniter->run()
#5 C:\xampp\htdocs\fcm4\vendor\codeigniter4\framework\system\Commands\Server\rewrite.php(43): require_once('C:\\xampp\\htdocs...')
#6 {main}
CRITICAL - 2022-01-23 16:40:01 --> Argument 2 passed to view() must be of the type array, object given, called in C:\xampp\htdocs\fcm4\app\Controllers\Home.php on line 18
#0 C:\xampp\htdocs\fcm4\app\Controllers\Home.php(18): view('home', Object(CodeIgniter\Database\MySQLi\Result))
#1 C:\xampp\htdocs\fcm4\vendor\codeigniter4\framework\system\CodeIgniter.php(824): App\Controllers\Home->index()
#2 C:\xampp\htdocs\fcm4\vendor\codeigniter4\framework\system\CodeIgniter.php(410): CodeIgniter\CodeIgniter->runController(Object(App\Controllers\Home))
#3 C:\xampp\htdocs\fcm4\vendor\codeigniter4\framework\system\CodeIgniter.php(318): CodeIgniter\CodeIgniter->handleRequest(NULL, Object(Config\Cache), false)
#4 C:\xampp\htdocs\fcm4\public\index.php(37): CodeIgniter\CodeIgniter->run()
#5 C:\xampp\htdocs\fcm4\vendor\codeigniter4\framework\system\Commands\Server\rewrite.php(43): require_once('C:\\xampp\\htdocs...')
#6 {main}
CRITICAL - 2022-01-23 16:41:53 --> Undefined variable: query
#0 C:\xampp\htdocs\fcm4\app\Views\home.php(126): CodeIgniter\Debug\Exceptions->errorHandler(8, 'Undefined varia...', 'C:\\xampp\\htdocs...', 126, Array)
#1 C:\xampp\htdocs\fcm4\vendor\codeigniter4\framework\system\View\View.php(214): include('C:\\xampp\\htdocs...')
#2 C:\xampp\htdocs\fcm4\vendor\codeigniter4\framework\system\View\View.php(217): CodeIgniter\View\View->CodeIgniter\View\{closure}()
#3 C:\xampp\htdocs\fcm4\vendor\codeigniter4\framework\system\Common.php(1097): CodeIgniter\View\View->render('home', Array, true)
#4 C:\xampp\htdocs\fcm4\app\Controllers\Home.php(21): view('home')
#5 C:\xampp\htdocs\fcm4\vendor\codeigniter4\framework\system\CodeIgniter.php(824): App\Controllers\Home->index()
#6 C:\xampp\htdocs\fcm4\vendor\codeigniter4\framework\system\CodeIgniter.php(410): CodeIgniter\CodeIgniter->runController(Object(App\Controllers\Home))
#7 C:\xampp\htdocs\fcm4\vendor\codeigniter4\framework\system\CodeIgniter.php(318): CodeIgniter\CodeIgniter->handleRequest(NULL, Object(Config\Cache), false)
#8 C:\xampp\htdocs\fcm4\public\index.php(37): CodeIgniter\CodeIgniter->run()
#9 C:\xampp\htdocs\fcm4\vendor\codeigniter4\framework\system\Commands\Server\rewrite.php(43): require_once('C:\\xampp\\htdocs...')
#10 {main}
CRITICAL - 2022-01-23 16:44:33 --> Call to undefined method CodeIgniter\Database\MySQLi\Result::get()
#0 C:\xampp\htdocs\fcm4\vendor\codeigniter4\framework\system\CodeIgniter.php(824): App\Controllers\Home->index()
#1 C:\xampp\htdocs\fcm4\vendor\codeigniter4\framework\system\CodeIgniter.php(410): CodeIgniter\CodeIgniter->runController(Object(App\Controllers\Home))
#2 C:\xampp\htdocs\fcm4\vendor\codeigniter4\framework\system\CodeIgniter.php(318): CodeIgniter\CodeIgniter->handleRequest(NULL, Object(Config\Cache), false)
#3 C:\xampp\htdocs\fcm4\public\index.php(37): CodeIgniter\CodeIgniter->run()
#4 C:\xampp\htdocs\fcm4\vendor\codeigniter4\framework\system\Commands\Server\rewrite.php(43): require_once('C:\\xampp\\htdocs...')
#5 {main}
CRITICAL - 2022-01-23 16:44:33 --> Call to undefined method CodeIgniter\Database\MySQLi\Result::get()
#0 C:\xampp\htdocs\fcm4\vendor\codeigniter4\framework\system\CodeIgniter.php(824): App\Controllers\Home->index()
#1 C:\xampp\htdocs\fcm4\vendor\codeigniter4\framework\system\CodeIgniter.php(410): CodeIgniter\CodeIgniter->runController(Object(App\Controllers\Home))
#2 C:\xampp\htdocs\fcm4\vendor\codeigniter4\framework\system\CodeIgniter.php(318): CodeIgniter\CodeIgniter->handleRequest(NULL, Object(Config\Cache), false)
#3 C:\xampp\htdocs\fcm4\public\index.php(37): CodeIgniter\CodeIgniter->run()
#4 C:\xampp\htdocs\fcm4\vendor\codeigniter4\framework\system\Commands\Server\rewrite.php(43): require_once('C:\\xampp\\htdocs...')
#5 {main}
CRITICAL - 2022-01-23 16:45:17 --> Undefined property: App\Controllers\Home::$query
#0 C:\xampp\htdocs\fcm4\app\Controllers\Home.php(20): CodeIgniter\Debug\Exceptions->errorHandler(8, 'Undefined prope...', 'C:\\xampp\\htdocs...', 20, Array)
#1 C:\xampp\htdocs\fcm4\vendor\codeigniter4\framework\system\CodeIgniter.php(824): App\Controllers\Home->index()
#2 C:\xampp\htdocs\fcm4\vendor\codeigniter4\framework\system\CodeIgniter.php(410): CodeIgniter\CodeIgniter->runController(Object(App\Controllers\Home))
#3 C:\xampp\htdocs\fcm4\vendor\codeigniter4\framework\system\CodeIgniter.php(318): CodeIgniter\CodeIgniter->handleRequest(NULL, Object(Config\Cache), false)
#4 C:\xampp\htdocs\fcm4\public\index.php(37): CodeIgniter\CodeIgniter->run()
#5 C:\xampp\htdocs\fcm4\vendor\codeigniter4\framework\system\Commands\Server\rewrite.php(43): require_once('C:\\xampp\\htdocs...')
#6 {main}
CRITICAL - 2022-01-23 16:46:19 --> Object of class CodeIgniter\Database\MySQLi\Result could not be converted to string
#0 C:\xampp\htdocs\fcm4\vendor\codeigniter4\framework\system\CodeIgniter.php(824): App\Controllers\Home->index()
#1 C:\xampp\htdocs\fcm4\vendor\codeigniter4\framework\system\CodeIgniter.php(410): CodeIgniter\CodeIgniter->runController(Object(App\Controllers\Home))
#2 C:\xampp\htdocs\fcm4\vendor\codeigniter4\framework\system\CodeIgniter.php(318): CodeIgniter\CodeIgniter->handleRequest(NULL, Object(Config\Cache), false)
#3 C:\xampp\htdocs\fcm4\public\index.php(37): CodeIgniter\CodeIgniter->run()
#4 C:\xampp\htdocs\fcm4\vendor\codeigniter4\framework\system\Commands\Server\rewrite.php(43): require_once('C:\\xampp\\htdocs...')
#5 {main}
CRITICAL - 2022-01-23 16:46:20 --> Object of class CodeIgniter\Database\MySQLi\Result could not be converted to string
#0 C:\xampp\htdocs\fcm4\vendor\codeigniter4\framework\system\CodeIgniter.php(824): App\Controllers\Home->index()
#1 C:\xampp\htdocs\fcm4\vendor\codeigniter4\framework\system\CodeIgniter.php(410): CodeIgniter\CodeIgniter->runController(Object(App\Controllers\Home))
#2 C:\xampp\htdocs\fcm4\vendor\codeigniter4\framework\system\CodeIgniter.php(318): CodeIgniter\CodeIgniter->handleRequest(NULL, Object(Config\Cache), false)
#3 C:\xampp\htdocs\fcm4\public\index.php(37): CodeIgniter\CodeIgniter->run()
#4 C:\xampp\htdocs\fcm4\vendor\codeigniter4\framework\system\Commands\Server\rewrite.php(43): require_once('C:\\xampp\\htdocs...')
#5 {main}
CRITICAL - 2022-01-23 16:46:34 --> Undefined variable: blog
#0 C:\xampp\htdocs\fcm4\app\Views\home.php(126): CodeIgniter\Debug\Exceptions->errorHandler(8, 'Undefined varia...', 'C:\\xampp\\htdocs...', 126, Array)
#1 C:\xampp\htdocs\fcm4\vendor\codeigniter4\framework\system\View\View.php(214): include('C:\\xampp\\htdocs...')
#2 C:\xampp\htdocs\fcm4\vendor\codeigniter4\framework\system\View\View.php(217): CodeIgniter\View\View->CodeIgniter\View\{closure}()
#3 C:\xampp\htdocs\fcm4\vendor\codeigniter4\framework\system\Common.php(1097): CodeIgniter\View\View->render('home', Array, true)
#4 C:\xampp\htdocs\fcm4\app\Controllers\Home.php(28): view('home')
#5 C:\xampp\htdocs\fcm4\vendor\codeigniter4\framework\system\CodeIgniter.php(824): App\Controllers\Home->index()
#6 C:\xampp\htdocs\fcm4\vendor\codeigniter4\framework\system\CodeIgniter.php(410): CodeIgniter\CodeIgniter->runController(Object(App\Controllers\Home))
#7 C:\xampp\htdocs\fcm4\vendor\codeigniter4\framework\system\CodeIgniter.php(318): CodeIgniter\CodeIgniter->handleRequest(NULL, Object(Config\Cache), false)
#8 C:\xampp\htdocs\fcm4\public\index.php(37): CodeIgniter\CodeIgniter->run()
#9 C:\xampp\htdocs\fcm4\vendor\codeigniter4\framework\system\Commands\Server\rewrite.php(43): require_once('C:\\xampp\\htdocs...')
#10 {main}
CRITICAL - 2022-01-23 16:49:20 --> Cannot use object of type mysqli as array
#0 C:\xampp\htdocs\fcm4\vendor\codeigniter4\framework\system\View\View.php(214): include()
#1 C:\xampp\htdocs\fcm4\vendor\codeigniter4\framework\system\View\View.php(217): CodeIgniter\View\View->CodeIgniter\View\{closure}()
#2 C:\xampp\htdocs\fcm4\vendor\codeigniter4\framework\system\Common.php(1097): CodeIgniter\View\View->render('home', Array, true)
#3 C:\xampp\htdocs\fcm4\app\Controllers\Home.php(19): view('home', Array)
#4 C:\xampp\htdocs\fcm4\vendor\codeigniter4\framework\system\CodeIgniter.php(824): App\Controllers\Home->index()
#5 C:\xampp\htdocs\fcm4\vendor\codeigniter4\framework\system\CodeIgniter.php(410): CodeIgniter\CodeIgniter->runController(Object(App\Controllers\Home))
#6 C:\xampp\htdocs\fcm4\vendor\codeigniter4\framework\system\CodeIgniter.php(318): CodeIgniter\CodeIgniter->handleRequest(NULL, Object(Config\Cache), false)
#7 C:\xampp\htdocs\fcm4\public\index.php(37): CodeIgniter\CodeIgniter->run()
#8 C:\xampp\htdocs\fcm4\vendor\codeigniter4\framework\system\Commands\Server\rewrite.php(43): require_once('C:\\xampp\\htdocs...')
#9 {main}
CRITICAL - 2022-01-23 16:49:30 --> Cannot use object of type mysqli as array
#0 C:\xampp\htdocs\fcm4\vendor\codeigniter4\framework\system\View\View.php(214): include()
#1 C:\xampp\htdocs\fcm4\vendor\codeigniter4\framework\system\View\View.php(217): CodeIgniter\View\View->CodeIgniter\View\{closure}()
#2 C:\xampp\htdocs\fcm4\vendor\codeigniter4\framework\system\Common.php(1097): CodeIgniter\View\View->render('home', Array, true)
#3 C:\xampp\htdocs\fcm4\app\Controllers\Home.php(19): view('home', Array)
#4 C:\xampp\htdocs\fcm4\vendor\codeigniter4\framework\system\CodeIgniter.php(824): App\Controllers\Home->index()
#5 C:\xampp\htdocs\fcm4\vendor\codeigniter4\framework\system\CodeIgniter.php(410): CodeIgniter\CodeIgniter->runController(Object(App\Controllers\Home))
#6 C:\xampp\htdocs\fcm4\vendor\codeigniter4\framework\system\CodeIgniter.php(318): CodeIgniter\CodeIgniter->handleRequest(NULL, Object(Config\Cache), false)
#7 C:\xampp\htdocs\fcm4\public\index.php(37): CodeIgniter\CodeIgniter->run()
#8 C:\xampp\htdocs\fcm4\vendor\codeigniter4\framework\system\Commands\Server\rewrite.php(43): require_once('C:\\xampp\\htdocs...')
#9 {main}
CRITICAL - 2022-01-23 16:49:33 --> Cannot use object of type mysqli as array
#0 C:\xampp\htdocs\fcm4\vendor\codeigniter4\framework\system\View\View.php(214): include()
#1 C:\xampp\htdocs\fcm4\vendor\codeigniter4\framework\system\View\View.php(217): CodeIgniter\View\View->CodeIgniter\View\{closure}()
#2 C:\xampp\htdocs\fcm4\vendor\codeigniter4\framework\system\Common.php(1097): CodeIgniter\View\View->render('home', Array, true)
#3 C:\xampp\htdocs\fcm4\app\Controllers\Home.php(19): view('home', Array)
#4 C:\xampp\htdocs\fcm4\vendor\codeigniter4\framework\system\CodeIgniter.php(824): App\Controllers\Home->index()
#5 C:\xampp\htdocs\fcm4\vendor\codeigniter4\framework\system\CodeIgniter.php(410): CodeIgniter\CodeIgniter->runController(Object(App\Controllers\Home))
#6 C:\xampp\htdocs\fcm4\vendor\codeigniter4\framework\system\CodeIgniter.php(318): CodeIgniter\CodeIgniter->handleRequest(NULL, Object(Config\Cache), false)
#7 C:\xampp\htdocs\fcm4\public\index.php(37): CodeIgniter\CodeIgniter->run()
#8 C:\xampp\htdocs\fcm4\vendor\codeigniter4\framework\system\Commands\Server\rewrite.php(43): require_once('C:\\xampp\\htdocs...')
#9 {main}
CRITICAL - 2022-01-23 16:49:56 --> Cannot use object of type mysqli as array
#0 C:\xampp\htdocs\fcm4\vendor\codeigniter4\framework\system\View\View.php(214): include()
#1 C:\xampp\htdocs\fcm4\vendor\codeigniter4\framework\system\View\View.php(217): CodeIgniter\View\View->CodeIgniter\View\{closure}()
#2 C:\xampp\htdocs\fcm4\vendor\codeigniter4\framework\system\Common.php(1097): CodeIgniter\View\View->render('home', Array, true)
#3 C:\xampp\htdocs\fcm4\app\Controllers\Home.php(19): view('home', Array)
#4 C:\xampp\htdocs\fcm4\vendor\codeigniter4\framework\system\CodeIgniter.php(824): App\Controllers\Home->index()
#5 C:\xampp\htdocs\fcm4\vendor\codeigniter4\framework\system\CodeIgniter.php(410): CodeIgniter\CodeIgniter->runController(Object(App\Controllers\Home))
#6 C:\xampp\htdocs\fcm4\vendor\codeigniter4\framework\system\CodeIgniter.php(318): CodeIgniter\CodeIgniter->handleRequest(NULL, Object(Config\Cache), false)
#7 C:\xampp\htdocs\fcm4\public\index.php(37): CodeIgniter\CodeIgniter->run()
#8 C:\xampp\htdocs\fcm4\vendor\codeigniter4\framework\system\Commands\Server\rewrite.php(43): require_once('C:\\xampp\\htdocs...')
#9 {main}
CRITICAL - 2022-01-23 16:51:02 --> Argument 2 passed to view() must be of the type array, object given, called in C:\xampp\htdocs\fcm4\app\Controllers\Home.php on line 17
#0 C:\xampp\htdocs\fcm4\app\Controllers\Home.php(17): view('home', Object(CodeIgniter\Database\MySQLi\Result))
#1 C:\xampp\htdocs\fcm4\vendor\codeigniter4\framework\system\CodeIgniter.php(824): App\Controllers\Home->index()
#2 C:\xampp\htdocs\fcm4\vendor\codeigniter4\framework\system\CodeIgniter.php(410): CodeIgniter\CodeIgniter->runController(Object(App\Controllers\Home))
#3 C:\xampp\htdocs\fcm4\vendor\codeigniter4\framework\system\CodeIgniter.php(318): CodeIgniter\CodeIgniter->handleRequest(NULL, Object(Config\Cache), false)
#4 C:\xampp\htdocs\fcm4\public\index.php(37): CodeIgniter\CodeIgniter->run()
#5 C:\xampp\htdocs\fcm4\vendor\codeigniter4\framework\system\Commands\Server\rewrite.php(43): require_once('C:\\xampp\\htdocs...')
#6 {main}
CRITICAL - 2022-01-23 16:51:09 --> Argument 2 passed to view() must be of the type array, object given, called in C:\xampp\htdocs\fcm4\app\Controllers\Home.php on line 17
#0 C:\xampp\htdocs\fcm4\app\Controllers\Home.php(17): view('home', Object(CodeIgniter\Database\MySQLi\Result))
#1 C:\xampp\htdocs\fcm4\vendor\codeigniter4\framework\system\CodeIgniter.php(824): App\Controllers\Home->index()
#2 C:\xampp\htdocs\fcm4\vendor\codeigniter4\framework\system\CodeIgniter.php(410): CodeIgniter\CodeIgniter->runController(Object(App\Controllers\Home))
#3 C:\xampp\htdocs\fcm4\vendor\codeigniter4\framework\system\CodeIgniter.php(318): CodeIgniter\CodeIgniter->handleRequest(NULL, Object(Config\Cache), false)
#4 C:\xampp\htdocs\fcm4\public\index.php(37): CodeIgniter\CodeIgniter->run()
#5 C:\xampp\htdocs\fcm4\vendor\codeigniter4\framework\system\Commands\Server\rewrite.php(43): require_once('C:\\xampp\\htdocs...')
#6 {main}
CRITICAL - 2022-01-23 16:56:41 --> A non well formed numeric value encountered
#0 [internal function]: CodeIgniter\Debug\Exceptions->errorHandler(8, 'A non well form...', 'C:\\xampp\\htdocs...', 130, Array)
#1 C:\xampp\htdocs\fcm4\app\Views\home.php(130): date('d M Y', '2022-01-23')
#2 C:\xampp\htdocs\fcm4\vendor\codeigniter4\framework\system\View\View.php(214): include('C:\\xampp\\htdocs...')
#3 C:\xampp\htdocs\fcm4\vendor\codeigniter4\framework\system\View\View.php(217): CodeIgniter\View\View->CodeIgniter\View\{closure}()
#4 C:\xampp\htdocs\fcm4\vendor\codeigniter4\framework\system\Common.php(1097): CodeIgniter\View\View->render('home', Array, true)
#5 C:\xampp\htdocs\fcm4\app\Controllers\Home.php(21): view('home', Array)
#6 C:\xampp\htdocs\fcm4\vendor\codeigniter4\framework\system\CodeIgniter.php(824): App\Controllers\Home->index()
#7 C:\xampp\htdocs\fcm4\vendor\codeigniter4\framework\system\CodeIgniter.php(410): CodeIgniter\CodeIgniter->runController(Object(App\Controllers\Home))
#8 C:\xampp\htdocs\fcm4\vendor\codeigniter4\framework\system\CodeIgniter.php(318): CodeIgniter\CodeIgniter->handleRequest(NULL, Object(Config\Cache), false)
#9 C:\xampp\htdocs\fcm4\public\index.php(37): CodeIgniter\CodeIgniter->run()
#10 C:\xampp\htdocs\fcm4\vendor\codeigniter4\framework\system\Commands\Server\rewrite.php(43): require_once('C:\\xampp\\htdocs...')
#11 {main}
CRITICAL - 2022-01-23 17:11:01 --> date() expects parameter 2 to be int, string given
#0 [internal function]: CodeIgniter\Debug\Exceptions->errorHandler(2, 'date() expects ...', 'C:\\xampp\\htdocs...', 130, Array)
#1 C:\xampp\htdocs\fcm4\app\Views\home.php(130): date('2022-01-23', 'd M Y')
#2 C:\xampp\htdocs\fcm4\vendor\codeigniter4\framework\system\View\View.php(214): include('C:\\xampp\\htdocs...')
#3 C:\xampp\htdocs\fcm4\vendor\codeigniter4\framework\system\View\View.php(217): CodeIgniter\View\View->CodeIgniter\View\{closure}()
#4 C:\xampp\htdocs\fcm4\vendor\codeigniter4\framework\system\Common.php(1097): CodeIgniter\View\View->render('home', Array, true)
#5 C:\xampp\htdocs\fcm4\app\Controllers\Home.php(21): view('home', Array)
#6 C:\xampp\htdocs\fcm4\vendor\codeigniter4\framework\system\CodeIgniter.php(824): App\Controllers\Home->index()
#7 C:\xampp\htdocs\fcm4\vendor\codeigniter4\framework\system\CodeIgniter.php(410): CodeIgniter\CodeIgniter->runController(Object(App\Controllers\Home))
#8 C:\xampp\htdocs\fcm4\vendor\codeigniter4\framework\system\CodeIgniter.php(318): CodeIgniter\CodeIgniter->handleRequest(NULL, Object(Config\Cache), false)
#9 C:\xampp\htdocs\fcm4\public\index.php(37): CodeIgniter\CodeIgniter->run()
#10 C:\xampp\htdocs\fcm4\vendor\codeigniter4\framework\system\Commands\Server\rewrite.php(43): require_once('C:\\xampp\\htdocs...')
#11 {main}
CRITICAL - 2022-01-23 17:15:18 --> A non well formed numeric value encountered
#0 [internal function]: CodeIgniter\Debug\Exceptions->errorHandler(8, 'A non well form...', 'C:\\xampp\\htdocs...', 130, Array)
#1 C:\xampp\htdocs\fcm4\app\Views\home.php(130): date('d F Y', '2022-01-23')
#2 C:\xampp\htdocs\fcm4\vendor\codeigniter4\framework\system\View\View.php(214): include('C:\\xampp\\htdocs...')
#3 C:\xampp\htdocs\fcm4\vendor\codeigniter4\framework\system\View\View.php(217): CodeIgniter\View\View->CodeIgniter\View\{closure}()
#4 C:\xampp\htdocs\fcm4\vendor\codeigniter4\framework\system\Common.php(1097): CodeIgniter\View\View->render('home', Array, true)
#5 C:\xampp\htdocs\fcm4\app\Controllers\Home.php(21): view('home', Array)
#6 C:\xampp\htdocs\fcm4\vendor\codeigniter4\framework\system\CodeIgniter.php(824): App\Controllers\Home->index()
#7 C:\xampp\htdocs\fcm4\vendor\codeigniter4\framework\system\CodeIgniter.php(410): CodeIgniter\CodeIgniter->runController(Object(App\Controllers\Home))
#8 C:\xampp\htdocs\fcm4\vendor\codeigniter4\framework\system\CodeIgniter.php(318): CodeIgniter\CodeIgniter->handleRequest(NULL, Object(Config\Cache), false)
#9 C:\xampp\htdocs\fcm4\public\index.php(37): CodeIgniter\CodeIgniter->run()
#10 C:\xampp\htdocs\fcm4\vendor\codeigniter4\framework\system\Commands\Server\rewrite.php(43): require_once('C:\\xampp\\htdocs...')
#11 {main}
CRITICAL - 2022-01-23 17:15:33 --> A non well formed numeric value encountered
#0 [internal function]: CodeIgniter\Debug\Exceptions->errorHandler(8, 'A non well form...', 'C:\\xampp\\htdocs...', 130, Array)
#1 C:\xampp\htdocs\fcm4\app\Views\home.php(130): date('d m Y', '2022-01-23')
#2 C:\xampp\htdocs\fcm4\vendor\codeigniter4\framework\system\View\View.php(214): include('C:\\xampp\\htdocs...')
#3 C:\xampp\htdocs\fcm4\vendor\codeigniter4\framework\system\View\View.php(217): CodeIgniter\View\View->CodeIgniter\View\{closure}()
#4 C:\xampp\htdocs\fcm4\vendor\codeigniter4\framework\system\Common.php(1097): CodeIgniter\View\View->render('home', Array, true)
#5 C:\xampp\htdocs\fcm4\app\Controllers\Home.php(21): view('home', Array)
#6 C:\xampp\htdocs\fcm4\vendor\codeigniter4\framework\system\CodeIgniter.php(824): App\Controllers\Home->index()
#7 C:\xampp\htdocs\fcm4\vendor\codeigniter4\framework\system\CodeIgniter.php(410): CodeIgniter\CodeIgniter->runController(Object(App\Controllers\Home))
#8 C:\xampp\htdocs\fcm4\vendor\codeigniter4\framework\system\CodeIgniter.php(318): CodeIgniter\CodeIgniter->handleRequest(NULL, Object(Config\Cache), false)
#9 C:\xampp\htdocs\fcm4\public\index.php(37): CodeIgniter\CodeIgniter->run()
#10 C:\xampp\htdocs\fcm4\vendor\codeigniter4\framework\system\Commands\Server\rewrite.php(43): require_once('C:\\xampp\\htdocs...')
#11 {main}
CRITICAL - 2022-01-23 17:15:34 --> A non well formed numeric value encountered
#0 [internal function]: CodeIgniter\Debug\Exceptions->errorHandler(8, 'A non well form...', 'C:\\xampp\\htdocs...', 130, Array)
#1 C:\xampp\htdocs\fcm4\app\Views\home.php(130): date('d m Y', '2022-01-23')
#2 C:\xampp\htdocs\fcm4\vendor\codeigniter4\framework\system\View\View.php(214): include('C:\\xampp\\htdocs...')
#3 C:\xampp\htdocs\fcm4\vendor\codeigniter4\framework\system\View\View.php(217): CodeIgniter\View\View->CodeIgniter\View\{closure}()
#4 C:\xampp\htdocs\fcm4\vendor\codeigniter4\framework\system\Common.php(1097): CodeIgniter\View\View->render('home', Array, true)
#5 C:\xampp\htdocs\fcm4\app\Controllers\Home.php(21): view('home', Array)
#6 C:\xampp\htdocs\fcm4\vendor\codeigniter4\framework\system\CodeIgniter.php(824): App\Controllers\Home->index()
#7 C:\xampp\htdocs\fcm4\vendor\codeigniter4\framework\system\CodeIgniter.php(410): CodeIgniter\CodeIgniter->runController(Object(App\Controllers\Home))
#8 C:\xampp\htdocs\fcm4\vendor\codeigniter4\framework\system\CodeIgniter.php(318): CodeIgniter\CodeIgniter->handleRequest(NULL, Object(Config\Cache), false)
#9 C:\xampp\htdocs\fcm4\public\index.php(37): CodeIgniter\CodeIgniter->run()
#10 C:\xampp\htdocs\fcm4\vendor\codeigniter4\framework\system\Commands\Server\rewrite.php(43): require_once('C:\\xampp\\htdocs...')
#11 {main}
CRITICAL - 2022-01-23 17:17:17 --> Undefined index: created_at
#0 C:\xampp\htdocs\fcm4\app\Views\blog.php(71): CodeIgniter\Debug\Exceptions->errorHandler(8, 'Undefined index...', 'C:\\xampp\\htdocs...', 71, Array)
#1 C:\xampp\htdocs\fcm4\vendor\codeigniter4\framework\system\View\View.php(214): include('C:\\xampp\\htdocs...')
#2 C:\xampp\htdocs\fcm4\vendor\codeigniter4\framework\system\View\View.php(217): CodeIgniter\View\View->CodeIgniter\View\{closure}()
#3 C:\xampp\htdocs\fcm4\vendor\codeigniter4\framework\system\Common.php(1097): CodeIgniter\View\View->render('blog', Array, true)
#4 C:\xampp\htdocs\fcm4\app\Controllers\Blog.php(32): view('blog', Array)
#5 C:\xampp\htdocs\fcm4\vendor\codeigniter4\framework\system\CodeIgniter.php(824): App\Controllers\Blog->index()
#6 C:\xampp\htdocs\fcm4\vendor\codeigniter4\framework\system\CodeIgniter.php(410): CodeIgniter\CodeIgniter->runController(Object(App\Controllers\Blog))
#7 C:\xampp\htdocs\fcm4\vendor\codeigniter4\framework\system\CodeIgniter.php(318): CodeIgniter\CodeIgniter->handleRequest(NULL, Object(Config\Cache), false)
#8 C:\xampp\htdocs\fcm4\public\index.php(37): CodeIgniter\CodeIgniter->run()
#9 C:\xampp\htdocs\fcm4\vendor\codeigniter4\framework\system\Commands\Server\rewrite.php(43): require_once('C:\\xampp\\htdocs...')
#10 {main}
