CRITICAL - 2022-01-20 12:38:06 --> Undefined index: title_blog
#0 C:\xampp\htdocs\fcm4\app\Views\admin\blog\edit.php(30): CodeIgniter\Debug\Exceptions->errorHandler(8, 'Undefined index...', 'C:\\xampp\\htdocs...', 30, Array)
#1 C:\xampp\htdocs\fcm4\vendor\codeigniter4\framework\system\View\View.php(214): include('C:\\xampp\\htdocs...')
#2 C:\xampp\htdocs\fcm4\vendor\codeigniter4\framework\system\View\View.php(217): CodeIgniter\View\View->CodeIgniter\View\{closure}()
#3 C:\xampp\htdocs\fcm4\vendor\codeigniter4\framework\system\Common.php(1097): CodeIgniter\View\View->render('admin/blog/edit', Array, true)
#4 C:\xampp\htdocs\fcm4\app\Controllers\Admin\Blog.php(114): view('admin/blog/edit', Array)
#5 C:\xampp\htdocs\fcm4\vendor\codeigniter4\framework\system\CodeIgniter.php(824): App\Controllers\admin\Blog->edit('6')
#6 C:\xampp\htdocs\fcm4\vendor\codeigniter4\framework\system\CodeIgniter.php(410): CodeIgniter\CodeIgniter->runController(Object(App\Controllers\admin\Blog))
#7 C:\xampp\htdocs\fcm4\vendor\codeigniter4\framework\system\CodeIgniter.php(318): CodeIgniter\CodeIgniter->handleRequest(NULL, Object(Config\Cache), false)
#8 C:\xampp\htdocs\fcm4\public\index.php(37): CodeIgniter\CodeIgniter->run()
#9 C:\xampp\htdocs\fcm4\vendor\codeigniter4\framework\system\Commands\Server\rewrite.php(43): require_once('C:\\xampp\\htdocs...')
#10 {main}
CRITICAL - 2022-01-20 12:39:08 --> Undefined index: title_blog
#0 C:\xampp\htdocs\fcm4\app\Views\admin\blog\edit.php(30): CodeIgniter\Debug\Exceptions->errorHandler(8, 'Undefined index...', 'C:\\xampp\\htdocs...', 30, Array)
#1 C:\xampp\htdocs\fcm4\vendor\codeigniter4\framework\system\View\View.php(214): include('C:\\xampp\\htdocs...')
#2 C:\xampp\htdocs\fcm4\vendor\codeigniter4\framework\system\View\View.php(217): CodeIgniter\View\View->CodeIgniter\View\{closure}()
#3 C:\xampp\htdocs\fcm4\vendor\codeigniter4\framework\system\Common.php(1097): CodeIgniter\View\View->render('admin/blog/edit', Array, true)
#4 C:\xampp\htdocs\fcm4\app\Controllers\Admin\Blog.php(114): view('admin/blog/edit', Array)
#5 C:\xampp\htdocs\fcm4\vendor\codeigniter4\framework\system\CodeIgniter.php(824): App\Controllers\admin\Blog->edit('6')
#6 C:\xampp\htdocs\fcm4\vendor\codeigniter4\framework\system\CodeIgniter.php(410): CodeIgniter\CodeIgniter->runController(Object(App\Controllers\admin\Blog))
#7 C:\xampp\htdocs\fcm4\vendor\codeigniter4\framework\system\CodeIgniter.php(318): CodeIgniter\CodeIgniter->handleRequest(NULL, Object(Config\Cache), false)
#8 C:\xampp\htdocs\fcm4\public\index.php(37): CodeIgniter\CodeIgniter->run()
#9 C:\xampp\htdocs\fcm4\vendor\codeigniter4\framework\system\Commands\Server\rewrite.php(43): require_once('C:\\xampp\\htdocs...')
#10 {main}
CRITICAL - 2022-01-20 12:40:20 --> Trying to get property 'title_blog' of non-object
#0 C:\xampp\htdocs\fcm4\app\Views\admin\blog\edit.php(30): CodeIgniter\Debug\Exceptions->errorHandler(8, 'Trying to get p...', 'C:\\xampp\\htdocs...', 30, Array)
#1 C:\xampp\htdocs\fcm4\vendor\codeigniter4\framework\system\View\View.php(214): include('C:\\xampp\\htdocs...')
#2 C:\xampp\htdocs\fcm4\vendor\codeigniter4\framework\system\View\View.php(217): CodeIgniter\View\View->CodeIgniter\View\{closure}()
#3 C:\xampp\htdocs\fcm4\vendor\codeigniter4\framework\system\Common.php(1097): CodeIgniter\View\View->render('admin/blog/edit', Array, true)
#4 C:\xampp\htdocs\fcm4\app\Controllers\Admin\Blog.php(114): view('admin/blog/edit', Array)
#5 C:\xampp\htdocs\fcm4\vendor\codeigniter4\framework\system\CodeIgniter.php(824): App\Controllers\admin\Blog->edit('6')
#6 C:\xampp\htdocs\fcm4\vendor\codeigniter4\framework\system\CodeIgniter.php(410): CodeIgniter\CodeIgniter->runController(Object(App\Controllers\admin\Blog))
#7 C:\xampp\htdocs\fcm4\vendor\codeigniter4\framework\system\CodeIgniter.php(318): CodeIgniter\CodeIgniter->handleRequest(NULL, Object(Config\Cache), false)
#8 C:\xampp\htdocs\fcm4\public\index.php(37): CodeIgniter\CodeIgniter->run()
#9 C:\xampp\htdocs\fcm4\vendor\codeigniter4\framework\system\Commands\Server\rewrite.php(43): require_once('C:\\xampp\\htdocs...')
#10 {main}
CRITICAL - 2022-01-20 12:40:21 --> Trying to get property 'title_blog' of non-object
#0 C:\xampp\htdocs\fcm4\app\Views\admin\blog\edit.php(30): CodeIgniter\Debug\Exceptions->errorHandler(8, 'Trying to get p...', 'C:\\xampp\\htdocs...', 30, Array)
#1 C:\xampp\htdocs\fcm4\vendor\codeigniter4\framework\system\View\View.php(214): include('C:\\xampp\\htdocs...')
#2 C:\xampp\htdocs\fcm4\vendor\codeigniter4\framework\system\View\View.php(217): CodeIgniter\View\View->CodeIgniter\View\{closure}()
#3 C:\xampp\htdocs\fcm4\vendor\codeigniter4\framework\system\Common.php(1097): CodeIgniter\View\View->render('admin/blog/edit', Array, true)
#4 C:\xampp\htdocs\fcm4\app\Controllers\Admin\Blog.php(114): view('admin/blog/edit', Array)
#5 C:\xampp\htdocs\fcm4\vendor\codeigniter4\framework\system\CodeIgniter.php(824): App\Controllers\admin\Blog->edit('6')
#6 C:\xampp\htdocs\fcm4\vendor\codeigniter4\framework\system\CodeIgniter.php(410): CodeIgniter\CodeIgniter->runController(Object(App\Controllers\admin\Blog))
#7 C:\xampp\htdocs\fcm4\vendor\codeigniter4\framework\system\CodeIgniter.php(318): CodeIgniter\CodeIgniter->handleRequest(NULL, Object(Config\Cache), false)
#8 C:\xampp\htdocs\fcm4\public\index.php(37): CodeIgniter\CodeIgniter->run()
#9 C:\xampp\htdocs\fcm4\vendor\codeigniter4\framework\system\Commands\Server\rewrite.php(43): require_once('C:\\xampp\\htdocs...')
#10 {main}
CRITICAL - 2022-01-20 12:41:31 --> Trying to get property 'title_blog' of non-object
#0 C:\xampp\htdocs\fcm4\app\Views\admin\blog\edit.php(30): CodeIgniter\Debug\Exceptions->errorHandler(8, 'Trying to get p...', 'C:\\xampp\\htdocs...', 30, Array)
#1 C:\xampp\htdocs\fcm4\vendor\codeigniter4\framework\system\View\View.php(214): include('C:\\xampp\\htdocs...')
#2 C:\xampp\htdocs\fcm4\vendor\codeigniter4\framework\system\View\View.php(217): CodeIgniter\View\View->CodeIgniter\View\{closure}()
#3 C:\xampp\htdocs\fcm4\vendor\codeigniter4\framework\system\Common.php(1097): CodeIgniter\View\View->render('admin/blog/edit', Array, true)
#4 C:\xampp\htdocs\fcm4\app\Controllers\Admin\Blog.php(114): view('admin/blog/edit', Array)
#5 C:\xampp\htdocs\fcm4\vendor\codeigniter4\framework\system\CodeIgniter.php(824): App\Controllers\admin\Blog->edit('6')
#6 C:\xampp\htdocs\fcm4\vendor\codeigniter4\framework\system\CodeIgniter.php(410): CodeIgniter\CodeIgniter->runController(Object(App\Controllers\admin\Blog))
#7 C:\xampp\htdocs\fcm4\vendor\codeigniter4\framework\system\CodeIgniter.php(318): CodeIgniter\CodeIgniter->handleRequest(NULL, Object(Config\Cache), false)
#8 C:\xampp\htdocs\fcm4\public\index.php(37): CodeIgniter\CodeIgniter->run()
#9 C:\xampp\htdocs\fcm4\vendor\codeigniter4\framework\system\Commands\Server\rewrite.php(43): require_once('C:\\xampp\\htdocs...')
#10 {main}
CRITICAL - 2022-01-20 12:41:32 --> Trying to get property 'title_blog' of non-object
#0 C:\xampp\htdocs\fcm4\app\Views\admin\blog\edit.php(30): CodeIgniter\Debug\Exceptions->errorHandler(8, 'Trying to get p...', 'C:\\xampp\\htdocs...', 30, Array)
#1 C:\xampp\htdocs\fcm4\vendor\codeigniter4\framework\system\View\View.php(214): include('C:\\xampp\\htdocs...')
#2 C:\xampp\htdocs\fcm4\vendor\codeigniter4\framework\system\View\View.php(217): CodeIgniter\View\View->CodeIgniter\View\{closure}()
#3 C:\xampp\htdocs\fcm4\vendor\codeigniter4\framework\system\Common.php(1097): CodeIgniter\View\View->render('admin/blog/edit', Array, true)
#4 C:\xampp\htdocs\fcm4\app\Controllers\Admin\Blog.php(114): view('admin/blog/edit', Array)
#5 C:\xampp\htdocs\fcm4\vendor\codeigniter4\framework\system\CodeIgniter.php(824): App\Controllers\admin\Blog->edit('6')
#6 C:\xampp\htdocs\fcm4\vendor\codeigniter4\framework\system\CodeIgniter.php(410): CodeIgniter\CodeIgniter->runController(Object(App\Controllers\admin\Blog))
#7 C:\xampp\htdocs\fcm4\vendor\codeigniter4\framework\system\CodeIgniter.php(318): CodeIgniter\CodeIgniter->handleRequest(NULL, Object(Config\Cache), false)
#8 C:\xampp\htdocs\fcm4\public\index.php(37): CodeIgniter\CodeIgniter->run()
#9 C:\xampp\htdocs\fcm4\vendor\codeigniter4\framework\system\Commands\Server\rewrite.php(43): require_once('C:\\xampp\\htdocs...')
#10 {main}
CRITICAL - 2022-01-20 12:41:36 --> Trying to get property 'title_blog' of non-object
#0 C:\xampp\htdocs\fcm4\app\Views\admin\blog\edit.php(30): CodeIgniter\Debug\Exceptions->errorHandler(8, 'Trying to get p...', 'C:\\xampp\\htdocs...', 30, Array)
#1 C:\xampp\htdocs\fcm4\vendor\codeigniter4\framework\system\View\View.php(214): include('C:\\xampp\\htdocs...')
#2 C:\xampp\htdocs\fcm4\vendor\codeigniter4\framework\system\View\View.php(217): CodeIgniter\View\View->CodeIgniter\View\{closure}()
#3 C:\xampp\htdocs\fcm4\vendor\codeigniter4\framework\system\Common.php(1097): CodeIgniter\View\View->render('admin/blog/edit', Array, true)
#4 C:\xampp\htdocs\fcm4\app\Controllers\Admin\Blog.php(114): view('admin/blog/edit', Array)
#5 C:\xampp\htdocs\fcm4\vendor\codeigniter4\framework\system\CodeIgniter.php(824): App\Controllers\admin\Blog->edit('6')
#6 C:\xampp\htdocs\fcm4\vendor\codeigniter4\framework\system\CodeIgniter.php(410): CodeIgniter\CodeIgniter->runController(Object(App\Controllers\admin\Blog))
#7 C:\xampp\htdocs\fcm4\vendor\codeigniter4\framework\system\CodeIgniter.php(318): CodeIgniter\CodeIgniter->handleRequest(NULL, Object(Config\Cache), false)
#8 C:\xampp\htdocs\fcm4\public\index.php(37): CodeIgniter\CodeIgniter->run()
#9 C:\xampp\htdocs\fcm4\vendor\codeigniter4\framework\system\Commands\Server\rewrite.php(43): require_once('C:\\xampp\\htdocs...')
#10 {main}
CRITICAL - 2022-01-20 12:42:12 --> Trying to get property 'title_blog' of non-object
#0 C:\xampp\htdocs\fcm4\app\Views\admin\blog\edit.php(30): CodeIgniter\Debug\Exceptions->errorHandler(8, 'Trying to get p...', 'C:\\xampp\\htdocs...', 30, Array)
#1 C:\xampp\htdocs\fcm4\vendor\codeigniter4\framework\system\View\View.php(214): include('C:\\xampp\\htdocs...')
#2 C:\xampp\htdocs\fcm4\vendor\codeigniter4\framework\system\View\View.php(217): CodeIgniter\View\View->CodeIgniter\View\{closure}()
#3 C:\xampp\htdocs\fcm4\vendor\codeigniter4\framework\system\Common.php(1097): CodeIgniter\View\View->render('admin/blog/edit', Array, true)
#4 C:\xampp\htdocs\fcm4\app\Controllers\Admin\Blog.php(114): view('admin/blog/edit', Array)
#5 C:\xampp\htdocs\fcm4\vendor\codeigniter4\framework\system\CodeIgniter.php(824): App\Controllers\admin\Blog->edit('6')
#6 C:\xampp\htdocs\fcm4\vendor\codeigniter4\framework\system\CodeIgniter.php(410): CodeIgniter\CodeIgniter->runController(Object(App\Controllers\admin\Blog))
#7 C:\xampp\htdocs\fcm4\vendor\codeigniter4\framework\system\CodeIgniter.php(318): CodeIgniter\CodeIgniter->handleRequest(NULL, Object(Config\Cache), false)
#8 C:\xampp\htdocs\fcm4\public\index.php(37): CodeIgniter\CodeIgniter->run()
#9 C:\xampp\htdocs\fcm4\vendor\codeigniter4\framework\system\Commands\Server\rewrite.php(43): require_once('C:\\xampp\\htdocs...')
#10 {main}
CRITICAL - 2022-01-20 12:42:13 --> Trying to get property 'title_blog' of non-object
#0 C:\xampp\htdocs\fcm4\app\Views\admin\blog\edit.php(30): CodeIgniter\Debug\Exceptions->errorHandler(8, 'Trying to get p...', 'C:\\xampp\\htdocs...', 30, Array)
#1 C:\xampp\htdocs\fcm4\vendor\codeigniter4\framework\system\View\View.php(214): include('C:\\xampp\\htdocs...')
#2 C:\xampp\htdocs\fcm4\vendor\codeigniter4\framework\system\View\View.php(217): CodeIgniter\View\View->CodeIgniter\View\{closure}()
#3 C:\xampp\htdocs\fcm4\vendor\codeigniter4\framework\system\Common.php(1097): CodeIgniter\View\View->render('admin/blog/edit', Array, true)
#4 C:\xampp\htdocs\fcm4\app\Controllers\Admin\Blog.php(114): view('admin/blog/edit', Array)
#5 C:\xampp\htdocs\fcm4\vendor\codeigniter4\framework\system\CodeIgniter.php(824): App\Controllers\admin\Blog->edit('6')
#6 C:\xampp\htdocs\fcm4\vendor\codeigniter4\framework\system\CodeIgniter.php(410): CodeIgniter\CodeIgniter->runController(Object(App\Controllers\admin\Blog))
#7 C:\xampp\htdocs\fcm4\vendor\codeigniter4\framework\system\CodeIgniter.php(318): CodeIgniter\CodeIgniter->handleRequest(NULL, Object(Config\Cache), false)
#8 C:\xampp\htdocs\fcm4\public\index.php(37): CodeIgniter\CodeIgniter->run()
#9 C:\xampp\htdocs\fcm4\vendor\codeigniter4\framework\system\Commands\Server\rewrite.php(43): require_once('C:\\xampp\\htdocs...')
#10 {main}
CRITICAL - 2022-01-20 12:42:13 --> Trying to get property 'title_blog' of non-object
#0 C:\xampp\htdocs\fcm4\app\Views\admin\blog\edit.php(30): CodeIgniter\Debug\Exceptions->errorHandler(8, 'Trying to get p...', 'C:\\xampp\\htdocs...', 30, Array)
#1 C:\xampp\htdocs\fcm4\vendor\codeigniter4\framework\system\View\View.php(214): include('C:\\xampp\\htdocs...')
#2 C:\xampp\htdocs\fcm4\vendor\codeigniter4\framework\system\View\View.php(217): CodeIgniter\View\View->CodeIgniter\View\{closure}()
#3 C:\xampp\htdocs\fcm4\vendor\codeigniter4\framework\system\Common.php(1097): CodeIgniter\View\View->render('admin/blog/edit', Array, true)
#4 C:\xampp\htdocs\fcm4\app\Controllers\Admin\Blog.php(114): view('admin/blog/edit', Array)
#5 C:\xampp\htdocs\fcm4\vendor\codeigniter4\framework\system\CodeIgniter.php(824): App\Controllers\admin\Blog->edit('6')
#6 C:\xampp\htdocs\fcm4\vendor\codeigniter4\framework\system\CodeIgniter.php(410): CodeIgniter\CodeIgniter->runController(Object(App\Controllers\admin\Blog))
#7 C:\xampp\htdocs\fcm4\vendor\codeigniter4\framework\system\CodeIgniter.php(318): CodeIgniter\CodeIgniter->handleRequest(NULL, Object(Config\Cache), false)
#8 C:\xampp\htdocs\fcm4\public\index.php(37): CodeIgniter\CodeIgniter->run()
#9 C:\xampp\htdocs\fcm4\vendor\codeigniter4\framework\system\Commands\Server\rewrite.php(43): require_once('C:\\xampp\\htdocs...')
#10 {main}
CRITICAL - 2022-01-20 12:42:46 --> Trying to get property 'title_blog' of non-object
#0 C:\xampp\htdocs\fcm4\app\Views\admin\blog\edit.php(30): CodeIgniter\Debug\Exceptions->errorHandler(8, 'Trying to get p...', 'C:\\xampp\\htdocs...', 30, Array)
#1 C:\xampp\htdocs\fcm4\vendor\codeigniter4\framework\system\View\View.php(214): include('C:\\xampp\\htdocs...')
#2 C:\xampp\htdocs\fcm4\vendor\codeigniter4\framework\system\View\View.php(217): CodeIgniter\View\View->CodeIgniter\View\{closure}()
#3 C:\xampp\htdocs\fcm4\vendor\codeigniter4\framework\system\Common.php(1097): CodeIgniter\View\View->render('admin/blog/edit', Array, true)
#4 C:\xampp\htdocs\fcm4\app\Controllers\Admin\Blog.php(114): view('admin/blog/edit', Array)
#5 C:\xampp\htdocs\fcm4\vendor\codeigniter4\framework\system\CodeIgniter.php(824): App\Controllers\admin\Blog->edit('6')
#6 C:\xampp\htdocs\fcm4\vendor\codeigniter4\framework\system\CodeIgniter.php(410): CodeIgniter\CodeIgniter->runController(Object(App\Controllers\admin\Blog))
#7 C:\xampp\htdocs\fcm4\vendor\codeigniter4\framework\system\CodeIgniter.php(318): CodeIgniter\CodeIgniter->handleRequest(NULL, Object(Config\Cache), false)
#8 C:\xampp\htdocs\fcm4\public\index.php(37): CodeIgniter\CodeIgniter->run()
#9 C:\xampp\htdocs\fcm4\vendor\codeigniter4\framework\system\Commands\Server\rewrite.php(43): require_once('C:\\xampp\\htdocs...')
#10 {main}
CRITICAL - 2022-01-20 12:42:47 --> Trying to get property 'title_blog' of non-object
#0 C:\xampp\htdocs\fcm4\app\Views\admin\blog\edit.php(30): CodeIgniter\Debug\Exceptions->errorHandler(8, 'Trying to get p...', 'C:\\xampp\\htdocs...', 30, Array)
#1 C:\xampp\htdocs\fcm4\vendor\codeigniter4\framework\system\View\View.php(214): include('C:\\xampp\\htdocs...')
#2 C:\xampp\htdocs\fcm4\vendor\codeigniter4\framework\system\View\View.php(217): CodeIgniter\View\View->CodeIgniter\View\{closure}()
#3 C:\xampp\htdocs\fcm4\vendor\codeigniter4\framework\system\Common.php(1097): CodeIgniter\View\View->render('admin/blog/edit', Array, true)
#4 C:\xampp\htdocs\fcm4\app\Controllers\Admin\Blog.php(114): view('admin/blog/edit', Array)
#5 C:\xampp\htdocs\fcm4\vendor\codeigniter4\framework\system\CodeIgniter.php(824): App\Controllers\admin\Blog->edit('6')
#6 C:\xampp\htdocs\fcm4\vendor\codeigniter4\framework\system\CodeIgniter.php(410): CodeIgniter\CodeIgniter->runController(Object(App\Controllers\admin\Blog))
#7 C:\xampp\htdocs\fcm4\vendor\codeigniter4\framework\system\CodeIgniter.php(318): CodeIgniter\CodeIgniter->handleRequest(NULL, Object(Config\Cache), false)
#8 C:\xampp\htdocs\fcm4\public\index.php(37): CodeIgniter\CodeIgniter->run()
#9 C:\xampp\htdocs\fcm4\vendor\codeigniter4\framework\system\Commands\Server\rewrite.php(43): require_once('C:\\xampp\\htdocs...')
#10 {main}
CRITICAL - 2022-01-20 12:43:10 --> Trying to get property 'title_blog' of non-object
#0 C:\xampp\htdocs\fcm4\app\Views\admin\blog\edit.php(30): CodeIgniter\Debug\Exceptions->errorHandler(8, 'Trying to get p...', 'C:\\xampp\\htdocs...', 30, Array)
#1 C:\xampp\htdocs\fcm4\vendor\codeigniter4\framework\system\View\View.php(214): include('C:\\xampp\\htdocs...')
#2 C:\xampp\htdocs\fcm4\vendor\codeigniter4\framework\system\View\View.php(217): CodeIgniter\View\View->CodeIgniter\View\{closure}()
#3 C:\xampp\htdocs\fcm4\vendor\codeigniter4\framework\system\Common.php(1097): CodeIgniter\View\View->render('admin/blog/edit', Array, true)
#4 C:\xampp\htdocs\fcm4\app\Controllers\Admin\Blog.php(114): view('admin/blog/edit', Array)
#5 C:\xampp\htdocs\fcm4\vendor\codeigniter4\framework\system\CodeIgniter.php(824): App\Controllers\admin\Blog->edit('6')
#6 C:\xampp\htdocs\fcm4\vendor\codeigniter4\framework\system\CodeIgniter.php(410): CodeIgniter\CodeIgniter->runController(Object(App\Controllers\admin\Blog))
#7 C:\xampp\htdocs\fcm4\vendor\codeigniter4\framework\system\CodeIgniter.php(318): CodeIgniter\CodeIgniter->handleRequest(NULL, Object(Config\Cache), false)
#8 C:\xampp\htdocs\fcm4\public\index.php(37): CodeIgniter\CodeIgniter->run()
#9 C:\xampp\htdocs\fcm4\vendor\codeigniter4\framework\system\Commands\Server\rewrite.php(43): require_once('C:\\xampp\\htdocs...')
#10 {main}
CRITICAL - 2022-01-20 12:43:11 --> Trying to get property 'title_blog' of non-object
#0 C:\xampp\htdocs\fcm4\app\Views\admin\blog\edit.php(30): CodeIgniter\Debug\Exceptions->errorHandler(8, 'Trying to get p...', 'C:\\xampp\\htdocs...', 30, Array)
#1 C:\xampp\htdocs\fcm4\vendor\codeigniter4\framework\system\View\View.php(214): include('C:\\xampp\\htdocs...')
#2 C:\xampp\htdocs\fcm4\vendor\codeigniter4\framework\system\View\View.php(217): CodeIgniter\View\View->CodeIgniter\View\{closure}()
#3 C:\xampp\htdocs\fcm4\vendor\codeigniter4\framework\system\Common.php(1097): CodeIgniter\View\View->render('admin/blog/edit', Array, true)
#4 C:\xampp\htdocs\fcm4\app\Controllers\Admin\Blog.php(114): view('admin/blog/edit', Array)
#5 C:\xampp\htdocs\fcm4\vendor\codeigniter4\framework\system\CodeIgniter.php(824): App\Controllers\admin\Blog->edit('6')
#6 C:\xampp\htdocs\fcm4\vendor\codeigniter4\framework\system\CodeIgniter.php(410): CodeIgniter\CodeIgniter->runController(Object(App\Controllers\admin\Blog))
#7 C:\xampp\htdocs\fcm4\vendor\codeigniter4\framework\system\CodeIgniter.php(318): CodeIgniter\CodeIgniter->handleRequest(NULL, Object(Config\Cache), false)
#8 C:\xampp\htdocs\fcm4\public\index.php(37): CodeIgniter\CodeIgniter->run()
#9 C:\xampp\htdocs\fcm4\vendor\codeigniter4\framework\system\Commands\Server\rewrite.php(43): require_once('C:\\xampp\\htdocs...')
#10 {main}
CRITICAL - 2022-01-20 12:43:11 --> Trying to get property 'title_blog' of non-object
#0 C:\xampp\htdocs\fcm4\app\Views\admin\blog\edit.php(30): CodeIgniter\Debug\Exceptions->errorHandler(8, 'Trying to get p...', 'C:\\xampp\\htdocs...', 30, Array)
#1 C:\xampp\htdocs\fcm4\vendor\codeigniter4\framework\system\View\View.php(214): include('C:\\xampp\\htdocs...')
#2 C:\xampp\htdocs\fcm4\vendor\codeigniter4\framework\system\View\View.php(217): CodeIgniter\View\View->CodeIgniter\View\{closure}()
#3 C:\xampp\htdocs\fcm4\vendor\codeigniter4\framework\system\Common.php(1097): CodeIgniter\View\View->render('admin/blog/edit', Array, true)
#4 C:\xampp\htdocs\fcm4\app\Controllers\Admin\Blog.php(114): view('admin/blog/edit', Array)
#5 C:\xampp\htdocs\fcm4\vendor\codeigniter4\framework\system\CodeIgniter.php(824): App\Controllers\admin\Blog->edit('6')
#6 C:\xampp\htdocs\fcm4\vendor\codeigniter4\framework\system\CodeIgniter.php(410): CodeIgniter\CodeIgniter->runController(Object(App\Controllers\admin\Blog))
#7 C:\xampp\htdocs\fcm4\vendor\codeigniter4\framework\system\CodeIgniter.php(318): CodeIgniter\CodeIgniter->handleRequest(NULL, Object(Config\Cache), false)
#8 C:\xampp\htdocs\fcm4\public\index.php(37): CodeIgniter\CodeIgniter->run()
#9 C:\xampp\htdocs\fcm4\vendor\codeigniter4\framework\system\Commands\Server\rewrite.php(43): require_once('C:\\xampp\\htdocs...')
#10 {main}
CRITICAL - 2022-01-20 12:52:19 --> Undefined index: fcm_blog.status
#0 C:\xampp\htdocs\fcm4\app\Views\admin\blog\edit.php(50): CodeIgniter\Debug\Exceptions->errorHandler(8, 'Undefined index...', 'C:\\xampp\\htdocs...', 50, Array)
#1 C:\xampp\htdocs\fcm4\vendor\codeigniter4\framework\system\View\View.php(214): include('C:\\xampp\\htdocs...')
#2 C:\xampp\htdocs\fcm4\vendor\codeigniter4\framework\system\View\View.php(217): CodeIgniter\View\View->CodeIgniter\View\{closure}()
#3 C:\xampp\htdocs\fcm4\vendor\codeigniter4\framework\system\Common.php(1097): CodeIgniter\View\View->render('admin/blog/edit', Array, true)
#4 C:\xampp\htdocs\fcm4\app\Controllers\Admin\Blog.php(114): view('admin/blog/edit', Array)
#5 C:\xampp\htdocs\fcm4\vendor\codeigniter4\framework\system\CodeIgniter.php(824): App\Controllers\admin\Blog->edit('1')
#6 C:\xampp\htdocs\fcm4\vendor\codeigniter4\framework\system\CodeIgniter.php(410): CodeIgniter\CodeIgniter->runController(Object(App\Controllers\admin\Blog))
#7 C:\xampp\htdocs\fcm4\vendor\codeigniter4\framework\system\CodeIgniter.php(318): CodeIgniter\CodeIgniter->handleRequest(NULL, Object(Config\Cache), false)
#8 C:\xampp\htdocs\fcm4\public\index.php(37): CodeIgniter\CodeIgniter->run()
#9 C:\xampp\htdocs\fcm4\vendor\codeigniter4\framework\system\Commands\Server\rewrite.php(43): require_once('C:\\xampp\\htdocs...')
#10 {main}
CRITICAL - 2022-01-20 12:53:33 --> Undefined index: update_at
#0 C:\xampp\htdocs\fcm4\app\Views\admin\blog\edit.php(63): CodeIgniter\Debug\Exceptions->errorHandler(8, 'Undefined index...', 'C:\\xampp\\htdocs...', 63, Array)
#1 C:\xampp\htdocs\fcm4\vendor\codeigniter4\framework\system\View\View.php(214): include('C:\\xampp\\htdocs...')
#2 C:\xampp\htdocs\fcm4\vendor\codeigniter4\framework\system\View\View.php(217): CodeIgniter\View\View->CodeIgniter\View\{closure}()
#3 C:\xampp\htdocs\fcm4\vendor\codeigniter4\framework\system\Common.php(1097): CodeIgniter\View\View->render('admin/blog/edit', Array, true)
#4 C:\xampp\htdocs\fcm4\app\Controllers\Admin\Blog.php(114): view('admin/blog/edit', Array)
#5 C:\xampp\htdocs\fcm4\vendor\codeigniter4\framework\system\CodeIgniter.php(824): App\Controllers\admin\Blog->edit('1')
#6 C:\xampp\htdocs\fcm4\vendor\codeigniter4\framework\system\CodeIgniter.php(410): CodeIgniter\CodeIgniter->runController(Object(App\Controllers\admin\Blog))
#7 C:\xampp\htdocs\fcm4\vendor\codeigniter4\framework\system\CodeIgniter.php(318): CodeIgniter\CodeIgniter->handleRequest(NULL, Object(Config\Cache), false)
#8 C:\xampp\htdocs\fcm4\public\index.php(37): CodeIgniter\CodeIgniter->run()
#9 C:\xampp\htdocs\fcm4\vendor\codeigniter4\framework\system\Commands\Server\rewrite.php(43): require_once('C:\\xampp\\htdocs...')
#10 {main}
CRITICAL - 2022-01-20 12:57:51 --> Undefined index: category_id
#0 C:\xampp\htdocs\fcm4\app\Views\admin\blog\edit.php(70): CodeIgniter\Debug\Exceptions->errorHandler(8, 'Undefined index...', 'C:\\xampp\\htdocs...', 70, Array)
#1 C:\xampp\htdocs\fcm4\vendor\codeigniter4\framework\system\View\View.php(214): include('C:\\xampp\\htdocs...')
#2 C:\xampp\htdocs\fcm4\vendor\codeigniter4\framework\system\View\View.php(217): CodeIgniter\View\View->CodeIgniter\View\{closure}()
#3 C:\xampp\htdocs\fcm4\vendor\codeigniter4\framework\system\Common.php(1097): CodeIgniter\View\View->render('admin/blog/edit', Array, true)
#4 C:\xampp\htdocs\fcm4\app\Controllers\Admin\Blog.php(115): view('admin/blog/edit', Array)
#5 C:\xampp\htdocs\fcm4\vendor\codeigniter4\framework\system\CodeIgniter.php(824): App\Controllers\admin\Blog->edit('1')
#6 C:\xampp\htdocs\fcm4\vendor\codeigniter4\framework\system\CodeIgniter.php(410): CodeIgniter\CodeIgniter->runController(Object(App\Controllers\admin\Blog))
#7 C:\xampp\htdocs\fcm4\vendor\codeigniter4\framework\system\CodeIgniter.php(318): CodeIgniter\CodeIgniter->handleRequest(NULL, Object(Config\Cache), false)
#8 C:\xampp\htdocs\fcm4\public\index.php(37): CodeIgniter\CodeIgniter->run()
#9 C:\xampp\htdocs\fcm4\vendor\codeigniter4\framework\system\Commands\Server\rewrite.php(43): require_once('C:\\xampp\\htdocs...')
#10 {main}
CRITICAL - 2022-01-20 12:58:06 --> Undefined index: id_category
#0 C:\xampp\htdocs\fcm4\app\Views\admin\blog\edit.php(71): CodeIgniter\Debug\Exceptions->errorHandler(8, 'Undefined index...', 'C:\\xampp\\htdocs...', 71, Array)
#1 C:\xampp\htdocs\fcm4\vendor\codeigniter4\framework\system\View\View.php(214): include('C:\\xampp\\htdocs...')
#2 C:\xampp\htdocs\fcm4\vendor\codeigniter4\framework\system\View\View.php(217): CodeIgniter\View\View->CodeIgniter\View\{closure}()
#3 C:\xampp\htdocs\fcm4\vendor\codeigniter4\framework\system\Common.php(1097): CodeIgniter\View\View->render('admin/blog/edit', Array, true)
#4 C:\xampp\htdocs\fcm4\app\Controllers\Admin\Blog.php(115): view('admin/blog/edit', Array)
#5 C:\xampp\htdocs\fcm4\vendor\codeigniter4\framework\system\CodeIgniter.php(824): App\Controllers\admin\Blog->edit('1')
#6 C:\xampp\htdocs\fcm4\vendor\codeigniter4\framework\system\CodeIgniter.php(410): CodeIgniter\CodeIgniter->runController(Object(App\Controllers\admin\Blog))
#7 C:\xampp\htdocs\fcm4\vendor\codeigniter4\framework\system\CodeIgniter.php(318): CodeIgniter\CodeIgniter->handleRequest(NULL, Object(Config\Cache), false)
#8 C:\xampp\htdocs\fcm4\public\index.php(37): CodeIgniter\CodeIgniter->run()
#9 C:\xampp\htdocs\fcm4\vendor\codeigniter4\framework\system\Commands\Server\rewrite.php(43): require_once('C:\\xampp\\htdocs...')
#10 {main}
CRITICAL - 2022-01-20 13:34:17 --> Undefined variable: id_blog
#0 C:\xampp\htdocs\fcm4\app\Controllers\Admin\Blog.php(141): CodeIgniter\Debug\Exceptions->errorHandler(8, 'Undefined varia...', 'C:\\xampp\\htdocs...', 141, Array)
#1 C:\xampp\htdocs\fcm4\vendor\codeigniter4\framework\system\CodeIgniter.php(824): App\Controllers\admin\Blog->update()
#2 C:\xampp\htdocs\fcm4\vendor\codeigniter4\framework\system\CodeIgniter.php(410): CodeIgniter\CodeIgniter->runController(Object(App\Controllers\admin\Blog))
#3 C:\xampp\htdocs\fcm4\vendor\codeigniter4\framework\system\CodeIgniter.php(318): CodeIgniter\CodeIgniter->handleRequest(NULL, Object(Config\Cache), false)
#4 C:\xampp\htdocs\fcm4\public\index.php(37): CodeIgniter\CodeIgniter->run()
#5 C:\xampp\htdocs\fcm4\vendor\codeigniter4\framework\system\Commands\Server\rewrite.php(43): require_once('C:\\xampp\\htdocs...')
#6 {main}
CRITICAL - 2022-01-20 13:45:32 --> Too few arguments to function App\Controllers\admin\Blog::view(), 0 passed in C:\xampp\htdocs\fcm4\vendor\codeigniter4\framework\system\CodeIgniter.php on line 824 and exactly 1 expected
#0 C:\xampp\htdocs\fcm4\vendor\codeigniter4\framework\system\CodeIgniter.php(824): App\Controllers\admin\Blog->view()
#1 C:\xampp\htdocs\fcm4\vendor\codeigniter4\framework\system\CodeIgniter.php(410): CodeIgniter\CodeIgniter->runController(Object(App\Controllers\admin\Blog))
#2 C:\xampp\htdocs\fcm4\vendor\codeigniter4\framework\system\CodeIgniter.php(318): CodeIgniter\CodeIgniter->handleRequest(NULL, Object(Config\Cache), false)
#3 C:\xampp\htdocs\fcm4\public\index.php(37): CodeIgniter\CodeIgniter->run()
#4 C:\xampp\htdocs\fcm4\vendor\codeigniter4\framework\system\Commands\Server\rewrite.php(43): require_once('C:\\xampp\\htdocs...')
#5 {main}
CRITICAL - 2022-01-20 13:46:12 --> Illegal string offset 'title_blog'
#0 C:\xampp\htdocs\fcm4\app\Views\admin\blog\view.php(32): CodeIgniter\Debug\Exceptions->errorHandler(2, 'Illegal string ...', 'C:\\xampp\\htdocs...', 32, Array)
#1 C:\xampp\htdocs\fcm4\vendor\codeigniter4\framework\system\View\View.php(214): include('C:\\xampp\\htdocs...')
#2 C:\xampp\htdocs\fcm4\vendor\codeigniter4\framework\system\View\View.php(217): CodeIgniter\View\View->CodeIgniter\View\{closure}()
#3 C:\xampp\htdocs\fcm4\vendor\codeigniter4\framework\system\Common.php(1097): CodeIgniter\View\View->render('admin/blog/view', Array, true)
#4 C:\xampp\htdocs\fcm4\app\Controllers\Admin\Blog.php(119): view('admin/blog/view', Array)
#5 C:\xampp\htdocs\fcm4\vendor\codeigniter4\framework\system\CodeIgniter.php(824): App\Controllers\admin\Blog->view('6')
#6 C:\xampp\htdocs\fcm4\vendor\codeigniter4\framework\system\CodeIgniter.php(410): CodeIgniter\CodeIgniter->runController(Object(App\Controllers\admin\Blog))
#7 C:\xampp\htdocs\fcm4\vendor\codeigniter4\framework\system\CodeIgniter.php(318): CodeIgniter\CodeIgniter->handleRequest(NULL, Object(Config\Cache), false)
#8 C:\xampp\htdocs\fcm4\public\index.php(37): CodeIgniter\CodeIgniter->run()
#9 C:\xampp\htdocs\fcm4\vendor\codeigniter4\framework\system\Commands\Server\rewrite.php(43): require_once('C:\\xampp\\htdocs...')
#10 {main}
CRITICAL - 2022-01-20 17:43:06 --> Undefined variable: tes2
#0 C:\xampp\htdocs\fcm4\app\Views\admin\management-user.php(33): CodeIgniter\Debug\Exceptions->errorHandler(8, 'Undefined varia...', 'C:\\xampp\\htdocs...', 33, Array)
#1 C:\xampp\htdocs\fcm4\vendor\codeigniter4\framework\system\View\View.php(214): include('C:\\xampp\\htdocs...')
#2 C:\xampp\htdocs\fcm4\vendor\codeigniter4\framework\system\View\View.php(217): CodeIgniter\View\View->CodeIgniter\View\{closure}()
#3 C:\xampp\htdocs\fcm4\vendor\codeigniter4\framework\system\Common.php(1097): CodeIgniter\View\View->render('admin/managemen...', Array, true)
#4 C:\xampp\htdocs\fcm4\app\Controllers\Admin\Managementuser.php(29): view('admin/managemen...', Array)
#5 C:\xampp\htdocs\fcm4\vendor\codeigniter4\framework\system\CodeIgniter.php(824): App\Controllers\admin\Managementuser->index()
#6 C:\xampp\htdocs\fcm4\vendor\codeigniter4\framework\system\CodeIgniter.php(410): CodeIgniter\CodeIgniter->runController(Object(App\Controllers\admin\Managementuser))
#7 C:\xampp\htdocs\fcm4\vendor\codeigniter4\framework\system\CodeIgniter.php(318): CodeIgniter\CodeIgniter->handleRequest(NULL, Object(Config\Cache), false)
#8 C:\xampp\htdocs\fcm4\public\index.php(37): CodeIgniter\CodeIgniter->run()
#9 C:\xampp\htdocs\fcm4\vendor\codeigniter4\framework\system\Commands\Server\rewrite.php(43): require_once('C:\\xampp\\htdocs...')
#10 {main}
CRITICAL - 2022-01-20 17:43:09 --> Undefined variable: tes2
#0 C:\xampp\htdocs\fcm4\app\Views\admin\management-user.php(33): CodeIgniter\Debug\Exceptions->errorHandler(8, 'Undefined varia...', 'C:\\xampp\\htdocs...', 33, Array)
#1 C:\xampp\htdocs\fcm4\vendor\codeigniter4\framework\system\View\View.php(214): include('C:\\xampp\\htdocs...')
#2 C:\xampp\htdocs\fcm4\vendor\codeigniter4\framework\system\View\View.php(217): CodeIgniter\View\View->CodeIgniter\View\{closure}()
#3 C:\xampp\htdocs\fcm4\vendor\codeigniter4\framework\system\Common.php(1097): CodeIgniter\View\View->render('admin/managemen...', Array, true)
#4 C:\xampp\htdocs\fcm4\app\Controllers\Admin\Managementuser.php(29): view('admin/managemen...', Array)
#5 C:\xampp\htdocs\fcm4\vendor\codeigniter4\framework\system\CodeIgniter.php(824): App\Controllers\admin\Managementuser->index()
#6 C:\xampp\htdocs\fcm4\vendor\codeigniter4\framework\system\CodeIgniter.php(410): CodeIgniter\CodeIgniter->runController(Object(App\Controllers\admin\Managementuser))
#7 C:\xampp\htdocs\fcm4\vendor\codeigniter4\framework\system\CodeIgniter.php(318): CodeIgniter\CodeIgniter->handleRequest(NULL, Object(Config\Cache), false)
#8 C:\xampp\htdocs\fcm4\public\index.php(37): CodeIgniter\CodeIgniter->run()
#9 C:\xampp\htdocs\fcm4\vendor\codeigniter4\framework\system\Commands\Server\rewrite.php(43): require_once('C:\\xampp\\htdocs...')
#10 {main}
CRITICAL - 2022-01-20 17:43:20 --> Undefined variable: tes2
#0 C:\xampp\htdocs\fcm4\app\Views\admin\management-user.php(33): CodeIgniter\Debug\Exceptions->errorHandler(8, 'Undefined varia...', 'C:\\xampp\\htdocs...', 33, Array)
#1 C:\xampp\htdocs\fcm4\vendor\codeigniter4\framework\system\View\View.php(214): include('C:\\xampp\\htdocs...')
#2 C:\xampp\htdocs\fcm4\vendor\codeigniter4\framework\system\View\View.php(217): CodeIgniter\View\View->CodeIgniter\View\{closure}()
#3 C:\xampp\htdocs\fcm4\vendor\codeigniter4\framework\system\Common.php(1097): CodeIgniter\View\View->render('admin/managemen...', Array, true)
#4 C:\xampp\htdocs\fcm4\app\Controllers\Admin\Managementuser.php(29): view('admin/managemen...', Array)
#5 C:\xampp\htdocs\fcm4\vendor\codeigniter4\framework\system\CodeIgniter.php(824): App\Controllers\admin\Managementuser->index()
#6 C:\xampp\htdocs\fcm4\vendor\codeigniter4\framework\system\CodeIgniter.php(410): CodeIgniter\CodeIgniter->runController(Object(App\Controllers\admin\Managementuser))
#7 C:\xampp\htdocs\fcm4\vendor\codeigniter4\framework\system\CodeIgniter.php(318): CodeIgniter\CodeIgniter->handleRequest(NULL, Object(Config\Cache), false)
#8 C:\xampp\htdocs\fcm4\public\index.php(37): CodeIgniter\CodeIgniter->run()
#9 C:\xampp\htdocs\fcm4\vendor\codeigniter4\framework\system\Commands\Server\rewrite.php(43): require_once('C:\\xampp\\htdocs...')
#10 {main}
CRITICAL - 2022-01-20 17:45:49 --> Too few arguments to function App\Controllers\admin\Managementuser::activate(), 0 passed in C:\xampp\htdocs\fcm4\vendor\codeigniter4\framework\system\CodeIgniter.php on line 824 and exactly 1 expected
#0 C:\xampp\htdocs\fcm4\vendor\codeigniter4\framework\system\CodeIgniter.php(824): App\Controllers\admin\Managementuser->activate()
#1 C:\xampp\htdocs\fcm4\vendor\codeigniter4\framework\system\CodeIgniter.php(410): CodeIgniter\CodeIgniter->runController(Object(App\Controllers\admin\Managementuser))
#2 C:\xampp\htdocs\fcm4\vendor\codeigniter4\framework\system\CodeIgniter.php(318): CodeIgniter\CodeIgniter->handleRequest(NULL, Object(Config\Cache), false)
#3 C:\xampp\htdocs\fcm4\public\index.php(37): CodeIgniter\CodeIgniter->run()
#4 C:\xampp\htdocs\fcm4\vendor\codeigniter4\framework\system\Commands\Server\rewrite.php(43): require_once('C:\\xampp\\htdocs...')
#5 {main}
CRITICAL - 2022-01-20 17:46:43 --> Too few arguments to function App\Controllers\admin\Managementuser::activate(), 0 passed in C:\xampp\htdocs\fcm4\vendor\codeigniter4\framework\system\CodeIgniter.php on line 824 and exactly 1 expected
#0 C:\xampp\htdocs\fcm4\vendor\codeigniter4\framework\system\CodeIgniter.php(824): App\Controllers\admin\Managementuser->activate()
#1 C:\xampp\htdocs\fcm4\vendor\codeigniter4\framework\system\CodeIgniter.php(410): CodeIgniter\CodeIgniter->runController(Object(App\Controllers\admin\Managementuser))
#2 C:\xampp\htdocs\fcm4\vendor\codeigniter4\framework\system\CodeIgniter.php(318): CodeIgniter\CodeIgniter->handleRequest(NULL, Object(Config\Cache), false)
#3 C:\xampp\htdocs\fcm4\public\index.php(37): CodeIgniter\CodeIgniter->run()
#4 C:\xampp\htdocs\fcm4\vendor\codeigniter4\framework\system\Commands\Server\rewrite.php(43): require_once('C:\\xampp\\htdocs...')
#5 {main}
CRITICAL - 2022-01-20 17:46:49 --> Undefined variable: id
#0 C:\xampp\htdocs\fcm4\app\Controllers\Admin\Managementuser.php(36): CodeIgniter\Debug\Exceptions->errorHandler(8, 'Undefined varia...', 'C:\\xampp\\htdocs...', 36, Array)
#1 C:\xampp\htdocs\fcm4\vendor\codeigniter4\framework\system\CodeIgniter.php(824): App\Controllers\admin\Managementuser->activate()
#2 C:\xampp\htdocs\fcm4\vendor\codeigniter4\framework\system\CodeIgniter.php(410): CodeIgniter\CodeIgniter->runController(Object(App\Controllers\admin\Managementuser))
#3 C:\xampp\htdocs\fcm4\vendor\codeigniter4\framework\system\CodeIgniter.php(318): CodeIgniter\CodeIgniter->handleRequest(NULL, Object(Config\Cache), false)
#4 C:\xampp\htdocs\fcm4\public\index.php(37): CodeIgniter\CodeIgniter->run()
#5 C:\xampp\htdocs\fcm4\vendor\codeigniter4\framework\system\Commands\Server\rewrite.php(43): require_once('C:\\xampp\\htdocs...')
#6 {main}
CRITICAL - 2022-01-20 18:38:27 --> Invalid file: admin/management/user.php
#0 C:\xampp\htdocs\fcm4\vendor\codeigniter4\framework\system\View\View.php(198): CodeIgniter\Exceptions\FrameworkException::forInvalidFile('admin/managemen...')
#1 C:\xampp\htdocs\fcm4\vendor\codeigniter4\framework\system\Common.php(1097): CodeIgniter\View\View->render('admin/managemen...', Array, true)
#2 C:\xampp\htdocs\fcm4\app\Controllers\Admin\Managementuser.php(69): view('admin/managemen...')
#3 C:\xampp\htdocs\fcm4\vendor\codeigniter4\framework\system\CodeIgniter.php(824): App\Controllers\admin\Managementuser->changepassword()
#4 C:\xampp\htdocs\fcm4\vendor\codeigniter4\framework\system\CodeIgniter.php(410): CodeIgniter\CodeIgniter->runController(Object(App\Controllers\admin\Managementuser))
#5 C:\xampp\htdocs\fcm4\vendor\codeigniter4\framework\system\CodeIgniter.php(318): CodeIgniter\CodeIgniter->handleRequest(NULL, Object(Config\Cache), false)
#6 C:\xampp\htdocs\fcm4\public\index.php(37): CodeIgniter\CodeIgniter->run()
#7 C:\xampp\htdocs\fcm4\vendor\codeigniter4\framework\system\Commands\Server\rewrite.php(43): require_once('C:\\xampp\\htdocs...')
#8 {main}
CRITICAL - 2022-01-20 18:40:35 --> Anda tidak memiliki izin yang memadai untuk mengakses halaman itu.
#0 C:\xampp\htdocs\fcm4\vendor\codeigniter4\framework\system\Filters\Filters.php(173): Myth\Auth\Filters\RoleFilter->before(Object(CodeIgniter\HTTP\IncomingRequest), Array)
#1 C:\xampp\htdocs\fcm4\vendor\codeigniter4\framework\system\CodeIgniter.php(384): CodeIgniter\Filters\Filters->run('admin', 'before')
#2 C:\xampp\htdocs\fcm4\vendor\codeigniter4\framework\system\CodeIgniter.php(318): CodeIgniter\CodeIgniter->handleRequest(NULL, Object(Config\Cache), false)
#3 C:\xampp\htdocs\fcm4\public\index.php(37): CodeIgniter\CodeIgniter->run()
#4 C:\xampp\htdocs\fcm4\vendor\codeigniter4\framework\system\Commands\Server\rewrite.php(43): require_once('C:\\xampp\\htdocs...')
#5 {main}
CRITICAL - 2022-01-20 18:48:32 --> Anda tidak memiliki izin yang memadai untuk mengakses halaman itu.
#0 C:\xampp\htdocs\fcm4\vendor\codeigniter4\framework\system\Filters\Filters.php(173): Myth\Auth\Filters\RoleFilter->before(Object(CodeIgniter\HTTP\IncomingRequest), Array)
#1 C:\xampp\htdocs\fcm4\vendor\codeigniter4\framework\system\CodeIgniter.php(384): CodeIgniter\Filters\Filters->run('admin', 'before')
#2 C:\xampp\htdocs\fcm4\vendor\codeigniter4\framework\system\CodeIgniter.php(318): CodeIgniter\CodeIgniter->handleRequest(NULL, Object(Config\Cache), false)
#3 C:\xampp\htdocs\fcm4\public\index.php(37): CodeIgniter\CodeIgniter->run()
#4 C:\xampp\htdocs\fcm4\vendor\codeigniter4\framework\system\Commands\Server\rewrite.php(43): require_once('C:\\xampp\\htdocs...')
#5 {main}
CRITICAL - 2022-01-20 18:50:37 --> syntax error, unexpected end of file
#0 C:\xampp\htdocs\fcm4\vendor\codeigniter4\framework\system\View\View.php(217): CodeIgniter\View\View->CodeIgniter\View\{closure}()
#1 C:\xampp\htdocs\fcm4\vendor\codeigniter4\framework\system\Common.php(1097): CodeIgniter\View\View->render('admin/managemen...', Array, true)
#2 C:\xampp\htdocs\fcm4\app\Controllers\Admin\Managementuser.php(29): view('admin/managemen...', Array)
#3 C:\xampp\htdocs\fcm4\vendor\codeigniter4\framework\system\CodeIgniter.php(824): App\Controllers\admin\Managementuser->index()
#4 C:\xampp\htdocs\fcm4\vendor\codeigniter4\framework\system\CodeIgniter.php(410): CodeIgniter\CodeIgniter->runController(Object(App\Controllers\admin\Managementuser))
#5 C:\xampp\htdocs\fcm4\vendor\codeigniter4\framework\system\CodeIgniter.php(318): CodeIgniter\CodeIgniter->handleRequest(NULL, Object(Config\Cache), false)
#6 C:\xampp\htdocs\fcm4\public\index.php(37): CodeIgniter\CodeIgniter->run()
#7 C:\xampp\htdocs\fcm4\vendor\codeigniter4\framework\system\Commands\Server\rewrite.php(43): require_once('C:\\xampp\\htdocs...')
#8 {main}
CRITICAL - 2022-01-20 18:51:24 --> syntax error, unexpected '}'
#0 C:\xampp\htdocs\fcm4\vendor\codeigniter4\framework\system\View\View.php(217): CodeIgniter\View\View->CodeIgniter\View\{closure}()
#1 C:\xampp\htdocs\fcm4\vendor\codeigniter4\framework\system\Common.php(1097): CodeIgniter\View\View->render('admin/managemen...', Array, true)
#2 C:\xampp\htdocs\fcm4\app\Controllers\Admin\Managementuser.php(29): view('admin/managemen...', Array)
#3 C:\xampp\htdocs\fcm4\vendor\codeigniter4\framework\system\CodeIgniter.php(824): App\Controllers\admin\Managementuser->index()
#4 C:\xampp\htdocs\fcm4\vendor\codeigniter4\framework\system\CodeIgniter.php(410): CodeIgniter\CodeIgniter->runController(Object(App\Controllers\admin\Managementuser))
#5 C:\xampp\htdocs\fcm4\vendor\codeigniter4\framework\system\CodeIgniter.php(318): CodeIgniter\CodeIgniter->handleRequest(NULL, Object(Config\Cache), false)
#6 C:\xampp\htdocs\fcm4\public\index.php(37): CodeIgniter\CodeIgniter->run()
#7 C:\xampp\htdocs\fcm4\vendor\codeigniter4\framework\system\Commands\Server\rewrite.php(43): require_once('C:\\xampp\\htdocs...')
#8 {main}
CRITICAL - 2022-01-20 18:51:25 --> syntax error, unexpected '}'
#0 C:\xampp\htdocs\fcm4\vendor\codeigniter4\framework\system\View\View.php(217): CodeIgniter\View\View->CodeIgniter\View\{closure}()
#1 C:\xampp\htdocs\fcm4\vendor\codeigniter4\framework\system\Common.php(1097): CodeIgniter\View\View->render('admin/managemen...', Array, true)
#2 C:\xampp\htdocs\fcm4\app\Controllers\Admin\Managementuser.php(29): view('admin/managemen...', Array)
#3 C:\xampp\htdocs\fcm4\vendor\codeigniter4\framework\system\CodeIgniter.php(824): App\Controllers\admin\Managementuser->index()
#4 C:\xampp\htdocs\fcm4\vendor\codeigniter4\framework\system\CodeIgniter.php(410): CodeIgniter\CodeIgniter->runController(Object(App\Controllers\admin\Managementuser))
#5 C:\xampp\htdocs\fcm4\vendor\codeigniter4\framework\system\CodeIgniter.php(318): CodeIgniter\CodeIgniter->handleRequest(NULL, Object(Config\Cache), false)
#6 C:\xampp\htdocs\fcm4\public\index.php(37): CodeIgniter\CodeIgniter->run()
#7 C:\xampp\htdocs\fcm4\vendor\codeigniter4\framework\system\Commands\Server\rewrite.php(43): require_once('C:\\xampp\\htdocs...')
#8 {main}
CRITICAL - 2022-01-20 18:51:25 --> syntax error, unexpected '}'
#0 C:\xampp\htdocs\fcm4\vendor\codeigniter4\framework\system\View\View.php(217): CodeIgniter\View\View->CodeIgniter\View\{closure}()
#1 C:\xampp\htdocs\fcm4\vendor\codeigniter4\framework\system\Common.php(1097): CodeIgniter\View\View->render('admin/managemen...', Array, true)
#2 C:\xampp\htdocs\fcm4\app\Controllers\Admin\Managementuser.php(29): view('admin/managemen...', Array)
#3 C:\xampp\htdocs\fcm4\vendor\codeigniter4\framework\system\CodeIgniter.php(824): App\Controllers\admin\Managementuser->index()
#4 C:\xampp\htdocs\fcm4\vendor\codeigniter4\framework\system\CodeIgniter.php(410): CodeIgniter\CodeIgniter->runController(Object(App\Controllers\admin\Managementuser))
#5 C:\xampp\htdocs\fcm4\vendor\codeigniter4\framework\system\CodeIgniter.php(318): CodeIgniter\CodeIgniter->handleRequest(NULL, Object(Config\Cache), false)
#6 C:\xampp\htdocs\fcm4\public\index.php(37): CodeIgniter\CodeIgniter->run()
#7 C:\xampp\htdocs\fcm4\vendor\codeigniter4\framework\system\Commands\Server\rewrite.php(43): require_once('C:\\xampp\\htdocs...')
#8 {main}
CRITICAL - 2022-01-20 18:52:01 --> Invalid file: admin/management/user.php
#0 C:\xampp\htdocs\fcm4\vendor\codeigniter4\framework\system\View\View.php(198): CodeIgniter\Exceptions\FrameworkException::forInvalidFile('admin/managemen...')
#1 C:\xampp\htdocs\fcm4\vendor\codeigniter4\framework\system\Common.php(1097): CodeIgniter\View\View->render('admin/managemen...', Array, true)
#2 C:\xampp\htdocs\fcm4\app\Controllers\Admin\Managementuser.php(60): view('admin/managemen...', Array)
#3 C:\xampp\htdocs\fcm4\vendor\codeigniter4\framework\system\CodeIgniter.php(824): App\Controllers\admin\Managementuser->changepassword()
#4 C:\xampp\htdocs\fcm4\vendor\codeigniter4\framework\system\CodeIgniter.php(410): CodeIgniter\CodeIgniter->runController(Object(App\Controllers\admin\Managementuser))
#5 C:\xampp\htdocs\fcm4\vendor\codeigniter4\framework\system\CodeIgniter.php(318): CodeIgniter\CodeIgniter->handleRequest(NULL, Object(Config\Cache), false)
#6 C:\xampp\htdocs\fcm4\public\index.php(37): CodeIgniter\CodeIgniter->run()
#7 C:\xampp\htdocs\fcm4\vendor\codeigniter4\framework\system\Commands\Server\rewrite.php(43): require_once('C:\\xampp\\htdocs...')
#8 {main}
CRITICAL - 2022-01-20 18:57:41 --> Argument 2 passed to CodeIgniter\HTTP\RedirectResponse::to() must be of the type int or null, array given, called in C:\xampp\htdocs\fcm4\app\Controllers\Admin\Managementuser.php on line 61
#0 C:\xampp\htdocs\fcm4\app\Controllers\Admin\Managementuser.php(61): CodeIgniter\HTTP\RedirectResponse->to('http://localhos...', Array)
#1 C:\xampp\htdocs\fcm4\vendor\codeigniter4\framework\system\CodeIgniter.php(824): App\Controllers\admin\Managementuser->changepassword()
#2 C:\xampp\htdocs\fcm4\vendor\codeigniter4\framework\system\CodeIgniter.php(410): CodeIgniter\CodeIgniter->runController(Object(App\Controllers\admin\Managementuser))
#3 C:\xampp\htdocs\fcm4\vendor\codeigniter4\framework\system\CodeIgniter.php(318): CodeIgniter\CodeIgniter->handleRequest(NULL, Object(Config\Cache), false)
#4 C:\xampp\htdocs\fcm4\public\index.php(37): CodeIgniter\CodeIgniter->run()
#5 C:\xampp\htdocs\fcm4\vendor\codeigniter4\framework\system\Commands\Server\rewrite.php(43): require_once('C:\\xampp\\htdocs...')
#6 {main}
CRITICAL - 2022-01-20 18:58:04 --> Invalid file: admin/management/user.php
#0 C:\xampp\htdocs\fcm4\vendor\codeigniter4\framework\system\View\View.php(198): CodeIgniter\Exceptions\FrameworkException::forInvalidFile('admin/managemen...')
#1 C:\xampp\htdocs\fcm4\vendor\codeigniter4\framework\system\Common.php(1097): CodeIgniter\View\View->render('admin/managemen...', Array, true)
#2 C:\xampp\htdocs\fcm4\app\Controllers\Admin\Managementuser.php(60): view('admin/managemen...', Array)
#3 C:\xampp\htdocs\fcm4\vendor\codeigniter4\framework\system\CodeIgniter.php(824): App\Controllers\admin\Managementuser->changepassword()
#4 C:\xampp\htdocs\fcm4\vendor\codeigniter4\framework\system\CodeIgniter.php(410): CodeIgniter\CodeIgniter->runController(Object(App\Controllers\admin\Managementuser))
#5 C:\xampp\htdocs\fcm4\vendor\codeigniter4\framework\system\CodeIgniter.php(318): CodeIgniter\CodeIgniter->handleRequest(NULL, Object(Config\Cache), false)
#6 C:\xampp\htdocs\fcm4\public\index.php(37): CodeIgniter\CodeIgniter->run()
#7 C:\xampp\htdocs\fcm4\vendor\codeigniter4\framework\system\Commands\Server\rewrite.php(43): require_once('C:\\xampp\\htdocs...')
#8 {main}
CRITICAL - 2022-01-20 18:58:10 --> Invalid file: admin/management/user.php
#0 C:\xampp\htdocs\fcm4\vendor\codeigniter4\framework\system\View\View.php(198): CodeIgniter\Exceptions\FrameworkException::forInvalidFile('admin/managemen...')
#1 C:\xampp\htdocs\fcm4\vendor\codeigniter4\framework\system\Common.php(1097): CodeIgniter\View\View->render('admin/managemen...', Array, true)
#2 C:\xampp\htdocs\fcm4\app\Controllers\Admin\Managementuser.php(60): view('admin/managemen...', Array)
#3 C:\xampp\htdocs\fcm4\vendor\codeigniter4\framework\system\CodeIgniter.php(824): App\Controllers\admin\Managementuser->changepassword()
#4 C:\xampp\htdocs\fcm4\vendor\codeigniter4\framework\system\CodeIgniter.php(410): CodeIgniter\CodeIgniter->runController(Object(App\Controllers\admin\Managementuser))
#5 C:\xampp\htdocs\fcm4\vendor\codeigniter4\framework\system\CodeIgniter.php(318): CodeIgniter\CodeIgniter->handleRequest(NULL, Object(Config\Cache), false)
#6 C:\xampp\htdocs\fcm4\public\index.php(37): CodeIgniter\CodeIgniter->run()
#7 C:\xampp\htdocs\fcm4\vendor\codeigniter4\framework\system\Commands\Server\rewrite.php(43): require_once('C:\\xampp\\htdocs...')
#8 {main}
CRITICAL - 2022-01-20 19:02:10 -->  route cannot be found while reverse-routing.
#0 C:\xampp\htdocs\fcm4\vendor\codeigniter4\framework\system\HTTP\RedirectResponse.php(56): CodeIgniter\HTTP\Exceptions\HTTPException::forInvalidRedirectRoute('')
#1 C:\xampp\htdocs\fcm4\vendor\codeigniter4\framework\system\Common.php(840): CodeIgniter\HTTP\RedirectResponse->route(false)
#2 C:\xampp\htdocs\fcm4\app\Controllers\Admin\Managementuser.php(60): redirect('admin/managemen...', Array)
#3 C:\xampp\htdocs\fcm4\vendor\codeigniter4\framework\system\CodeIgniter.php(824): App\Controllers\admin\Managementuser->changepassword()
#4 C:\xampp\htdocs\fcm4\vendor\codeigniter4\framework\system\CodeIgniter.php(410): CodeIgniter\CodeIgniter->runController(Object(App\Controllers\admin\Managementuser))
#5 C:\xampp\htdocs\fcm4\vendor\codeigniter4\framework\system\CodeIgniter.php(318): CodeIgniter\CodeIgniter->handleRequest(NULL, Object(Config\Cache), false)
#6 C:\xampp\htdocs\fcm4\public\index.php(37): CodeIgniter\CodeIgniter->run()
#7 C:\xampp\htdocs\fcm4\vendor\codeigniter4\framework\system\Commands\Server\rewrite.php(43): require_once('C:\\xampp\\htdocs...')
#8 {main}
CRITICAL - 2022-01-20 19:02:42 -->  route cannot be found while reverse-routing.
#0 C:\xampp\htdocs\fcm4\vendor\codeigniter4\framework\system\HTTP\RedirectResponse.php(56): CodeIgniter\HTTP\Exceptions\HTTPException::forInvalidRedirectRoute('')
#1 C:\xampp\htdocs\fcm4\vendor\codeigniter4\framework\system\Common.php(840): CodeIgniter\HTTP\RedirectResponse->route(false)
#2 C:\xampp\htdocs\fcm4\app\Controllers\Admin\Managementuser.php(60): redirect('http://localhos...', Array)
#3 C:\xampp\htdocs\fcm4\vendor\codeigniter4\framework\system\CodeIgniter.php(824): App\Controllers\admin\Managementuser->changepassword()
#4 C:\xampp\htdocs\fcm4\vendor\codeigniter4\framework\system\CodeIgniter.php(410): CodeIgniter\CodeIgniter->runController(Object(App\Controllers\admin\Managementuser))
#5 C:\xampp\htdocs\fcm4\vendor\codeigniter4\framework\system\CodeIgniter.php(318): CodeIgniter\CodeIgniter->handleRequest(NULL, Object(Config\Cache), false)
#6 C:\xampp\htdocs\fcm4\public\index.php(37): CodeIgniter\CodeIgniter->run()
#7 C:\xampp\htdocs\fcm4\vendor\codeigniter4\framework\system\Commands\Server\rewrite.php(43): require_once('C:\\xampp\\htdocs...')
#8 {main}
CRITICAL - 2022-01-20 19:02:48 -->  route cannot be found while reverse-routing.
#0 C:\xampp\htdocs\fcm4\vendor\codeigniter4\framework\system\HTTP\RedirectResponse.php(56): CodeIgniter\HTTP\Exceptions\HTTPException::forInvalidRedirectRoute('')
#1 C:\xampp\htdocs\fcm4\vendor\codeigniter4\framework\system\Common.php(840): CodeIgniter\HTTP\RedirectResponse->route(false)
#2 C:\xampp\htdocs\fcm4\app\Controllers\Admin\Managementuser.php(60): redirect('http://localhos...', Array)
#3 C:\xampp\htdocs\fcm4\vendor\codeigniter4\framework\system\CodeIgniter.php(824): App\Controllers\admin\Managementuser->changepassword()
#4 C:\xampp\htdocs\fcm4\vendor\codeigniter4\framework\system\CodeIgniter.php(410): CodeIgniter\CodeIgniter->runController(Object(App\Controllers\admin\Managementuser))
#5 C:\xampp\htdocs\fcm4\vendor\codeigniter4\framework\system\CodeIgniter.php(318): CodeIgniter\CodeIgniter->handleRequest(NULL, Object(Config\Cache), false)
#6 C:\xampp\htdocs\fcm4\public\index.php(37): CodeIgniter\CodeIgniter->run()
#7 C:\xampp\htdocs\fcm4\vendor\codeigniter4\framework\system\Commands\Server\rewrite.php(43): require_once('C:\\xampp\\htdocs...')
#8 {main}
CRITICAL - 2022-01-20 19:05:33 --> Undefined variable: users
#0 C:\xampp\htdocs\fcm4\app\Views\admin\management-user.php(53): CodeIgniter\Debug\Exceptions->errorHandler(8, 'Undefined varia...', 'C:\\xampp\\htdocs...', 53, Array)
#1 C:\xampp\htdocs\fcm4\vendor\codeigniter4\framework\system\View\View.php(214): include('C:\\xampp\\htdocs...')
#2 C:\xampp\htdocs\fcm4\vendor\codeigniter4\framework\system\View\View.php(217): CodeIgniter\View\View->CodeIgniter\View\{closure}()
#3 C:\xampp\htdocs\fcm4\vendor\codeigniter4\framework\system\Common.php(1097): CodeIgniter\View\View->render('admin/managemen...', Array, true)
#4 C:\xampp\htdocs\fcm4\app\Controllers\Admin\Managementuser.php(60): view('admin/managemen...', Array)
#5 C:\xampp\htdocs\fcm4\vendor\codeigniter4\framework\system\CodeIgniter.php(824): App\Controllers\admin\Managementuser->changepassword()
#6 C:\xampp\htdocs\fcm4\vendor\codeigniter4\framework\system\CodeIgniter.php(410): CodeIgniter\CodeIgniter->runController(Object(App\Controllers\admin\Managementuser))
#7 C:\xampp\htdocs\fcm4\vendor\codeigniter4\framework\system\CodeIgniter.php(318): CodeIgniter\CodeIgniter->handleRequest(NULL, Object(Config\Cache), false)
#8 C:\xampp\htdocs\fcm4\public\index.php(37): CodeIgniter\CodeIgniter->run()
#9 C:\xampp\htdocs\fcm4\vendor\codeigniter4\framework\system\Commands\Server\rewrite.php(43): require_once('C:\\xampp\\htdocs...')
#10 {main}
CRITICAL - 2022-01-20 19:05:58 --> Invalid file: admin/management/user.php
#0 C:\xampp\htdocs\fcm4\vendor\codeigniter4\framework\system\View\View.php(198): CodeIgniter\Exceptions\FrameworkException::forInvalidFile('admin/managemen...')
#1 C:\xampp\htdocs\fcm4\vendor\codeigniter4\framework\system\Common.php(1097): CodeIgniter\View\View->render('admin/managemen...', Array, true)
#2 C:\xampp\htdocs\fcm4\app\Controllers\Admin\Managementuser.php(60): view('admin/managemen...', Array)
#3 C:\xampp\htdocs\fcm4\vendor\codeigniter4\framework\system\CodeIgniter.php(824): App\Controllers\admin\Managementuser->changepassword()
#4 C:\xampp\htdocs\fcm4\vendor\codeigniter4\framework\system\CodeIgniter.php(410): CodeIgniter\CodeIgniter->runController(Object(App\Controllers\admin\Managementuser))
#5 C:\xampp\htdocs\fcm4\vendor\codeigniter4\framework\system\CodeIgniter.php(318): CodeIgniter\CodeIgniter->handleRequest(NULL, Object(Config\Cache), false)
#6 C:\xampp\htdocs\fcm4\public\index.php(37): CodeIgniter\CodeIgniter->run()
#7 C:\xampp\htdocs\fcm4\vendor\codeigniter4\framework\system\Commands\Server\rewrite.php(43): require_once('C:\\xampp\\htdocs...')
#8 {main}
CRITICAL - 2022-01-20 19:06:16 --> Invalid file: admin/management/user.php
#0 C:\xampp\htdocs\fcm4\vendor\codeigniter4\framework\system\View\View.php(198): CodeIgniter\Exceptions\FrameworkException::forInvalidFile('admin/managemen...')
#1 C:\xampp\htdocs\fcm4\vendor\codeigniter4\framework\system\Common.php(1097): CodeIgniter\View\View->render('admin/managemen...', Array, true)
#2 C:\xampp\htdocs\fcm4\app\Controllers\Admin\Managementuser.php(60): view('admin/managemen...')
#3 C:\xampp\htdocs\fcm4\vendor\codeigniter4\framework\system\CodeIgniter.php(824): App\Controllers\admin\Managementuser->changepassword()
#4 C:\xampp\htdocs\fcm4\vendor\codeigniter4\framework\system\CodeIgniter.php(410): CodeIgniter\CodeIgniter->runController(Object(App\Controllers\admin\Managementuser))
#5 C:\xampp\htdocs\fcm4\vendor\codeigniter4\framework\system\CodeIgniter.php(318): CodeIgniter\CodeIgniter->handleRequest(NULL, Object(Config\Cache), false)
#6 C:\xampp\htdocs\fcm4\public\index.php(37): CodeIgniter\CodeIgniter->run()
#7 C:\xampp\htdocs\fcm4\vendor\codeigniter4\framework\system\Commands\Server\rewrite.php(43): require_once('C:\\xampp\\htdocs...')
#8 {main}
CRITICAL - 2022-01-20 19:15:35 --> Invalid file: users/row.php
#0 C:\xampp\htdocs\fcm4\vendor\codeigniter4\framework\system\View\View.php(198): CodeIgniter\Exceptions\FrameworkException::forInvalidFile('users/row.php')
#1 C:\xampp\htdocs\fcm4\vendor\codeigniter4\framework\system\Common.php(1097): CodeIgniter\View\View->render('users/row', Array, true)
#2 C:\xampp\htdocs\fcm4\app\Controllers\Admin\Managementuser.php(28): view('users/row', Array)
#3 C:\xampp\htdocs\fcm4\vendor\codeigniter4\framework\system\CodeIgniter.php(824): App\Controllers\admin\Managementuser->index()
#4 C:\xampp\htdocs\fcm4\vendor\codeigniter4\framework\system\CodeIgniter.php(410): CodeIgniter\CodeIgniter->runController(Object(App\Controllers\admin\Managementuser))
#5 C:\xampp\htdocs\fcm4\vendor\codeigniter4\framework\system\CodeIgniter.php(318): CodeIgniter\CodeIgniter->handleRequest(NULL, Object(Config\Cache), false)
#6 C:\xampp\htdocs\fcm4\public\index.php(37): CodeIgniter\CodeIgniter->run()
#7 C:\xampp\htdocs\fcm4\vendor\codeigniter4\framework\system\Commands\Server\rewrite.php(43): require_once('C:\\xampp\\htdocs...')
#8 {main}
CRITICAL - 2022-01-20 19:16:49 --> Invalid file: admin/management-user/row.php
#0 C:\xampp\htdocs\fcm4\vendor\codeigniter4\framework\system\View\View.php(198): CodeIgniter\Exceptions\FrameworkException::forInvalidFile('admin/managemen...')
#1 C:\xampp\htdocs\fcm4\vendor\codeigniter4\framework\system\Common.php(1097): CodeIgniter\View\View->render('admin/managemen...', Array, true)
#2 C:\xampp\htdocs\fcm4\app\Controllers\Admin\Managementuser.php(28): view('admin/managemen...', Array)
#3 C:\xampp\htdocs\fcm4\vendor\codeigniter4\framework\system\CodeIgniter.php(824): App\Controllers\admin\Managementuser->index()
#4 C:\xampp\htdocs\fcm4\vendor\codeigniter4\framework\system\CodeIgniter.php(410): CodeIgniter\CodeIgniter->runController(Object(App\Controllers\admin\Managementuser))
#5 C:\xampp\htdocs\fcm4\vendor\codeigniter4\framework\system\CodeIgniter.php(318): CodeIgniter\CodeIgniter->handleRequest(NULL, Object(Config\Cache), false)
#6 C:\xampp\htdocs\fcm4\public\index.php(37): CodeIgniter\CodeIgniter->run()
#7 C:\xampp\htdocs\fcm4\vendor\codeigniter4\framework\system\Commands\Server\rewrite.php(43): require_once('C:\\xampp\\htdocs...')
#8 {main}
CRITICAL - 2022-01-20 19:19:00 --> Undefined variable: users
#0 C:\xampp\htdocs\fcm4\app\Views\admin\management-user.php(54): CodeIgniter\Debug\Exceptions->errorHandler(8, 'Undefined varia...', 'C:\\xampp\\htdocs...', 54, Array)
#1 C:\xampp\htdocs\fcm4\vendor\codeigniter4\framework\system\View\View.php(214): include('C:\\xampp\\htdocs...')
#2 C:\xampp\htdocs\fcm4\vendor\codeigniter4\framework\system\View\View.php(217): CodeIgniter\View\View->CodeIgniter\View\{closure}()
#3 C:\xampp\htdocs\fcm4\vendor\codeigniter4\framework\system\Common.php(1097): CodeIgniter\View\View->render('admin/managemen...', Array, true)
#4 C:\xampp\htdocs\fcm4\app\Controllers\Admin\Managementuser.php(28): view('admin/managemen...', Array)
#5 C:\xampp\htdocs\fcm4\vendor\codeigniter4\framework\system\CodeIgniter.php(824): App\Controllers\admin\Managementuser->index()
#6 C:\xampp\htdocs\fcm4\vendor\codeigniter4\framework\system\CodeIgniter.php(410): CodeIgniter\CodeIgniter->runController(Object(App\Controllers\admin\Managementuser))
#7 C:\xampp\htdocs\fcm4\vendor\codeigniter4\framework\system\CodeIgniter.php(318): CodeIgniter\CodeIgniter->handleRequest(NULL, Object(Config\Cache), false)
#8 C:\xampp\htdocs\fcm4\public\index.php(37): CodeIgniter\CodeIgniter->run()
#9 C:\xampp\htdocs\fcm4\vendor\codeigniter4\framework\system\Commands\Server\rewrite.php(43): require_once('C:\\xampp\\htdocs...')
#10 {main}
CRITICAL - 2022-01-20 19:23:36 --> Undefined variable: users
#0 C:\xampp\htdocs\fcm4\app\Views\admin\management-user.php(55): CodeIgniter\Debug\Exceptions->errorHandler(8, 'Undefined varia...', 'C:\\xampp\\htdocs...', 55, Array)
#1 C:\xampp\htdocs\fcm4\vendor\codeigniter4\framework\system\View\View.php(214): include('C:\\xampp\\htdocs...')
#2 C:\xampp\htdocs\fcm4\vendor\codeigniter4\framework\system\View\View.php(217): CodeIgniter\View\View->CodeIgniter\View\{closure}()
#3 C:\xampp\htdocs\fcm4\vendor\codeigniter4\framework\system\Common.php(1097): CodeIgniter\View\View->render('admin/managemen...', Array, true)
#4 C:\xampp\htdocs\fcm4\app\Controllers\Admin\Managementuser.php(28): view('admin/managemen...', Array)
#5 C:\xampp\htdocs\fcm4\vendor\codeigniter4\framework\system\CodeIgniter.php(824): App\Controllers\admin\Managementuser->index()
#6 C:\xampp\htdocs\fcm4\vendor\codeigniter4\framework\system\CodeIgniter.php(410): CodeIgniter\CodeIgniter->runController(Object(App\Controllers\admin\Managementuser))
#7 C:\xampp\htdocs\fcm4\vendor\codeigniter4\framework\system\CodeIgniter.php(318): CodeIgniter\CodeIgniter->handleRequest(NULL, Object(Config\Cache), false)
#8 C:\xampp\htdocs\fcm4\public\index.php(37): CodeIgniter\CodeIgniter->run()
#9 C:\xampp\htdocs\fcm4\vendor\codeigniter4\framework\system\Commands\Server\rewrite.php(43): require_once('C:\\xampp\\htdocs...')
#10 {main}
CRITICAL - 2022-01-20 19:49:32 --> Call to undefined function set_value()
#0 C:\xampp\htdocs\fcm4\vendor\codeigniter4\framework\system\View\View.php(214): include()
#1 C:\xampp\htdocs\fcm4\vendor\codeigniter4\framework\system\View\View.php(217): CodeIgniter\View\View->CodeIgniter\View\{closure}()
#2 C:\xampp\htdocs\fcm4\vendor\codeigniter4\framework\system\Common.php(1097): CodeIgniter\View\View->render('admin/blog/add', Array, true)
#3 C:\xampp\htdocs\fcm4\app\Controllers\Admin\Blog.php(55): view('admin/blog/add', Array)
#4 C:\xampp\htdocs\fcm4\vendor\codeigniter4\framework\system\CodeIgniter.php(824): App\Controllers\admin\Blog->add()
#5 C:\xampp\htdocs\fcm4\vendor\codeigniter4\framework\system\CodeIgniter.php(410): CodeIgniter\CodeIgniter->runController(Object(App\Controllers\admin\Blog))
#6 C:\xampp\htdocs\fcm4\vendor\codeigniter4\framework\system\CodeIgniter.php(318): CodeIgniter\CodeIgniter->handleRequest(NULL, Object(Config\Cache), false)
#7 C:\xampp\htdocs\fcm4\public\index.php(37): CodeIgniter\CodeIgniter->run()
#8 C:\xampp\htdocs\fcm4\vendor\codeigniter4\framework\system\Commands\Server\rewrite.php(43): require_once('C:\\xampp\\htdocs...')
#9 {main}
CRITICAL - 2022-01-20 19:59:03 --> syntax error, unexpected ','
#0 C:\xampp\htdocs\fcm4\vendor\codeigniter4\framework\system\Autoloader\Autoloader.php(241): CodeIgniter\Autoloader\Autoloader->includeFile('C:\\xampp\\htdocs...')
#1 C:\xampp\htdocs\fcm4\vendor\codeigniter4\framework\system\Autoloader\Autoloader.php(219): CodeIgniter\Autoloader\Autoloader->loadInNamespace('App\\Controllers...')
#2 [internal function]: CodeIgniter\Autoloader\Autoloader->loadClass('App\\Controllers...')
#3 [internal function]: spl_autoload_call('App\\Controllers...')
#4 C:\xampp\htdocs\fcm4\vendor\codeigniter4\framework\system\CodeIgniter.php(789): class_exists('\\App\\Controller...', true)
#5 C:\xampp\htdocs\fcm4\vendor\codeigniter4\framework\system\CodeIgniter.php(397): CodeIgniter\CodeIgniter->startController()
#6 C:\xampp\htdocs\fcm4\vendor\codeigniter4\framework\system\CodeIgniter.php(318): CodeIgniter\CodeIgniter->handleRequest(NULL, Object(Config\Cache), false)
#7 C:\xampp\htdocs\fcm4\public\index.php(37): CodeIgniter\CodeIgniter->run()
#8 C:\xampp\htdocs\fcm4\vendor\codeigniter4\framework\system\Commands\Server\rewrite.php(43): require_once('C:\\xampp\\htdocs...')
#9 {main}
CRITICAL - 2022-01-20 19:59:12 --> Call to undefined function now()
#0 C:\xampp\htdocs\fcm4\vendor\codeigniter4\framework\system\View\View.php(214): include()
#1 C:\xampp\htdocs\fcm4\vendor\codeigniter4\framework\system\View\View.php(217): CodeIgniter\View\View->CodeIgniter\View\{closure}()
#2 C:\xampp\htdocs\fcm4\vendor\codeigniter4\framework\system\Common.php(1097): CodeIgniter\View\View->render('admin/managemen...', Array, true)
#3 C:\xampp\htdocs\fcm4\app\Controllers\Admin\Managementuser.php(40): view('admin/managemen...', Array)
#4 C:\xampp\htdocs\fcm4\vendor\codeigniter4\framework\system\CodeIgniter.php(824): App\Controllers\admin\Managementuser->index()
#5 C:\xampp\htdocs\fcm4\vendor\codeigniter4\framework\system\CodeIgniter.php(410): CodeIgniter\CodeIgniter->runController(Object(App\Controllers\admin\Managementuser))
#6 C:\xampp\htdocs\fcm4\vendor\codeigniter4\framework\system\CodeIgniter.php(318): CodeIgniter\CodeIgniter->handleRequest(NULL, Object(Config\Cache), false)
#7 C:\xampp\htdocs\fcm4\public\index.php(37): CodeIgniter\CodeIgniter->run()
#8 C:\xampp\htdocs\fcm4\vendor\codeigniter4\framework\system\Commands\Server\rewrite.php(43): require_once('C:\\xampp\\htdocs...')
#9 {main}
CRITICAL - 2022-01-20 19:59:24 --> Call to undefined function now()
#0 C:\xampp\htdocs\fcm4\vendor\codeigniter4\framework\system\View\View.php(214): include()
#1 C:\xampp\htdocs\fcm4\vendor\codeigniter4\framework\system\View\View.php(217): CodeIgniter\View\View->CodeIgniter\View\{closure}()
#2 C:\xampp\htdocs\fcm4\vendor\codeigniter4\framework\system\Common.php(1097): CodeIgniter\View\View->render('admin/managemen...', Array, true)
#3 C:\xampp\htdocs\fcm4\app\Controllers\Admin\Managementuser.php(40): view('admin/managemen...', Array)
#4 C:\xampp\htdocs\fcm4\vendor\codeigniter4\framework\system\CodeIgniter.php(824): App\Controllers\admin\Managementuser->index()
#5 C:\xampp\htdocs\fcm4\vendor\codeigniter4\framework\system\CodeIgniter.php(410): CodeIgniter\CodeIgniter->runController(Object(App\Controllers\admin\Managementuser))
#6 C:\xampp\htdocs\fcm4\vendor\codeigniter4\framework\system\CodeIgniter.php(318): CodeIgniter\CodeIgniter->handleRequest(NULL, Object(Config\Cache), false)
#7 C:\xampp\htdocs\fcm4\public\index.php(37): CodeIgniter\CodeIgniter->run()
#8 C:\xampp\htdocs\fcm4\vendor\codeigniter4\framework\system\Commands\Server\rewrite.php(43): require_once('C:\\xampp\\htdocs...')
#9 {main}
