CRITICAL - 2022-01-28 00:04:34 --> Invalid file: admin/management/website.php
#0 C:\xampp\htdocs\fcm4\vendor\codeigniter4\framework\system\View\View.php(198): CodeIgniter\Exceptions\FrameworkException::forInvalidFile('admin/managemen...')
#1 C:\xampp\htdocs\fcm4\vendor\codeigniter4\framework\system\Common.php(1097): CodeIgniter\View\View->render('admin/managemen...', Array, true)
#2 C:\xampp\htdocs\fcm4\app\Controllers\Admin\Managementwebsite.php(73): view('admin/managemen...', Array)
#3 C:\xampp\htdocs\fcm4\vendor\codeigniter4\framework\system\CodeIgniter.php(824): App\Controllers\admin\Managementwebsite->updatewebsite()
#4 C:\xampp\htdocs\fcm4\vendor\codeigniter4\framework\system\CodeIgniter.php(410): CodeIgniter\CodeIgniter->runController(Object(App\Controllers\admin\Managementwebsite))
#5 C:\xampp\htdocs\fcm4\vendor\codeigniter4\framework\system\CodeIgniter.php(318): CodeIgniter\CodeIgniter->handleRequest(NULL, Object(Config\Cache), false)
#6 C:\xampp\htdocs\fcm4\public\index.php(37): CodeIgniter\CodeIgniter->run()
#7 C:\xampp\htdocs\fcm4\vendor\codeigniter4\framework\system\Commands\Server\rewrite.php(43): require_once('C:\\xampp\\htdocs...')
#8 {main}
CRITICAL - 2022-01-28 00:11:32 --> Invalid file: admin/management/website.php
#0 C:\xampp\htdocs\fcm4\vendor\codeigniter4\framework\system\View\View.php(198): CodeIgniter\Exceptions\FrameworkException::forInvalidFile('admin/managemen...')
#1 C:\xampp\htdocs\fcm4\vendor\codeigniter4\framework\system\Common.php(1097): CodeIgniter\View\View->render('admin/managemen...', Array, true)
#2 C:\xampp\htdocs\fcm4\app\Controllers\Admin\Managementwebsite.php(73): view('admin/managemen...', Array)
#3 C:\xampp\htdocs\fcm4\vendor\codeigniter4\framework\system\CodeIgniter.php(824): App\Controllers\admin\Managementwebsite->updatewebsite()
#4 C:\xampp\htdocs\fcm4\vendor\codeigniter4\framework\system\CodeIgniter.php(410): CodeIgniter\CodeIgniter->runController(Object(App\Controllers\admin\Managementwebsite))
#5 C:\xampp\htdocs\fcm4\vendor\codeigniter4\framework\system\CodeIgniter.php(318): CodeIgniter\CodeIgniter->handleRequest(NULL, Object(Config\Cache), false)
#6 C:\xampp\htdocs\fcm4\public\index.php(37): CodeIgniter\CodeIgniter->run()
#7 C:\xampp\htdocs\fcm4\vendor\codeigniter4\framework\system\Commands\Server\rewrite.php(43): require_once('C:\\xampp\\htdocs...')
#8 {main}
CRITICAL - 2022-01-28 00:28:39 --> Invalid file: admin/management/website.php
#0 C:\xampp\htdocs\fcm4\vendor\codeigniter4\framework\system\View\View.php(198): CodeIgniter\Exceptions\FrameworkException::forInvalidFile('admin/managemen...')
#1 C:\xampp\htdocs\fcm4\vendor\codeigniter4\framework\system\Common.php(1097): CodeIgniter\View\View->render('admin/managemen...', Array, true)
#2 C:\xampp\htdocs\fcm4\app\Controllers\Admin\Managementwebsite.php(73): view('admin/managemen...', Array)
#3 C:\xampp\htdocs\fcm4\vendor\codeigniter4\framework\system\CodeIgniter.php(824): App\Controllers\admin\Managementwebsite->updatewebsite()
#4 C:\xampp\htdocs\fcm4\vendor\codeigniter4\framework\system\CodeIgniter.php(410): CodeIgniter\CodeIgniter->runController(Object(App\Controllers\admin\Managementwebsite))
#5 C:\xampp\htdocs\fcm4\vendor\codeigniter4\framework\system\CodeIgniter.php(318): CodeIgniter\CodeIgniter->handleRequest(NULL, Object(Config\Cache), false)
#6 C:\xampp\htdocs\fcm4\public\index.php(37): CodeIgniter\CodeIgniter->run()
#7 C:\xampp\htdocs\fcm4\vendor\codeigniter4\framework\system\Commands\Server\rewrite.php(43): require_once('C:\\xampp\\htdocs...')
#8 {main}
CRITICAL - 2022-01-28 00:31:36 --> Invalid file: admin/management/website.php
#0 C:\xampp\htdocs\fcm4\vendor\codeigniter4\framework\system\View\View.php(198): CodeIgniter\Exceptions\FrameworkException::forInvalidFile('admin/managemen...')
#1 C:\xampp\htdocs\fcm4\vendor\codeigniter4\framework\system\Common.php(1097): CodeIgniter\View\View->render('admin/managemen...', Array, true)
#2 C:\xampp\htdocs\fcm4\app\Controllers\Admin\Managementwebsite.php(73): view('admin/managemen...', Array)
#3 C:\xampp\htdocs\fcm4\vendor\codeigniter4\framework\system\CodeIgniter.php(824): App\Controllers\admin\Managementwebsite->updatewebsite()
#4 C:\xampp\htdocs\fcm4\vendor\codeigniter4\framework\system\CodeIgniter.php(410): CodeIgniter\CodeIgniter->runController(Object(App\Controllers\admin\Managementwebsite))
#5 C:\xampp\htdocs\fcm4\vendor\codeigniter4\framework\system\CodeIgniter.php(318): CodeIgniter\CodeIgniter->handleRequest(NULL, Object(Config\Cache), false)
#6 C:\xampp\htdocs\fcm4\public\index.php(37): CodeIgniter\CodeIgniter->run()
#7 C:\xampp\htdocs\fcm4\vendor\codeigniter4\framework\system\Commands\Server\rewrite.php(43): require_once('C:\\xampp\\htdocs...')
#8 {main}
CRITICAL - 2022-01-28 00:32:17 --> Invalid file: admin/management/website.php
#0 C:\xampp\htdocs\fcm4\vendor\codeigniter4\framework\system\View\View.php(198): CodeIgniter\Exceptions\FrameworkException::forInvalidFile('admin/managemen...')
#1 C:\xampp\htdocs\fcm4\vendor\codeigniter4\framework\system\Common.php(1097): CodeIgniter\View\View->render('admin/managemen...', Array, true)
#2 C:\xampp\htdocs\fcm4\app\Controllers\Admin\Managementwebsite.php(73): view('admin/managemen...', Array)
#3 C:\xampp\htdocs\fcm4\vendor\codeigniter4\framework\system\CodeIgniter.php(824): App\Controllers\admin\Managementwebsite->updatewebsite()
#4 C:\xampp\htdocs\fcm4\vendor\codeigniter4\framework\system\CodeIgniter.php(410): CodeIgniter\CodeIgniter->runController(Object(App\Controllers\admin\Managementwebsite))
#5 C:\xampp\htdocs\fcm4\vendor\codeigniter4\framework\system\CodeIgniter.php(318): CodeIgniter\CodeIgniter->handleRequest(NULL, Object(Config\Cache), false)
#6 C:\xampp\htdocs\fcm4\public\index.php(37): CodeIgniter\CodeIgniter->run()
#7 C:\xampp\htdocs\fcm4\vendor\codeigniter4\framework\system\Commands\Server\rewrite.php(43): require_once('C:\\xampp\\htdocs...')
#8 {main}
CRITICAL - 2022-01-28 00:41:33 --> Invalid file: admin/management/website.php
#0 C:\xampp\htdocs\fcm4\vendor\codeigniter4\framework\system\View\View.php(198): CodeIgniter\Exceptions\FrameworkException::forInvalidFile('admin/managemen...')
#1 C:\xampp\htdocs\fcm4\vendor\codeigniter4\framework\system\Common.php(1097): CodeIgniter\View\View->render('admin/managemen...', Array, true)
#2 C:\xampp\htdocs\fcm4\app\Controllers\Admin\Managementwebsite.php(73): view('admin/managemen...', Array)
#3 C:\xampp\htdocs\fcm4\vendor\codeigniter4\framework\system\CodeIgniter.php(824): App\Controllers\admin\Managementwebsite->updatewebsite()
#4 C:\xampp\htdocs\fcm4\vendor\codeigniter4\framework\system\CodeIgniter.php(410): CodeIgniter\CodeIgniter->runController(Object(App\Controllers\admin\Managementwebsite))
#5 C:\xampp\htdocs\fcm4\vendor\codeigniter4\framework\system\CodeIgniter.php(318): CodeIgniter\CodeIgniter->handleRequest(NULL, Object(Config\Cache), false)
#6 C:\xampp\htdocs\fcm4\public\index.php(37): CodeIgniter\CodeIgniter->run()
#7 C:\xampp\htdocs\fcm4\vendor\codeigniter4\framework\system\Commands\Server\rewrite.php(43): require_once('C:\\xampp\\htdocs...')
#8 {main}
CRITICAL - 2022-01-28 00:44:08 --> Invalid file: admin/management/website.php
#0 C:\xampp\htdocs\fcm4\vendor\codeigniter4\framework\system\View\View.php(198): CodeIgniter\Exceptions\FrameworkException::forInvalidFile('admin/managemen...')
#1 C:\xampp\htdocs\fcm4\vendor\codeigniter4\framework\system\Common.php(1097): CodeIgniter\View\View->render('admin/managemen...', Array, true)
#2 C:\xampp\htdocs\fcm4\app\Controllers\Admin\Managementwebsite.php(73): view('admin/managemen...', Array)
#3 C:\xampp\htdocs\fcm4\vendor\codeigniter4\framework\system\CodeIgniter.php(824): App\Controllers\admin\Managementwebsite->updatewebsite()
#4 C:\xampp\htdocs\fcm4\vendor\codeigniter4\framework\system\CodeIgniter.php(410): CodeIgniter\CodeIgniter->runController(Object(App\Controllers\admin\Managementwebsite))
#5 C:\xampp\htdocs\fcm4\vendor\codeigniter4\framework\system\CodeIgniter.php(318): CodeIgniter\CodeIgniter->handleRequest(NULL, Object(Config\Cache), false)
#6 C:\xampp\htdocs\fcm4\public\index.php(37): CodeIgniter\CodeIgniter->run()
#7 C:\xampp\htdocs\fcm4\vendor\codeigniter4\framework\system\Commands\Server\rewrite.php(43): require_once('C:\\xampp\\htdocs...')
#8 {main}
CRITICAL - 2022-01-28 00:45:56 --> Invalid file: admin/management/website.php
#0 C:\xampp\htdocs\fcm4\vendor\codeigniter4\framework\system\View\View.php(198): CodeIgniter\Exceptions\FrameworkException::forInvalidFile('admin/managemen...')
#1 C:\xampp\htdocs\fcm4\vendor\codeigniter4\framework\system\Common.php(1097): CodeIgniter\View\View->render('admin/managemen...', Array, true)
#2 C:\xampp\htdocs\fcm4\app\Controllers\Admin\Managementwebsite.php(73): view('admin/managemen...', Array)
#3 C:\xampp\htdocs\fcm4\vendor\codeigniter4\framework\system\CodeIgniter.php(824): App\Controllers\admin\Managementwebsite->updatewebsite()
#4 C:\xampp\htdocs\fcm4\vendor\codeigniter4\framework\system\CodeIgniter.php(410): CodeIgniter\CodeIgniter->runController(Object(App\Controllers\admin\Managementwebsite))
#5 C:\xampp\htdocs\fcm4\vendor\codeigniter4\framework\system\CodeIgniter.php(318): CodeIgniter\CodeIgniter->handleRequest(NULL, Object(Config\Cache), false)
#6 C:\xampp\htdocs\fcm4\public\index.php(37): CodeIgniter\CodeIgniter->run()
#7 C:\xampp\htdocs\fcm4\vendor\codeigniter4\framework\system\Commands\Server\rewrite.php(43): require_once('C:\\xampp\\htdocs...')
#8 {main}
CRITICAL - 2022-01-28 00:46:01 --> Invalid file: admin/management/website.php
#0 C:\xampp\htdocs\fcm4\vendor\codeigniter4\framework\system\View\View.php(198): CodeIgniter\Exceptions\FrameworkException::forInvalidFile('admin/managemen...')
#1 C:\xampp\htdocs\fcm4\vendor\codeigniter4\framework\system\Common.php(1097): CodeIgniter\View\View->render('admin/managemen...', Array, true)
#2 C:\xampp\htdocs\fcm4\app\Controllers\Admin\Managementwebsite.php(73): view('admin/managemen...', Array)
#3 C:\xampp\htdocs\fcm4\vendor\codeigniter4\framework\system\CodeIgniter.php(824): App\Controllers\admin\Managementwebsite->updatewebsite()
#4 C:\xampp\htdocs\fcm4\vendor\codeigniter4\framework\system\CodeIgniter.php(410): CodeIgniter\CodeIgniter->runController(Object(App\Controllers\admin\Managementwebsite))
#5 C:\xampp\htdocs\fcm4\vendor\codeigniter4\framework\system\CodeIgniter.php(318): CodeIgniter\CodeIgniter->handleRequest(NULL, Object(Config\Cache), false)
#6 C:\xampp\htdocs\fcm4\public\index.php(37): CodeIgniter\CodeIgniter->run()
#7 C:\xampp\htdocs\fcm4\vendor\codeigniter4\framework\system\Commands\Server\rewrite.php(43): require_once('C:\\xampp\\htdocs...')
#8 {main}
CRITICAL - 2022-01-28 00:47:15 --> Invalid file: admin/management/website.php
#0 C:\xampp\htdocs\fcm4\vendor\codeigniter4\framework\system\View\View.php(198): CodeIgniter\Exceptions\FrameworkException::forInvalidFile('admin/managemen...')
#1 C:\xampp\htdocs\fcm4\vendor\codeigniter4\framework\system\Common.php(1097): CodeIgniter\View\View->render('admin/managemen...', Array, true)
#2 C:\xampp\htdocs\fcm4\app\Controllers\Admin\Managementwebsite.php(73): view('admin/managemen...', Array)
#3 C:\xampp\htdocs\fcm4\vendor\codeigniter4\framework\system\CodeIgniter.php(824): App\Controllers\admin\Managementwebsite->updatewebsite()
#4 C:\xampp\htdocs\fcm4\vendor\codeigniter4\framework\system\CodeIgniter.php(410): CodeIgniter\CodeIgniter->runController(Object(App\Controllers\admin\Managementwebsite))
#5 C:\xampp\htdocs\fcm4\vendor\codeigniter4\framework\system\CodeIgniter.php(318): CodeIgniter\CodeIgniter->handleRequest(NULL, Object(Config\Cache), false)
#6 C:\xampp\htdocs\fcm4\public\index.php(37): CodeIgniter\CodeIgniter->run()
#7 C:\xampp\htdocs\fcm4\vendor\codeigniter4\framework\system\Commands\Server\rewrite.php(43): require_once('C:\\xampp\\htdocs...')
#8 {main}
CRITICAL - 2022-01-28 00:47:49 --> Invalid file: admin/management/website.php
#0 C:\xampp\htdocs\fcm4\vendor\codeigniter4\framework\system\View\View.php(198): CodeIgniter\Exceptions\FrameworkException::forInvalidFile('admin/managemen...')
#1 C:\xampp\htdocs\fcm4\vendor\codeigniter4\framework\system\Common.php(1097): CodeIgniter\View\View->render('admin/managemen...', Array, true)
#2 C:\xampp\htdocs\fcm4\app\Controllers\Admin\Managementwebsite.php(74): view('admin/managemen...', Array)
#3 C:\xampp\htdocs\fcm4\vendor\codeigniter4\framework\system\CodeIgniter.php(824): App\Controllers\admin\Managementwebsite->updatewebsite()
#4 C:\xampp\htdocs\fcm4\vendor\codeigniter4\framework\system\CodeIgniter.php(410): CodeIgniter\CodeIgniter->runController(Object(App\Controllers\admin\Managementwebsite))
#5 C:\xampp\htdocs\fcm4\vendor\codeigniter4\framework\system\CodeIgniter.php(318): CodeIgniter\CodeIgniter->handleRequest(NULL, Object(Config\Cache), false)
#6 C:\xampp\htdocs\fcm4\public\index.php(37): CodeIgniter\CodeIgniter->run()
#7 C:\xampp\htdocs\fcm4\vendor\codeigniter4\framework\system\Commands\Server\rewrite.php(43): require_once('C:\\xampp\\htdocs...')
#8 {main}
CRITICAL - 2022-01-28 00:49:18 --> Invalid file: admin/management/website.php
#0 C:\xampp\htdocs\fcm4\vendor\codeigniter4\framework\system\View\View.php(198): CodeIgniter\Exceptions\FrameworkException::forInvalidFile('admin/managemen...')
#1 C:\xampp\htdocs\fcm4\vendor\codeigniter4\framework\system\Common.php(1097): CodeIgniter\View\View->render('admin/managemen...', Array, true)
#2 C:\xampp\htdocs\fcm4\app\Controllers\Admin\Managementwebsite.php(73): view('admin/managemen...', Array)
#3 C:\xampp\htdocs\fcm4\vendor\codeigniter4\framework\system\CodeIgniter.php(824): App\Controllers\admin\Managementwebsite->updatewebsite()
#4 C:\xampp\htdocs\fcm4\vendor\codeigniter4\framework\system\CodeIgniter.php(410): CodeIgniter\CodeIgniter->runController(Object(App\Controllers\admin\Managementwebsite))
#5 C:\xampp\htdocs\fcm4\vendor\codeigniter4\framework\system\CodeIgniter.php(318): CodeIgniter\CodeIgniter->handleRequest(NULL, Object(Config\Cache), false)
#6 C:\xampp\htdocs\fcm4\public\index.php(37): CodeIgniter\CodeIgniter->run()
#7 C:\xampp\htdocs\fcm4\vendor\codeigniter4\framework\system\Commands\Server\rewrite.php(43): require_once('C:\\xampp\\htdocs...')
#8 {main}
CRITICAL - 2022-01-28 00:55:53 --> Undefined variable: web
#0 C:\xampp\htdocs\fcm4\app\Views\home.php(53): CodeIgniter\Debug\Exceptions->errorHandler(8, 'Undefined varia...', 'C:\\xampp\\htdocs...', 53, Array)
#1 C:\xampp\htdocs\fcm4\vendor\codeigniter4\framework\system\View\View.php(214): include('C:\\xampp\\htdocs...')
#2 C:\xampp\htdocs\fcm4\vendor\codeigniter4\framework\system\View\View.php(217): CodeIgniter\View\View->CodeIgniter\View\{closure}()
#3 C:\xampp\htdocs\fcm4\vendor\codeigniter4\framework\system\Common.php(1097): CodeIgniter\View\View->render('home', Array, true)
#4 C:\xampp\htdocs\fcm4\app\Controllers\Home.php(24): view('home', Array)
#5 C:\xampp\htdocs\fcm4\vendor\codeigniter4\framework\system\CodeIgniter.php(824): App\Controllers\Home->index()
#6 C:\xampp\htdocs\fcm4\vendor\codeigniter4\framework\system\CodeIgniter.php(410): CodeIgniter\CodeIgniter->runController(Object(App\Controllers\Home))
#7 C:\xampp\htdocs\fcm4\vendor\codeigniter4\framework\system\CodeIgniter.php(318): CodeIgniter\CodeIgniter->handleRequest(NULL, Object(Config\Cache), false)
#8 C:\xampp\htdocs\fcm4\public\index.php(37): CodeIgniter\CodeIgniter->run()
#9 C:\xampp\htdocs\fcm4\vendor\codeigniter4\framework\system\Commands\Server\rewrite.php(43): require_once('C:\\xampp\\htdocs...')
#10 {main}
CRITICAL - 2022-01-28 00:56:36 --> syntax error, unexpected 'endforeach' (T_ENDFOREACH), expecting end of file
#0 C:\xampp\htdocs\fcm4\vendor\codeigniter4\framework\system\View\View.php(217): CodeIgniter\View\View->CodeIgniter\View\{closure}()
#1 C:\xampp\htdocs\fcm4\vendor\codeigniter4\framework\system\Common.php(1097): CodeIgniter\View\View->render('home', Array, true)
#2 C:\xampp\htdocs\fcm4\app\Controllers\Home.php(24): view('home', Array)
#3 C:\xampp\htdocs\fcm4\vendor\codeigniter4\framework\system\CodeIgniter.php(824): App\Controllers\Home->index()
#4 C:\xampp\htdocs\fcm4\vendor\codeigniter4\framework\system\CodeIgniter.php(410): CodeIgniter\CodeIgniter->runController(Object(App\Controllers\Home))
#5 C:\xampp\htdocs\fcm4\vendor\codeigniter4\framework\system\CodeIgniter.php(318): CodeIgniter\CodeIgniter->handleRequest(NULL, Object(Config\Cache), false)
#6 C:\xampp\htdocs\fcm4\public\index.php(37): CodeIgniter\CodeIgniter->run()
#7 C:\xampp\htdocs\fcm4\vendor\codeigniter4\framework\system\Commands\Server\rewrite.php(43): require_once('C:\\xampp\\htdocs...')
#8 {main}
CRITICAL - 2022-01-28 00:57:05 --> syntax error, unexpected 'endforeach' (T_ENDFOREACH), expecting end of file
#0 C:\xampp\htdocs\fcm4\vendor\codeigniter4\framework\system\View\View.php(217): CodeIgniter\View\View->CodeIgniter\View\{closure}()
#1 C:\xampp\htdocs\fcm4\vendor\codeigniter4\framework\system\Common.php(1097): CodeIgniter\View\View->render('home', Array, true)
#2 C:\xampp\htdocs\fcm4\app\Controllers\Home.php(24): view('home', Array)
#3 C:\xampp\htdocs\fcm4\vendor\codeigniter4\framework\system\CodeIgniter.php(824): App\Controllers\Home->index()
#4 C:\xampp\htdocs\fcm4\vendor\codeigniter4\framework\system\CodeIgniter.php(410): CodeIgniter\CodeIgniter->runController(Object(App\Controllers\Home))
#5 C:\xampp\htdocs\fcm4\vendor\codeigniter4\framework\system\CodeIgniter.php(318): CodeIgniter\CodeIgniter->handleRequest(NULL, Object(Config\Cache), false)
#6 C:\xampp\htdocs\fcm4\public\index.php(37): CodeIgniter\CodeIgniter->run()
#7 C:\xampp\htdocs\fcm4\vendor\codeigniter4\framework\system\Commands\Server\rewrite.php(43): require_once('C:\\xampp\\htdocs...')
#8 {main}
CRITICAL - 2022-01-28 00:57:06 --> syntax error, unexpected 'endforeach' (T_ENDFOREACH), expecting end of file
#0 C:\xampp\htdocs\fcm4\vendor\codeigniter4\framework\system\View\View.php(217): CodeIgniter\View\View->CodeIgniter\View\{closure}()
#1 C:\xampp\htdocs\fcm4\vendor\codeigniter4\framework\system\Common.php(1097): CodeIgniter\View\View->render('home', Array, true)
#2 C:\xampp\htdocs\fcm4\app\Controllers\Home.php(24): view('home', Array)
#3 C:\xampp\htdocs\fcm4\vendor\codeigniter4\framework\system\CodeIgniter.php(824): App\Controllers\Home->index()
#4 C:\xampp\htdocs\fcm4\vendor\codeigniter4\framework\system\CodeIgniter.php(410): CodeIgniter\CodeIgniter->runController(Object(App\Controllers\Home))
#5 C:\xampp\htdocs\fcm4\vendor\codeigniter4\framework\system\CodeIgniter.php(318): CodeIgniter\CodeIgniter->handleRequest(NULL, Object(Config\Cache), false)
#6 C:\xampp\htdocs\fcm4\public\index.php(37): CodeIgniter\CodeIgniter->run()
#7 C:\xampp\htdocs\fcm4\vendor\codeigniter4\framework\system\Commands\Server\rewrite.php(43): require_once('C:\\xampp\\htdocs...')
#8 {main}
CRITICAL - 2022-01-28 01:05:15 --> Undefined variable: website
#0 C:\xampp\htdocs\fcm4\app\Views\blog.php(1): CodeIgniter\Debug\Exceptions->errorHandler(8, 'Undefined varia...', 'C:\\xampp\\htdocs...', 1, Array)
#1 C:\xampp\htdocs\fcm4\vendor\codeigniter4\framework\system\View\View.php(214): include('C:\\xampp\\htdocs...')
#2 C:\xampp\htdocs\fcm4\vendor\codeigniter4\framework\system\View\View.php(217): CodeIgniter\View\View->CodeIgniter\View\{closure}()
#3 C:\xampp\htdocs\fcm4\vendor\codeigniter4\framework\system\Common.php(1097): CodeIgniter\View\View->render('blog', Array, true)
#4 C:\xampp\htdocs\fcm4\app\Controllers\Blog.php(32): view('blog', Array)
#5 C:\xampp\htdocs\fcm4\vendor\codeigniter4\framework\system\CodeIgniter.php(824): App\Controllers\Blog->index()
#6 C:\xampp\htdocs\fcm4\vendor\codeigniter4\framework\system\CodeIgniter.php(410): CodeIgniter\CodeIgniter->runController(Object(App\Controllers\Blog))
#7 C:\xampp\htdocs\fcm4\vendor\codeigniter4\framework\system\CodeIgniter.php(318): CodeIgniter\CodeIgniter->handleRequest(NULL, Object(Config\Cache), false)
#8 C:\xampp\htdocs\fcm4\public\index.php(37): CodeIgniter\CodeIgniter->run()
#9 C:\xampp\htdocs\fcm4\vendor\codeigniter4\framework\system\Commands\Server\rewrite.php(43): require_once('C:\\xampp\\htdocs...')
#10 {main}
CRITICAL - 2022-01-28 01:10:47 --> Undefined variable: website
#0 C:\xampp\htdocs\fcm4\app\Views\blog-details.php(1): CodeIgniter\Debug\Exceptions->errorHandler(8, 'Undefined varia...', 'C:\\xampp\\htdocs...', 1, Array)
#1 C:\xampp\htdocs\fcm4\vendor\codeigniter4\framework\system\View\View.php(214): include('C:\\xampp\\htdocs...')
#2 C:\xampp\htdocs\fcm4\vendor\codeigniter4\framework\system\View\View.php(217): CodeIgniter\View\View->CodeIgniter\View\{closure}()
#3 C:\xampp\htdocs\fcm4\vendor\codeigniter4\framework\system\Common.php(1097): CodeIgniter\View\View->render('blog-details', Array, true)
#4 C:\xampp\htdocs\fcm4\app\Controllers\Blog.php(58): view('blog-details', Array)
#5 C:\xampp\htdocs\fcm4\vendor\codeigniter4\framework\system\CodeIgniter.php(824): App\Controllers\Blog->blogdetails('eqasdwsfsd')
#6 C:\xampp\htdocs\fcm4\vendor\codeigniter4\framework\system\CodeIgniter.php(410): CodeIgniter\CodeIgniter->runController(Object(App\Controllers\Blog))
#7 C:\xampp\htdocs\fcm4\vendor\codeigniter4\framework\system\CodeIgniter.php(318): CodeIgniter\CodeIgniter->handleRequest(NULL, Object(Config\Cache), false)
#8 C:\xampp\htdocs\fcm4\public\index.php(37): CodeIgniter\CodeIgniter->run()
#9 C:\xampp\htdocs\fcm4\vendor\codeigniter4\framework\system\Commands\Server\rewrite.php(43): require_once('C:\\xampp\\htdocs...')
#10 {main}
ERROR - 2022-01-28 02:10:04 --> Email: sendWithMail throwed mail(): Failed to connect to mailserver at &quot;localhost&quot; port 25, verify your &quot;SMTP&quot; and &quot;smtp_port&quot; setting in php.ini or use ini_set()
ERROR - 2022-01-28 11:28:41 --> Email: sendWithMail throwed mail(): Failed to connect to mailserver at &quot;localhost&quot; port 25, verify your &quot;SMTP&quot; and &quot;smtp_port&quot; setting in php.ini or use ini_set()
CRITICAL - 2022-01-28 12:29:25 --> The action you requested is not allowed.
#0 C:\xampp\htdocs\fcm4\vendor\codeigniter4\framework\system\Security\Security.php(277): CodeIgniter\Security\Exceptions\SecurityException::forDisallowedAction()
#1 C:\xampp\htdocs\fcm4\vendor\codeigniter4\framework\system\Filters\CSRF.php(53): CodeIgniter\Security\Security->verify(Object(CodeIgniter\HTTP\IncomingRequest))
#2 C:\xampp\htdocs\fcm4\vendor\codeigniter4\framework\system\Filters\Filters.php(173): CodeIgniter\Filters\CSRF->before(Object(CodeIgniter\HTTP\IncomingRequest), NULL)
#3 C:\xampp\htdocs\fcm4\vendor\codeigniter4\framework\system\CodeIgniter.php(384): CodeIgniter\Filters\Filters->run('home/sendemail', 'before')
#4 C:\xampp\htdocs\fcm4\vendor\codeigniter4\framework\system\CodeIgniter.php(318): CodeIgniter\CodeIgniter->handleRequest(NULL, Object(Config\Cache), false)
#5 C:\xampp\htdocs\fcm4\public\index.php(37): CodeIgniter\CodeIgniter->run()
#6 C:\xampp\htdocs\fcm4\vendor\codeigniter4\framework\system\Commands\Server\rewrite.php(43): require_once('C:\\xampp\\htdocs...')
#7 {main}
CRITICAL - 2022-01-28 12:35:21 --> The action you requested is not allowed.
#0 C:\xampp\htdocs\fcm4\vendor\codeigniter4\framework\system\Security\Security.php(277): CodeIgniter\Security\Exceptions\SecurityException::forDisallowedAction()
#1 C:\xampp\htdocs\fcm4\vendor\codeigniter4\framework\system\Filters\CSRF.php(53): CodeIgniter\Security\Security->verify(Object(CodeIgniter\HTTP\IncomingRequest))
#2 C:\xampp\htdocs\fcm4\vendor\codeigniter4\framework\system\Filters\Filters.php(173): CodeIgniter\Filters\CSRF->before(Object(CodeIgniter\HTTP\IncomingRequest), NULL)
#3 C:\xampp\htdocs\fcm4\vendor\codeigniter4\framework\system\CodeIgniter.php(384): CodeIgniter\Filters\Filters->run('home/sendemail', 'before')
#4 C:\xampp\htdocs\fcm4\vendor\codeigniter4\framework\system\CodeIgniter.php(318): CodeIgniter\CodeIgniter->handleRequest(NULL, Object(Config\Cache), false)
#5 C:\xampp\htdocs\fcm4\public\index.php(37): CodeIgniter\CodeIgniter->run()
#6 C:\xampp\htdocs\fcm4\vendor\codeigniter4\framework\system\Commands\Server\rewrite.php(43): require_once('C:\\xampp\\htdocs...')
#7 {main}
CRITICAL - 2022-01-28 12:45:22 --> The action you requested is not allowed.
#0 C:\xampp\htdocs\fcm4\vendor\codeigniter4\framework\system\Security\Security.php(277): CodeIgniter\Security\Exceptions\SecurityException::forDisallowedAction()
#1 C:\xampp\htdocs\fcm4\vendor\codeigniter4\framework\system\Filters\CSRF.php(53): CodeIgniter\Security\Security->verify(Object(CodeIgniter\HTTP\IncomingRequest))
#2 C:\xampp\htdocs\fcm4\vendor\codeigniter4\framework\system\Filters\Filters.php(173): CodeIgniter\Filters\CSRF->before(Object(CodeIgniter\HTTP\IncomingRequest), NULL)
#3 C:\xampp\htdocs\fcm4\vendor\codeigniter4\framework\system\CodeIgniter.php(384): CodeIgniter\Filters\Filters->run('home/sendemail', 'before')
#4 C:\xampp\htdocs\fcm4\vendor\codeigniter4\framework\system\CodeIgniter.php(318): CodeIgniter\CodeIgniter->handleRequest(NULL, Object(Config\Cache), false)
#5 C:\xampp\htdocs\fcm4\public\index.php(37): CodeIgniter\CodeIgniter->run()
#6 C:\xampp\htdocs\fcm4\vendor\codeigniter4\framework\system\Commands\Server\rewrite.php(43): require_once('C:\\xampp\\htdocs...')
#7 {main}
ERROR - 2022-01-28 12:53:21 --> Email: sendWithMail throwed mail(): Failed to connect to mailserver at &quot;localhost&quot; port 25, verify your &quot;SMTP&quot; and &quot;smtp_port&quot; setting in php.ini or use ini_set()
ERROR - 2022-01-28 12:54:23 --> Email: sendWithMail throwed mail(): Failed to connect to mailserver at &quot;localhost&quot; port 25, verify your &quot;SMTP&quot; and &quot;smtp_port&quot; setting in php.ini or use ini_set()
ERROR - 2022-01-28 12:54:25 --> Email: sendWithMail throwed mail(): Failed to connect to mailserver at &quot;localhost&quot; port 25, verify your &quot;SMTP&quot; and &quot;smtp_port&quot; setting in php.ini or use ini_set()
ERROR - 2022-01-28 12:55:02 --> Email: sendWithMail throwed mail(): Failed to connect to mailserver at &quot;localhost&quot; port 25, verify your &quot;SMTP&quot; and &quot;smtp_port&quot; setting in php.ini or use ini_set()
ERROR - 2022-01-28 12:55:04 --> Email: sendWithMail throwed mail(): Failed to connect to mailserver at &quot;localhost&quot; port 25, verify your &quot;SMTP&quot; and &quot;smtp_port&quot; setting in php.ini or use ini_set()
CRITICAL - 2022-01-28 12:58:39 --> The action you requested is not allowed.
#0 C:\xampp\htdocs\fcm4\vendor\codeigniter4\framework\system\Security\Security.php(277): CodeIgniter\Security\Exceptions\SecurityException::forDisallowedAction()
#1 C:\xampp\htdocs\fcm4\vendor\codeigniter4\framework\system\Filters\CSRF.php(53): CodeIgniter\Security\Security->verify(Object(CodeIgniter\HTTP\IncomingRequest))
#2 C:\xampp\htdocs\fcm4\vendor\codeigniter4\framework\system\Filters\Filters.php(173): CodeIgniter\Filters\CSRF->before(Object(CodeIgniter\HTTP\IncomingRequest), NULL)
#3 C:\xampp\htdocs\fcm4\vendor\codeigniter4\framework\system\CodeIgniter.php(384): CodeIgniter\Filters\Filters->run('home/sendemail', 'before')
#4 C:\xampp\htdocs\fcm4\vendor\codeigniter4\framework\system\CodeIgniter.php(318): CodeIgniter\CodeIgniter->handleRequest(NULL, Object(Config\Cache), false)
#5 C:\xampp\htdocs\fcm4\public\index.php(37): CodeIgniter\CodeIgniter->run()
#6 C:\xampp\htdocs\fcm4\vendor\codeigniter4\framework\system\Commands\Server\rewrite.php(43): require_once('C:\\xampp\\htdocs...')
#7 {main}
CRITICAL - 2022-01-28 13:02:24 --> The action you requested is not allowed.
#0 C:\xampp\htdocs\fcm4\vendor\codeigniter4\framework\system\Security\Security.php(277): CodeIgniter\Security\Exceptions\SecurityException::forDisallowedAction()
#1 C:\xampp\htdocs\fcm4\vendor\codeigniter4\framework\system\Filters\CSRF.php(53): CodeIgniter\Security\Security->verify(Object(CodeIgniter\HTTP\IncomingRequest))
#2 C:\xampp\htdocs\fcm4\vendor\codeigniter4\framework\system\Filters\Filters.php(173): CodeIgniter\Filters\CSRF->before(Object(CodeIgniter\HTTP\IncomingRequest), NULL)
#3 C:\xampp\htdocs\fcm4\vendor\codeigniter4\framework\system\CodeIgniter.php(384): CodeIgniter\Filters\Filters->run('home/sendemail', 'before')
#4 C:\xampp\htdocs\fcm4\vendor\codeigniter4\framework\system\CodeIgniter.php(318): CodeIgniter\CodeIgniter->handleRequest(NULL, Object(Config\Cache), false)
#5 C:\xampp\htdocs\fcm4\public\index.php(37): CodeIgniter\CodeIgniter->run()
#6 C:\xampp\htdocs\fcm4\vendor\codeigniter4\framework\system\Commands\Server\rewrite.php(43): require_once('C:\\xampp\\htdocs...')
#7 {main}
ERROR - 2022-01-28 13:05:24 --> Email: sendWithMail throwed mail(): Failed to connect to mailserver at &quot;localhost&quot; port 25, verify your &quot;SMTP&quot; and &quot;smtp_port&quot; setting in php.ini or use ini_set()
ERROR - 2022-01-28 13:06:01 --> Email: sendWithMail throwed mail(): Failed to connect to mailserver at &quot;localhost&quot; port 25, verify your &quot;SMTP&quot; and &quot;smtp_port&quot; setting in php.ini or use ini_set()
ERROR - 2022-01-28 13:06:04 --> Email: sendWithMail throwed mail(): Failed to connect to mailserver at &quot;localhost&quot; port 25, verify your &quot;SMTP&quot; and &quot;smtp_port&quot; setting in php.ini or use ini_set()
CRITICAL - 2022-01-28 13:08:23 --> The action you requested is not allowed.
#0 C:\xampp\htdocs\fcm4\vendor\codeigniter4\framework\system\Security\Security.php(277): CodeIgniter\Security\Exceptions\SecurityException::forDisallowedAction()
#1 C:\xampp\htdocs\fcm4\vendor\codeigniter4\framework\system\Filters\CSRF.php(53): CodeIgniter\Security\Security->verify(Object(CodeIgniter\HTTP\IncomingRequest))
#2 C:\xampp\htdocs\fcm4\vendor\codeigniter4\framework\system\Filters\Filters.php(173): CodeIgniter\Filters\CSRF->before(Object(CodeIgniter\HTTP\IncomingRequest), NULL)
#3 C:\xampp\htdocs\fcm4\vendor\codeigniter4\framework\system\CodeIgniter.php(384): CodeIgniter\Filters\Filters->run('home/sendemail', 'before')
#4 C:\xampp\htdocs\fcm4\vendor\codeigniter4\framework\system\CodeIgniter.php(318): CodeIgniter\CodeIgniter->handleRequest(NULL, Object(Config\Cache), false)
#5 C:\xampp\htdocs\fcm4\public\index.php(37): CodeIgniter\CodeIgniter->run()
#6 C:\xampp\htdocs\fcm4\vendor\codeigniter4\framework\system\Commands\Server\rewrite.php(43): require_once('C:\\xampp\\htdocs...')
#7 {main}
CRITICAL - 2022-01-28 13:10:31 --> The action you requested is not allowed.
#0 C:\xampp\htdocs\fcm4\vendor\codeigniter4\framework\system\Security\Security.php(277): CodeIgniter\Security\Exceptions\SecurityException::forDisallowedAction()
#1 C:\xampp\htdocs\fcm4\vendor\codeigniter4\framework\system\Filters\CSRF.php(53): CodeIgniter\Security\Security->verify(Object(CodeIgniter\HTTP\IncomingRequest))
#2 C:\xampp\htdocs\fcm4\vendor\codeigniter4\framework\system\Filters\Filters.php(173): CodeIgniter\Filters\CSRF->before(Object(CodeIgniter\HTTP\IncomingRequest), NULL)
#3 C:\xampp\htdocs\fcm4\vendor\codeigniter4\framework\system\CodeIgniter.php(384): CodeIgniter\Filters\Filters->run('home/sendemail', 'before')
#4 C:\xampp\htdocs\fcm4\vendor\codeigniter4\framework\system\CodeIgniter.php(318): CodeIgniter\CodeIgniter->handleRequest(NULL, Object(Config\Cache), false)
#5 C:\xampp\htdocs\fcm4\public\index.php(37): CodeIgniter\CodeIgniter->run()
#6 C:\xampp\htdocs\fcm4\vendor\codeigniter4\framework\system\Commands\Server\rewrite.php(43): require_once('C:\\xampp\\htdocs...')
#7 {main}
CRITICAL - 2022-01-28 16:17:33 --> The action you requested is not allowed.
#0 C:\xampp\htdocs\fcm4\vendor\codeigniter4\framework\system\Security\Security.php(277): CodeIgniter\Security\Exceptions\SecurityException::forDisallowedAction()
#1 C:\xampp\htdocs\fcm4\vendor\codeigniter4\framework\system\Filters\CSRF.php(53): CodeIgniter\Security\Security->verify(Object(CodeIgniter\HTTP\IncomingRequest))
#2 C:\xampp\htdocs\fcm4\vendor\codeigniter4\framework\system\Filters\Filters.php(173): CodeIgniter\Filters\CSRF->before(Object(CodeIgniter\HTTP\IncomingRequest), NULL)
#3 C:\xampp\htdocs\fcm4\vendor\codeigniter4\framework\system\CodeIgniter.php(384): CodeIgniter\Filters\Filters->run('home/sendemail', 'before')
#4 C:\xampp\htdocs\fcm4\vendor\codeigniter4\framework\system\CodeIgniter.php(318): CodeIgniter\CodeIgniter->handleRequest(NULL, Object(Config\Cache), false)
#5 C:\xampp\htdocs\fcm4\public\index.php(37): CodeIgniter\CodeIgniter->run()
#6 C:\xampp\htdocs\fcm4\vendor\codeigniter4\framework\system\Commands\Server\rewrite.php(43): require_once('C:\\xampp\\htdocs...')
#7 {main}
CRITICAL - 2022-01-28 16:22:47 --> The action you requested is not allowed.
#0 C:\xampp\htdocs\fcm4\vendor\codeigniter4\framework\system\Security\Security.php(277): CodeIgniter\Security\Exceptions\SecurityException::forDisallowedAction()
#1 C:\xampp\htdocs\fcm4\vendor\codeigniter4\framework\system\Filters\CSRF.php(53): CodeIgniter\Security\Security->verify(Object(CodeIgniter\HTTP\IncomingRequest))
#2 C:\xampp\htdocs\fcm4\vendor\codeigniter4\framework\system\Filters\Filters.php(173): CodeIgniter\Filters\CSRF->before(Object(CodeIgniter\HTTP\IncomingRequest), NULL)
#3 C:\xampp\htdocs\fcm4\vendor\codeigniter4\framework\system\CodeIgniter.php(384): CodeIgniter\Filters\Filters->run('home/sendemail', 'before')
#4 C:\xampp\htdocs\fcm4\vendor\codeigniter4\framework\system\CodeIgniter.php(318): CodeIgniter\CodeIgniter->handleRequest(NULL, Object(Config\Cache), false)
#5 C:\xampp\htdocs\fcm4\public\index.php(37): CodeIgniter\CodeIgniter->run()
#6 C:\xampp\htdocs\fcm4\vendor\codeigniter4\framework\system\Commands\Server\rewrite.php(43): require_once('C:\\xampp\\htdocs...')
#7 {main}
CRITICAL - 2022-01-28 16:26:03 --> syntax error, unexpected end of file, expecting function (T_FUNCTION) or const (T_CONST)
#0 C:\xampp\htdocs\fcm4\vendor\codeigniter4\framework\system\Autoloader\Autoloader.php(241): CodeIgniter\Autoloader\Autoloader->includeFile('C:\\xampp\\htdocs...')
#1 C:\xampp\htdocs\fcm4\vendor\codeigniter4\framework\system\Autoloader\Autoloader.php(219): CodeIgniter\Autoloader\Autoloader->loadInNamespace('App\\Controllers...')
#2 [internal function]: CodeIgniter\Autoloader\Autoloader->loadClass('App\\Controllers...')
#3 [internal function]: spl_autoload_call('App\\Controllers...')
#4 C:\xampp\htdocs\fcm4\vendor\codeigniter4\framework\system\CodeIgniter.php(789): class_exists('\\App\\Controller...', true)
#5 C:\xampp\htdocs\fcm4\vendor\codeigniter4\framework\system\CodeIgniter.php(397): CodeIgniter\CodeIgniter->startController()
#6 C:\xampp\htdocs\fcm4\vendor\codeigniter4\framework\system\CodeIgniter.php(318): CodeIgniter\CodeIgniter->handleRequest(NULL, Object(Config\Cache), false)
#7 C:\xampp\htdocs\fcm4\public\index.php(37): CodeIgniter\CodeIgniter->run()
#8 C:\xampp\htdocs\fcm4\vendor\codeigniter4\framework\system\Commands\Server\rewrite.php(43): require_once('C:\\xampp\\htdocs...')
#9 {main}
ERROR - 2022-01-28 16:28:51 --> Email: sendWithSmtp throwed stream_socket_enable_crypto(): SSL: The operation completed successfully.

ERROR - 2022-01-28 16:32:21 --> Email: sendWithSmtp throwed stream_socket_enable_crypto(): SSL: The operation completed successfully.

CRITICAL - 2022-01-28 16:43:19 --> Maximum execution time of 60 seconds exceeded
#0 [internal function]: CodeIgniter\Debug\Exceptions->shutdownHandler()
#1 {main}
CRITICAL - 2022-01-28 16:47:02 --> Maximum execution time of 60 seconds exceeded
#0 [internal function]: CodeIgniter\Debug\Exceptions->shutdownHandler()
#1 {main}
CRITICAL - 2022-01-28 16:49:33 --> Maximum execution time of 60 seconds exceeded
#0 [internal function]: CodeIgniter\Debug\Exceptions->shutdownHandler()
#1 {main}
CRITICAL - 2022-01-28 16:52:41 --> Maximum execution time of 60 seconds exceeded
#0 [internal function]: CodeIgniter\Debug\Exceptions->shutdownHandler()
#1 {main}
CRITICAL - 2022-01-28 16:54:57 --> Maximum execution time of 60 seconds exceeded
#0 [internal function]: CodeIgniter\Debug\Exceptions->shutdownHandler()
#1 {main}
CRITICAL - 2022-01-28 21:08:04 --> syntax error, unexpected end of file, expecting function (T_FUNCTION) or const (T_CONST)
#0 C:\xampp\htdocs\fcm4\vendor\codeigniter4\framework\system\Autoloader\Autoloader.php(241): CodeIgniter\Autoloader\Autoloader->includeFile('C:\\xampp\\htdocs...')
#1 C:\xampp\htdocs\fcm4\vendor\codeigniter4\framework\system\Autoloader\Autoloader.php(219): CodeIgniter\Autoloader\Autoloader->loadInNamespace('App\\Controllers...')
#2 [internal function]: CodeIgniter\Autoloader\Autoloader->loadClass('App\\Controllers...')
#3 [internal function]: spl_autoload_call('App\\Controllers...')
#4 C:\xampp\htdocs\fcm4\vendor\codeigniter4\framework\system\CodeIgniter.php(789): class_exists('\\App\\Controller...', true)
#5 C:\xampp\htdocs\fcm4\vendor\codeigniter4\framework\system\CodeIgniter.php(397): CodeIgniter\CodeIgniter->startController()
#6 C:\xampp\htdocs\fcm4\vendor\codeigniter4\framework\system\CodeIgniter.php(318): CodeIgniter\CodeIgniter->handleRequest(NULL, Object(Config\Cache), false)
#7 C:\xampp\htdocs\fcm4\public\index.php(37): CodeIgniter\CodeIgniter->run()
#8 C:\xampp\htdocs\fcm4\vendor\codeigniter4\framework\system\Commands\Server\rewrite.php(43): require_once('C:\\xampp\\htdocs...')
#9 {main}
CRITICAL - 2022-01-28 21:08:27 --> syntax error, unexpected end of file, expecting function (T_FUNCTION) or const (T_CONST)
#0 C:\xampp\htdocs\fcm4\vendor\codeigniter4\framework\system\Autoloader\Autoloader.php(241): CodeIgniter\Autoloader\Autoloader->includeFile('C:\\xampp\\htdocs...')
#1 C:\xampp\htdocs\fcm4\vendor\codeigniter4\framework\system\Autoloader\Autoloader.php(219): CodeIgniter\Autoloader\Autoloader->loadInNamespace('App\\Controllers...')
#2 [internal function]: CodeIgniter\Autoloader\Autoloader->loadClass('App\\Controllers...')
#3 [internal function]: spl_autoload_call('App\\Controllers...')
#4 C:\xampp\htdocs\fcm4\vendor\codeigniter4\framework\system\CodeIgniter.php(789): class_exists('\\App\\Controller...', true)
#5 C:\xampp\htdocs\fcm4\vendor\codeigniter4\framework\system\CodeIgniter.php(397): CodeIgniter\CodeIgniter->startController()
#6 C:\xampp\htdocs\fcm4\vendor\codeigniter4\framework\system\CodeIgniter.php(318): CodeIgniter\CodeIgniter->handleRequest(NULL, Object(Config\Cache), false)
#7 C:\xampp\htdocs\fcm4\public\index.php(37): CodeIgniter\CodeIgniter->run()
#8 C:\xampp\htdocs\fcm4\vendor\codeigniter4\framework\system\Commands\Server\rewrite.php(43): require_once('C:\\xampp\\htdocs...')
#9 {main}
CRITICAL - 2022-01-28 21:08:32 --> syntax error, unexpected end of file, expecting function (T_FUNCTION) or const (T_CONST)
#0 C:\xampp\htdocs\fcm4\vendor\codeigniter4\framework\system\Autoloader\Autoloader.php(241): CodeIgniter\Autoloader\Autoloader->includeFile('C:\\xampp\\htdocs...')
#1 C:\xampp\htdocs\fcm4\vendor\codeigniter4\framework\system\Autoloader\Autoloader.php(219): CodeIgniter\Autoloader\Autoloader->loadInNamespace('App\\Controllers...')
#2 [internal function]: CodeIgniter\Autoloader\Autoloader->loadClass('App\\Controllers...')
#3 [internal function]: spl_autoload_call('App\\Controllers...')
#4 C:\xampp\htdocs\fcm4\vendor\codeigniter4\framework\system\CodeIgniter.php(789): class_exists('\\App\\Controller...', true)
#5 C:\xampp\htdocs\fcm4\vendor\codeigniter4\framework\system\CodeIgniter.php(397): CodeIgniter\CodeIgniter->startController()
#6 C:\xampp\htdocs\fcm4\vendor\codeigniter4\framework\system\CodeIgniter.php(318): CodeIgniter\CodeIgniter->handleRequest(NULL, Object(Config\Cache), false)
#7 C:\xampp\htdocs\fcm4\public\index.php(37): CodeIgniter\CodeIgniter->run()
#8 C:\xampp\htdocs\fcm4\vendor\codeigniter4\framework\system\Commands\Server\rewrite.php(43): require_once('C:\\xampp\\htdocs...')
#9 {main}
CRITICAL - 2022-01-28 21:08:33 --> syntax error, unexpected end of file, expecting function (T_FUNCTION) or const (T_CONST)
#0 C:\xampp\htdocs\fcm4\vendor\codeigniter4\framework\system\Autoloader\Autoloader.php(241): CodeIgniter\Autoloader\Autoloader->includeFile('C:\\xampp\\htdocs...')
#1 C:\xampp\htdocs\fcm4\vendor\codeigniter4\framework\system\Autoloader\Autoloader.php(219): CodeIgniter\Autoloader\Autoloader->loadInNamespace('App\\Controllers...')
#2 [internal function]: CodeIgniter\Autoloader\Autoloader->loadClass('App\\Controllers...')
#3 [internal function]: spl_autoload_call('App\\Controllers...')
#4 C:\xampp\htdocs\fcm4\vendor\codeigniter4\framework\system\CodeIgniter.php(789): class_exists('\\App\\Controller...', true)
#5 C:\xampp\htdocs\fcm4\vendor\codeigniter4\framework\system\CodeIgniter.php(397): CodeIgniter\CodeIgniter->startController()
#6 C:\xampp\htdocs\fcm4\vendor\codeigniter4\framework\system\CodeIgniter.php(318): CodeIgniter\CodeIgniter->handleRequest(NULL, Object(Config\Cache), false)
#7 C:\xampp\htdocs\fcm4\public\index.php(37): CodeIgniter\CodeIgniter->run()
#8 C:\xampp\htdocs\fcm4\vendor\codeigniter4\framework\system\Commands\Server\rewrite.php(43): require_once('C:\\xampp\\htdocs...')
#9 {main}
CRITICAL - 2022-01-28 21:08:59 --> syntax error, unexpected end of file, expecting function (T_FUNCTION) or const (T_CONST)
#0 C:\xampp\htdocs\fcm4\vendor\codeigniter4\framework\system\Autoloader\Autoloader.php(241): CodeIgniter\Autoloader\Autoloader->includeFile('C:\\xampp\\htdocs...')
#1 C:\xampp\htdocs\fcm4\vendor\codeigniter4\framework\system\Autoloader\Autoloader.php(219): CodeIgniter\Autoloader\Autoloader->loadInNamespace('App\\Controllers...')
#2 [internal function]: CodeIgniter\Autoloader\Autoloader->loadClass('App\\Controllers...')
#3 [internal function]: spl_autoload_call('App\\Controllers...')
#4 C:\xampp\htdocs\fcm4\vendor\codeigniter4\framework\system\CodeIgniter.php(789): class_exists('\\App\\Controller...', true)
#5 C:\xampp\htdocs\fcm4\vendor\codeigniter4\framework\system\CodeIgniter.php(397): CodeIgniter\CodeIgniter->startController()
#6 C:\xampp\htdocs\fcm4\vendor\codeigniter4\framework\system\CodeIgniter.php(318): CodeIgniter\CodeIgniter->handleRequest(NULL, Object(Config\Cache), false)
#7 C:\xampp\htdocs\fcm4\public\index.php(37): CodeIgniter\CodeIgniter->run()
#8 C:\xampp\htdocs\fcm4\vendor\codeigniter4\framework\system\Commands\Server\rewrite.php(43): require_once('C:\\xampp\\htdocs...')
#9 {main}
CRITICAL - 2022-01-28 21:09:06 --> syntax error, unexpected end of file, expecting function (T_FUNCTION) or const (T_CONST)
#0 C:\xampp\htdocs\fcm4\vendor\codeigniter4\framework\system\Autoloader\Autoloader.php(241): CodeIgniter\Autoloader\Autoloader->includeFile('C:\\xampp\\htdocs...')
#1 C:\xampp\htdocs\fcm4\vendor\codeigniter4\framework\system\Autoloader\Autoloader.php(219): CodeIgniter\Autoloader\Autoloader->loadInNamespace('App\\Controllers...')
#2 [internal function]: CodeIgniter\Autoloader\Autoloader->loadClass('App\\Controllers...')
#3 [internal function]: spl_autoload_call('App\\Controllers...')
#4 C:\xampp\htdocs\fcm4\vendor\codeigniter4\framework\system\CodeIgniter.php(789): class_exists('\\App\\Controller...', true)
#5 C:\xampp\htdocs\fcm4\vendor\codeigniter4\framework\system\CodeIgniter.php(397): CodeIgniter\CodeIgniter->startController()
#6 C:\xampp\htdocs\fcm4\vendor\codeigniter4\framework\system\CodeIgniter.php(318): CodeIgniter\CodeIgniter->handleRequest(NULL, Object(Config\Cache), false)
#7 C:\xampp\htdocs\fcm4\public\index.php(37): CodeIgniter\CodeIgniter->run()
#8 C:\xampp\htdocs\fcm4\vendor\codeigniter4\framework\system\Commands\Server\rewrite.php(43): require_once('C:\\xampp\\htdocs...')
#9 {main}
CRITICAL - 2022-01-28 21:09:38 --> syntax error, unexpected end of file, expecting function (T_FUNCTION) or const (T_CONST)
#0 C:\xampp\htdocs\fcm4\vendor\codeigniter4\framework\system\Autoloader\Autoloader.php(241): CodeIgniter\Autoloader\Autoloader->includeFile('C:\\xampp\\htdocs...')
#1 C:\xampp\htdocs\fcm4\vendor\codeigniter4\framework\system\Autoloader\Autoloader.php(219): CodeIgniter\Autoloader\Autoloader->loadInNamespace('App\\Controllers...')
#2 [internal function]: CodeIgniter\Autoloader\Autoloader->loadClass('App\\Controllers...')
#3 [internal function]: spl_autoload_call('App\\Controllers...')
#4 C:\xampp\htdocs\fcm4\vendor\codeigniter4\framework\system\CodeIgniter.php(789): class_exists('\\App\\Controller...', true)
#5 C:\xampp\htdocs\fcm4\vendor\codeigniter4\framework\system\CodeIgniter.php(397): CodeIgniter\CodeIgniter->startController()
#6 C:\xampp\htdocs\fcm4\vendor\codeigniter4\framework\system\CodeIgniter.php(318): CodeIgniter\CodeIgniter->handleRequest(NULL, Object(Config\Cache), false)
#7 C:\xampp\htdocs\fcm4\public\index.php(37): CodeIgniter\CodeIgniter->run()
#8 C:\xampp\htdocs\fcm4\vendor\codeigniter4\framework\system\Commands\Server\rewrite.php(43): require_once('C:\\xampp\\htdocs...')
#9 {main}
CRITICAL - 2022-01-28 21:09:39 --> syntax error, unexpected end of file, expecting function (T_FUNCTION) or const (T_CONST)
#0 C:\xampp\htdocs\fcm4\vendor\codeigniter4\framework\system\Autoloader\Autoloader.php(241): CodeIgniter\Autoloader\Autoloader->includeFile('C:\\xampp\\htdocs...')
#1 C:\xampp\htdocs\fcm4\vendor\codeigniter4\framework\system\Autoloader\Autoloader.php(219): CodeIgniter\Autoloader\Autoloader->loadInNamespace('App\\Controllers...')
#2 [internal function]: CodeIgniter\Autoloader\Autoloader->loadClass('App\\Controllers...')
#3 [internal function]: spl_autoload_call('App\\Controllers...')
#4 C:\xampp\htdocs\fcm4\vendor\codeigniter4\framework\system\CodeIgniter.php(789): class_exists('\\App\\Controller...', true)
#5 C:\xampp\htdocs\fcm4\vendor\codeigniter4\framework\system\CodeIgniter.php(397): CodeIgniter\CodeIgniter->startController()
#6 C:\xampp\htdocs\fcm4\vendor\codeigniter4\framework\system\CodeIgniter.php(318): CodeIgniter\CodeIgniter->handleRequest(NULL, Object(Config\Cache), false)
#7 C:\xampp\htdocs\fcm4\public\index.php(37): CodeIgniter\CodeIgniter->run()
#8 C:\xampp\htdocs\fcm4\vendor\codeigniter4\framework\system\Commands\Server\rewrite.php(43): require_once('C:\\xampp\\htdocs...')
#9 {main}
CRITICAL - 2022-01-28 21:09:39 --> syntax error, unexpected end of file, expecting function (T_FUNCTION) or const (T_CONST)
#0 C:\xampp\htdocs\fcm4\vendor\codeigniter4\framework\system\Autoloader\Autoloader.php(241): CodeIgniter\Autoloader\Autoloader->includeFile('C:\\xampp\\htdocs...')
#1 C:\xampp\htdocs\fcm4\vendor\codeigniter4\framework\system\Autoloader\Autoloader.php(219): CodeIgniter\Autoloader\Autoloader->loadInNamespace('App\\Controllers...')
#2 [internal function]: CodeIgniter\Autoloader\Autoloader->loadClass('App\\Controllers...')
#3 [internal function]: spl_autoload_call('App\\Controllers...')
#4 C:\xampp\htdocs\fcm4\vendor\codeigniter4\framework\system\CodeIgniter.php(789): class_exists('\\App\\Controller...', true)
#5 C:\xampp\htdocs\fcm4\vendor\codeigniter4\framework\system\CodeIgniter.php(397): CodeIgniter\CodeIgniter->startController()
#6 C:\xampp\htdocs\fcm4\vendor\codeigniter4\framework\system\CodeIgniter.php(318): CodeIgniter\CodeIgniter->handleRequest(NULL, Object(Config\Cache), false)
#7 C:\xampp\htdocs\fcm4\public\index.php(37): CodeIgniter\CodeIgniter->run()
#8 C:\xampp\htdocs\fcm4\vendor\codeigniter4\framework\system\Commands\Server\rewrite.php(43): require_once('C:\\xampp\\htdocs...')
#9 {main}
CRITICAL - 2022-01-28 21:09:40 --> syntax error, unexpected end of file, expecting function (T_FUNCTION) or const (T_CONST)
#0 C:\xampp\htdocs\fcm4\vendor\codeigniter4\framework\system\Autoloader\Autoloader.php(241): CodeIgniter\Autoloader\Autoloader->includeFile('C:\\xampp\\htdocs...')
#1 C:\xampp\htdocs\fcm4\vendor\codeigniter4\framework\system\Autoloader\Autoloader.php(219): CodeIgniter\Autoloader\Autoloader->loadInNamespace('App\\Controllers...')
#2 [internal function]: CodeIgniter\Autoloader\Autoloader->loadClass('App\\Controllers...')
#3 [internal function]: spl_autoload_call('App\\Controllers...')
#4 C:\xampp\htdocs\fcm4\vendor\codeigniter4\framework\system\CodeIgniter.php(789): class_exists('\\App\\Controller...', true)
#5 C:\xampp\htdocs\fcm4\vendor\codeigniter4\framework\system\CodeIgniter.php(397): CodeIgniter\CodeIgniter->startController()
#6 C:\xampp\htdocs\fcm4\vendor\codeigniter4\framework\system\CodeIgniter.php(318): CodeIgniter\CodeIgniter->handleRequest(NULL, Object(Config\Cache), false)
#7 C:\xampp\htdocs\fcm4\public\index.php(37): CodeIgniter\CodeIgniter->run()
#8 C:\xampp\htdocs\fcm4\vendor\codeigniter4\framework\system\Commands\Server\rewrite.php(43): require_once('C:\\xampp\\htdocs...')
#9 {main}
CRITICAL - 2022-01-28 21:09:40 --> syntax error, unexpected end of file, expecting function (T_FUNCTION) or const (T_CONST)
#0 C:\xampp\htdocs\fcm4\vendor\codeigniter4\framework\system\Autoloader\Autoloader.php(241): CodeIgniter\Autoloader\Autoloader->includeFile('C:\\xampp\\htdocs...')
#1 C:\xampp\htdocs\fcm4\vendor\codeigniter4\framework\system\Autoloader\Autoloader.php(219): CodeIgniter\Autoloader\Autoloader->loadInNamespace('App\\Controllers...')
#2 [internal function]: CodeIgniter\Autoloader\Autoloader->loadClass('App\\Controllers...')
#3 [internal function]: spl_autoload_call('App\\Controllers...')
#4 C:\xampp\htdocs\fcm4\vendor\codeigniter4\framework\system\CodeIgniter.php(789): class_exists('\\App\\Controller...', true)
#5 C:\xampp\htdocs\fcm4\vendor\codeigniter4\framework\system\CodeIgniter.php(397): CodeIgniter\CodeIgniter->startController()
#6 C:\xampp\htdocs\fcm4\vendor\codeigniter4\framework\system\CodeIgniter.php(318): CodeIgniter\CodeIgniter->handleRequest(NULL, Object(Config\Cache), false)
#7 C:\xampp\htdocs\fcm4\public\index.php(37): CodeIgniter\CodeIgniter->run()
#8 C:\xampp\htdocs\fcm4\vendor\codeigniter4\framework\system\Commands\Server\rewrite.php(43): require_once('C:\\xampp\\htdocs...')
#9 {main}
ERROR - 2022-01-28 22:05:13 --> Unknown column 'name_contact' in 'field list'
CRITICAL - 2022-01-28 22:05:13 --> Unknown column 'name_contact' in 'field list'
#0 C:\xampp\htdocs\fcm4\vendor\codeigniter4\framework\system\Database\MySQLi\Connection.php(292): mysqli->query('INSERT INTO `se...', 0)
#1 C:\xampp\htdocs\fcm4\vendor\codeigniter4\framework\system\Database\BaseConnection.php(670): CodeIgniter\Database\MySQLi\Connection->execute('INSERT INTO `se...')
#2 C:\xampp\htdocs\fcm4\vendor\codeigniter4\framework\system\Database\BaseConnection.php(598): CodeIgniter\Database\BaseConnection->simpleQuery('INSERT INTO `se...')
#3 C:\xampp\htdocs\fcm4\vendor\codeigniter4\framework\system\Database\BaseBuilder.php(1759): CodeIgniter\Database\BaseConnection->query('INSERT INTO `se...', Array, false)
#4 C:\xampp\htdocs\fcm4\app\Controllers\Home.php(45): CodeIgniter\Database\BaseBuilder->insert(Array)
#5 C:\xampp\htdocs\fcm4\vendor\codeigniter4\framework\system\CodeIgniter.php(824): App\Controllers\Home->sendemail()
#6 C:\xampp\htdocs\fcm4\vendor\codeigniter4\framework\system\CodeIgniter.php(410): CodeIgniter\CodeIgniter->runController(Object(App\Controllers\Home))
#7 C:\xampp\htdocs\fcm4\vendor\codeigniter4\framework\system\CodeIgniter.php(318): CodeIgniter\CodeIgniter->handleRequest(NULL, Object(Config\Cache), false)
#8 C:\xampp\htdocs\fcm4\public\index.php(37): CodeIgniter\CodeIgniter->run()
#9 C:\xampp\htdocs\fcm4\vendor\codeigniter4\framework\system\Commands\Server\rewrite.php(43): require_once('C:\\xampp\\htdocs...')
#10 {main}
CRITICAL - 2022-01-28 23:49:08 --> Undefined variable: blogcategory
#0 C:\xampp\htdocs\fcm4\app\Views\admin\category-blog.php(50): CodeIgniter\Debug\Exceptions->errorHandler(8, 'Undefined varia...', 'C:\\xampp\\htdocs...', 50, Array)
#1 C:\xampp\htdocs\fcm4\vendor\codeigniter4\framework\system\View\View.php(214): include('C:\\xampp\\htdocs...')
#2 C:\xampp\htdocs\fcm4\vendor\codeigniter4\framework\system\View\View.php(217): CodeIgniter\View\View->CodeIgniter\View\{closure}()
#3 C:\xampp\htdocs\fcm4\vendor\codeigniter4\framework\system\Common.php(1097): CodeIgniter\View\View->render('admin/category-...', Array, true)
#4 C:\xampp\htdocs\fcm4\app\Controllers\Admin\Contact.php(26): view('admin/category-...', Array)
#5 C:\xampp\htdocs\fcm4\vendor\codeigniter4\framework\system\CodeIgniter.php(824): App\Controllers\admin\Contact->index()
#6 C:\xampp\htdocs\fcm4\vendor\codeigniter4\framework\system\CodeIgniter.php(410): CodeIgniter\CodeIgniter->runController(Object(App\Controllers\admin\Contact))
#7 C:\xampp\htdocs\fcm4\vendor\codeigniter4\framework\system\CodeIgniter.php(318): CodeIgniter\CodeIgniter->handleRequest(NULL, Object(Config\Cache), false)
#8 C:\xampp\htdocs\fcm4\public\index.php(37): CodeIgniter\CodeIgniter->run()
#9 C:\xampp\htdocs\fcm4\vendor\codeigniter4\framework\system\Commands\Server\rewrite.php(43): require_once('C:\\xampp\\htdocs...')
#10 {main}
CRITICAL - 2022-01-28 23:49:18 --> Undefined variable: blogcategory
#0 C:\xampp\htdocs\fcm4\app\Views\admin\contact.php(50): CodeIgniter\Debug\Exceptions->errorHandler(8, 'Undefined varia...', 'C:\\xampp\\htdocs...', 50, Array)
#1 C:\xampp\htdocs\fcm4\vendor\codeigniter4\framework\system\View\View.php(214): include('C:\\xampp\\htdocs...')
#2 C:\xampp\htdocs\fcm4\vendor\codeigniter4\framework\system\View\View.php(217): CodeIgniter\View\View->CodeIgniter\View\{closure}()
#3 C:\xampp\htdocs\fcm4\vendor\codeigniter4\framework\system\Common.php(1097): CodeIgniter\View\View->render('admin/contact', Array, true)
#4 C:\xampp\htdocs\fcm4\app\Controllers\Admin\Contact.php(26): view('admin/contact', Array)
#5 C:\xampp\htdocs\fcm4\vendor\codeigniter4\framework\system\CodeIgniter.php(824): App\Controllers\admin\Contact->index()
#6 C:\xampp\htdocs\fcm4\vendor\codeigniter4\framework\system\CodeIgniter.php(410): CodeIgniter\CodeIgniter->runController(Object(App\Controllers\admin\Contact))
#7 C:\xampp\htdocs\fcm4\vendor\codeigniter4\framework\system\CodeIgniter.php(318): CodeIgniter\CodeIgniter->handleRequest(NULL, Object(Config\Cache), false)
#8 C:\xampp\htdocs\fcm4\public\index.php(37): CodeIgniter\CodeIgniter->run()
#9 C:\xampp\htdocs\fcm4\vendor\codeigniter4\framework\system\Commands\Server\rewrite.php(43): require_once('C:\\xampp\\htdocs...')
#10 {main}
CRITICAL - 2022-01-28 23:49:37 --> Undefined variable: blogcategory
#0 C:\xampp\htdocs\fcm4\app\Views\admin\contact.php(50): CodeIgniter\Debug\Exceptions->errorHandler(8, 'Undefined varia...', 'C:\\xampp\\htdocs...', 50, Array)
#1 C:\xampp\htdocs\fcm4\vendor\codeigniter4\framework\system\View\View.php(214): include('C:\\xampp\\htdocs...')
#2 C:\xampp\htdocs\fcm4\vendor\codeigniter4\framework\system\View\View.php(217): CodeIgniter\View\View->CodeIgniter\View\{closure}()
#3 C:\xampp\htdocs\fcm4\vendor\codeigniter4\framework\system\Common.php(1097): CodeIgniter\View\View->render('admin/contact', Array, true)
#4 C:\xampp\htdocs\fcm4\app\Controllers\Admin\Contact.php(26): view('admin/contact', Array)
#5 C:\xampp\htdocs\fcm4\vendor\codeigniter4\framework\system\CodeIgniter.php(824): App\Controllers\admin\Contact->index()
#6 C:\xampp\htdocs\fcm4\vendor\codeigniter4\framework\system\CodeIgniter.php(410): CodeIgniter\CodeIgniter->runController(Object(App\Controllers\admin\Contact))
#7 C:\xampp\htdocs\fcm4\vendor\codeigniter4\framework\system\CodeIgniter.php(318): CodeIgniter\CodeIgniter->handleRequest(NULL, Object(Config\Cache), false)
#8 C:\xampp\htdocs\fcm4\public\index.php(37): CodeIgniter\CodeIgniter->run()
#9 C:\xampp\htdocs\fcm4\vendor\codeigniter4\framework\system\Commands\Server\rewrite.php(43): require_once('C:\\xampp\\htdocs...')
#10 {main}
