CRITICAL - 2022-01-22 17:52:08 --> Undefined variable: count
#0 C:\xampp\htdocs\fcm4\app\Views\admin\management-user.php(64): CodeIgniter\Debug\Exceptions->errorHandler(8, 'Undefined varia...', 'C:\\xampp\\htdocs...', 64, Array)
#1 C:\xampp\htdocs\fcm4\vendor\codeigniter4\framework\system\View\View.php(214): include('C:\\xampp\\htdocs...')
#2 C:\xampp\htdocs\fcm4\vendor\codeigniter4\framework\system\View\View.php(217): CodeIgniter\View\View->CodeIgniter\View\{closure}()
#3 C:\xampp\htdocs\fcm4\vendor\codeigniter4\framework\system\Common.php(1097): CodeIgniter\View\View->render('admin/managemen...', Array, true)
#4 C:\xampp\htdocs\fcm4\app\Controllers\Admin\Managementuser.php(42): view('admin/managemen...', Array)
#5 C:\xampp\htdocs\fcm4\vendor\codeigniter4\framework\system\CodeIgniter.php(824): App\Controllers\admin\Managementuser->index()
#6 C:\xampp\htdocs\fcm4\vendor\codeigniter4\framework\system\CodeIgniter.php(410): CodeIgniter\CodeIgniter->runController(Object(App\Controllers\admin\Managementuser))
#7 C:\xampp\htdocs\fcm4\vendor\codeigniter4\framework\system\CodeIgniter.php(318): CodeIgniter\CodeIgniter->handleRequest(NULL, Object(Config\Cache), false)
#8 C:\xampp\htdocs\fcm4\public\index.php(37): CodeIgniter\CodeIgniter->run()
#9 C:\xampp\htdocs\fcm4\vendor\codeigniter4\framework\system\Commands\Server\rewrite.php(43): require_once('C:\\xampp\\htdocs...')
#10 {main}
CRITICAL - 2022-01-22 17:52:37 --> Undefined variable: count
#0 C:\xampp\htdocs\fcm4\app\Views\admin\management-user.php(63): CodeIgniter\Debug\Exceptions->errorHandler(8, 'Undefined varia...', 'C:\\xampp\\htdocs...', 63, Array)
#1 C:\xampp\htdocs\fcm4\vendor\codeigniter4\framework\system\View\View.php(214): include('C:\\xampp\\htdocs...')
#2 C:\xampp\htdocs\fcm4\vendor\codeigniter4\framework\system\View\View.php(217): CodeIgniter\View\View->CodeIgniter\View\{closure}()
#3 C:\xampp\htdocs\fcm4\vendor\codeigniter4\framework\system\Common.php(1097): CodeIgniter\View\View->render('admin/managemen...', Array, true)
#4 C:\xampp\htdocs\fcm4\app\Controllers\Admin\Managementuser.php(42): view('admin/managemen...', Array)
#5 C:\xampp\htdocs\fcm4\vendor\codeigniter4\framework\system\CodeIgniter.php(824): App\Controllers\admin\Managementuser->index()
#6 C:\xampp\htdocs\fcm4\vendor\codeigniter4\framework\system\CodeIgniter.php(410): CodeIgniter\CodeIgniter->runController(Object(App\Controllers\admin\Managementuser))
#7 C:\xampp\htdocs\fcm4\vendor\codeigniter4\framework\system\CodeIgniter.php(318): CodeIgniter\CodeIgniter->handleRequest(NULL, Object(Config\Cache), false)
#8 C:\xampp\htdocs\fcm4\public\index.php(37): CodeIgniter\CodeIgniter->run()
#9 C:\xampp\htdocs\fcm4\vendor\codeigniter4\framework\system\Commands\Server\rewrite.php(43): require_once('C:\\xampp\\htdocs...')
#10 {main}
CRITICAL - 2022-01-22 17:52:38 --> Undefined variable: count
#0 C:\xampp\htdocs\fcm4\app\Views\admin\management-user.php(63): CodeIgniter\Debug\Exceptions->errorHandler(8, 'Undefined varia...', 'C:\\xampp\\htdocs...', 63, Array)
#1 C:\xampp\htdocs\fcm4\vendor\codeigniter4\framework\system\View\View.php(214): include('C:\\xampp\\htdocs...')
#2 C:\xampp\htdocs\fcm4\vendor\codeigniter4\framework\system\View\View.php(217): CodeIgniter\View\View->CodeIgniter\View\{closure}()
#3 C:\xampp\htdocs\fcm4\vendor\codeigniter4\framework\system\Common.php(1097): CodeIgniter\View\View->render('admin/managemen...', Array, true)
#4 C:\xampp\htdocs\fcm4\app\Controllers\Admin\Managementuser.php(42): view('admin/managemen...', Array)
#5 C:\xampp\htdocs\fcm4\vendor\codeigniter4\framework\system\CodeIgniter.php(824): App\Controllers\admin\Managementuser->index()
#6 C:\xampp\htdocs\fcm4\vendor\codeigniter4\framework\system\CodeIgniter.php(410): CodeIgniter\CodeIgniter->runController(Object(App\Controllers\admin\Managementuser))
#7 C:\xampp\htdocs\fcm4\vendor\codeigniter4\framework\system\CodeIgniter.php(318): CodeIgniter\CodeIgniter->handleRequest(NULL, Object(Config\Cache), false)
#8 C:\xampp\htdocs\fcm4\public\index.php(37): CodeIgniter\CodeIgniter->run()
#9 C:\xampp\htdocs\fcm4\vendor\codeigniter4\framework\system\Commands\Server\rewrite.php(43): require_once('C:\\xampp\\htdocs...')
#10 {main}
CRITICAL - 2022-01-22 17:52:48 --> Undefined variable: count
#0 C:\xampp\htdocs\fcm4\app\Views\admin\management-user.php(62): CodeIgniter\Debug\Exceptions->errorHandler(8, 'Undefined varia...', 'C:\\xampp\\htdocs...', 62, Array)
#1 C:\xampp\htdocs\fcm4\vendor\codeigniter4\framework\system\View\View.php(214): include('C:\\xampp\\htdocs...')
#2 C:\xampp\htdocs\fcm4\vendor\codeigniter4\framework\system\View\View.php(217): CodeIgniter\View\View->CodeIgniter\View\{closure}()
#3 C:\xampp\htdocs\fcm4\vendor\codeigniter4\framework\system\Common.php(1097): CodeIgniter\View\View->render('admin/managemen...', Array, true)
#4 C:\xampp\htdocs\fcm4\app\Controllers\Admin\Managementuser.php(42): view('admin/managemen...', Array)
#5 C:\xampp\htdocs\fcm4\vendor\codeigniter4\framework\system\CodeIgniter.php(824): App\Controllers\admin\Managementuser->index()
#6 C:\xampp\htdocs\fcm4\vendor\codeigniter4\framework\system\CodeIgniter.php(410): CodeIgniter\CodeIgniter->runController(Object(App\Controllers\admin\Managementuser))
#7 C:\xampp\htdocs\fcm4\vendor\codeigniter4\framework\system\CodeIgniter.php(318): CodeIgniter\CodeIgniter->handleRequest(NULL, Object(Config\Cache), false)
#8 C:\xampp\htdocs\fcm4\public\index.php(37): CodeIgniter\CodeIgniter->run()
#9 C:\xampp\htdocs\fcm4\vendor\codeigniter4\framework\system\Commands\Server\rewrite.php(43): require_once('C:\\xampp\\htdocs...')
#10 {main}
CRITICAL - 2022-01-22 17:53:23 --> syntax error, unexpected ';'
#0 C:\xampp\htdocs\fcm4\vendor\codeigniter4\framework\system\View\View.php(217): CodeIgniter\View\View->CodeIgniter\View\{closure}()
#1 C:\xampp\htdocs\fcm4\vendor\codeigniter4\framework\system\Common.php(1097): CodeIgniter\View\View->render('admin/managemen...', Array, true)
#2 C:\xampp\htdocs\fcm4\app\Controllers\Admin\Managementuser.php(42): view('admin/managemen...', Array)
#3 C:\xampp\htdocs\fcm4\vendor\codeigniter4\framework\system\CodeIgniter.php(824): App\Controllers\admin\Managementuser->index()
#4 C:\xampp\htdocs\fcm4\vendor\codeigniter4\framework\system\CodeIgniter.php(410): CodeIgniter\CodeIgniter->runController(Object(App\Controllers\admin\Managementuser))
#5 C:\xampp\htdocs\fcm4\vendor\codeigniter4\framework\system\CodeIgniter.php(318): CodeIgniter\CodeIgniter->handleRequest(NULL, Object(Config\Cache), false)
#6 C:\xampp\htdocs\fcm4\public\index.php(37): CodeIgniter\CodeIgniter->run()
#7 C:\xampp\htdocs\fcm4\vendor\codeigniter4\framework\system\Commands\Server\rewrite.php(43): require_once('C:\\xampp\\htdocs...')
#8 {main}
CRITICAL - 2022-01-22 17:54:11 --> Undefined variable: count
#0 C:\xampp\htdocs\fcm4\app\Views\admin\row.php(2): CodeIgniter\Debug\Exceptions->errorHandler(8, 'Undefined varia...', 'C:\\xampp\\htdocs...', 2, Array)
#1 C:\xampp\htdocs\fcm4\vendor\codeigniter4\framework\system\View\View.php(214): include('C:\\xampp\\htdocs...')
#2 C:\xampp\htdocs\fcm4\vendor\codeigniter4\framework\system\View\View.php(217): CodeIgniter\View\View->CodeIgniter\View\{closure}()
#3 C:\xampp\htdocs\fcm4\vendor\codeigniter4\framework\system\Common.php(1097): CodeIgniter\View\View->render('admin/row', Array, true)
#4 C:\xampp\htdocs\fcm4\app\Controllers\Admin\Managementuser.php(30): view('admin/row', Array)
#5 C:\xampp\htdocs\fcm4\vendor\codeigniter4\framework\system\CodeIgniter.php(824): App\Controllers\admin\Managementuser->index()
#6 C:\xampp\htdocs\fcm4\vendor\codeigniter4\framework\system\CodeIgniter.php(410): CodeIgniter\CodeIgniter->runController(Object(App\Controllers\admin\Managementuser))
#7 C:\xampp\htdocs\fcm4\vendor\codeigniter4\framework\system\CodeIgniter.php(318): CodeIgniter\CodeIgniter->handleRequest(NULL, Object(Config\Cache), false)
#8 C:\xampp\htdocs\fcm4\public\index.php(37): CodeIgniter\CodeIgniter->run()
#9 C:\xampp\htdocs\fcm4\vendor\codeigniter4\framework\system\Commands\Server\rewrite.php(43): require_once('C:\\xampp\\htdocs...')
#10 {main}
CRITICAL - 2022-01-22 17:54:51 --> syntax error, unexpected ';'
#0 C:\xampp\htdocs\fcm4\vendor\codeigniter4\framework\system\View\View.php(217): CodeIgniter\View\View->CodeIgniter\View\{closure}()
#1 C:\xampp\htdocs\fcm4\vendor\codeigniter4\framework\system\Common.php(1097): CodeIgniter\View\View->render('admin/managemen...', Array, true)
#2 C:\xampp\htdocs\fcm4\app\Controllers\Admin\Managementuser.php(42): view('admin/managemen...', Array)
#3 C:\xampp\htdocs\fcm4\vendor\codeigniter4\framework\system\CodeIgniter.php(824): App\Controllers\admin\Managementuser->index()
#4 C:\xampp\htdocs\fcm4\vendor\codeigniter4\framework\system\CodeIgniter.php(410): CodeIgniter\CodeIgniter->runController(Object(App\Controllers\admin\Managementuser))
#5 C:\xampp\htdocs\fcm4\vendor\codeigniter4\framework\system\CodeIgniter.php(318): CodeIgniter\CodeIgniter->handleRequest(NULL, Object(Config\Cache), false)
#6 C:\xampp\htdocs\fcm4\public\index.php(37): CodeIgniter\CodeIgniter->run()
#7 C:\xampp\htdocs\fcm4\vendor\codeigniter4\framework\system\Commands\Server\rewrite.php(43): require_once('C:\\xampp\\htdocs...')
#8 {main}
CRITICAL - 2022-01-22 17:55:18 --> Undefined variable: count
#0 C:\xampp\htdocs\fcm4\app\Views\admin\management-user.php(63): CodeIgniter\Debug\Exceptions->errorHandler(8, 'Undefined varia...', 'C:\\xampp\\htdocs...', 63, Array)
#1 C:\xampp\htdocs\fcm4\vendor\codeigniter4\framework\system\View\View.php(214): include('C:\\xampp\\htdocs...')
#2 C:\xampp\htdocs\fcm4\vendor\codeigniter4\framework\system\View\View.php(217): CodeIgniter\View\View->CodeIgniter\View\{closure}()
#3 C:\xampp\htdocs\fcm4\vendor\codeigniter4\framework\system\Common.php(1097): CodeIgniter\View\View->render('admin/managemen...', Array, true)
#4 C:\xampp\htdocs\fcm4\app\Controllers\Admin\Managementuser.php(42): view('admin/managemen...', Array)
#5 C:\xampp\htdocs\fcm4\vendor\codeigniter4\framework\system\CodeIgniter.php(824): App\Controllers\admin\Managementuser->index()
#6 C:\xampp\htdocs\fcm4\vendor\codeigniter4\framework\system\CodeIgniter.php(410): CodeIgniter\CodeIgniter->runController(Object(App\Controllers\admin\Managementuser))
#7 C:\xampp\htdocs\fcm4\vendor\codeigniter4\framework\system\CodeIgniter.php(318): CodeIgniter\CodeIgniter->handleRequest(NULL, Object(Config\Cache), false)
#8 C:\xampp\htdocs\fcm4\public\index.php(37): CodeIgniter\CodeIgniter->run()
#9 C:\xampp\htdocs\fcm4\vendor\codeigniter4\framework\system\Commands\Server\rewrite.php(43): require_once('C:\\xampp\\htdocs...')
#10 {main}
CRITICAL - 2022-01-22 17:55:19 --> Undefined variable: count
#0 C:\xampp\htdocs\fcm4\app\Views\admin\management-user.php(63): CodeIgniter\Debug\Exceptions->errorHandler(8, 'Undefined varia...', 'C:\\xampp\\htdocs...', 63, Array)
#1 C:\xampp\htdocs\fcm4\vendor\codeigniter4\framework\system\View\View.php(214): include('C:\\xampp\\htdocs...')
#2 C:\xampp\htdocs\fcm4\vendor\codeigniter4\framework\system\View\View.php(217): CodeIgniter\View\View->CodeIgniter\View\{closure}()
#3 C:\xampp\htdocs\fcm4\vendor\codeigniter4\framework\system\Common.php(1097): CodeIgniter\View\View->render('admin/managemen...', Array, true)
#4 C:\xampp\htdocs\fcm4\app\Controllers\Admin\Managementuser.php(42): view('admin/managemen...', Array)
#5 C:\xampp\htdocs\fcm4\vendor\codeigniter4\framework\system\CodeIgniter.php(824): App\Controllers\admin\Managementuser->index()
#6 C:\xampp\htdocs\fcm4\vendor\codeigniter4\framework\system\CodeIgniter.php(410): CodeIgniter\CodeIgniter->runController(Object(App\Controllers\admin\Managementuser))
#7 C:\xampp\htdocs\fcm4\vendor\codeigniter4\framework\system\CodeIgniter.php(318): CodeIgniter\CodeIgniter->handleRequest(NULL, Object(Config\Cache), false)
#8 C:\xampp\htdocs\fcm4\public\index.php(37): CodeIgniter\CodeIgniter->run()
#9 C:\xampp\htdocs\fcm4\vendor\codeigniter4\framework\system\Commands\Server\rewrite.php(43): require_once('C:\\xampp\\htdocs...')
#10 {main}
CRITICAL - 2022-01-22 17:55:37 --> Undefined variable: count
#0 C:\xampp\htdocs\fcm4\app\Views\admin\row.php(2): CodeIgniter\Debug\Exceptions->errorHandler(8, 'Undefined varia...', 'C:\\xampp\\htdocs...', 2, Array)
#1 C:\xampp\htdocs\fcm4\vendor\codeigniter4\framework\system\View\View.php(214): include('C:\\xampp\\htdocs...')
#2 C:\xampp\htdocs\fcm4\vendor\codeigniter4\framework\system\View\View.php(217): CodeIgniter\View\View->CodeIgniter\View\{closure}()
#3 C:\xampp\htdocs\fcm4\vendor\codeigniter4\framework\system\Common.php(1097): CodeIgniter\View\View->render('admin/row', Array, true)
#4 C:\xampp\htdocs\fcm4\app\Controllers\Admin\Managementuser.php(30): view('admin/row', Array)
#5 C:\xampp\htdocs\fcm4\vendor\codeigniter4\framework\system\CodeIgniter.php(824): App\Controllers\admin\Managementuser->index()
#6 C:\xampp\htdocs\fcm4\vendor\codeigniter4\framework\system\CodeIgniter.php(410): CodeIgniter\CodeIgniter->runController(Object(App\Controllers\admin\Managementuser))
#7 C:\xampp\htdocs\fcm4\vendor\codeigniter4\framework\system\CodeIgniter.php(318): CodeIgniter\CodeIgniter->handleRequest(NULL, Object(Config\Cache), false)
#8 C:\xampp\htdocs\fcm4\public\index.php(37): CodeIgniter\CodeIgniter->run()
#9 C:\xampp\htdocs\fcm4\vendor\codeigniter4\framework\system\Commands\Server\rewrite.php(43): require_once('C:\\xampp\\htdocs...')
#10 {main}
CRITICAL - 2022-01-22 17:55:38 --> Undefined variable: count
#0 C:\xampp\htdocs\fcm4\app\Views\admin\row.php(2): CodeIgniter\Debug\Exceptions->errorHandler(8, 'Undefined varia...', 'C:\\xampp\\htdocs...', 2, Array)
#1 C:\xampp\htdocs\fcm4\vendor\codeigniter4\framework\system\View\View.php(214): include('C:\\xampp\\htdocs...')
#2 C:\xampp\htdocs\fcm4\vendor\codeigniter4\framework\system\View\View.php(217): CodeIgniter\View\View->CodeIgniter\View\{closure}()
#3 C:\xampp\htdocs\fcm4\vendor\codeigniter4\framework\system\Common.php(1097): CodeIgniter\View\View->render('admin/row', Array, true)
#4 C:\xampp\htdocs\fcm4\app\Controllers\Admin\Managementuser.php(30): view('admin/row', Array)
#5 C:\xampp\htdocs\fcm4\vendor\codeigniter4\framework\system\CodeIgniter.php(824): App\Controllers\admin\Managementuser->index()
#6 C:\xampp\htdocs\fcm4\vendor\codeigniter4\framework\system\CodeIgniter.php(410): CodeIgniter\CodeIgniter->runController(Object(App\Controllers\admin\Managementuser))
#7 C:\xampp\htdocs\fcm4\vendor\codeigniter4\framework\system\CodeIgniter.php(318): CodeIgniter\CodeIgniter->handleRequest(NULL, Object(Config\Cache), false)
#8 C:\xampp\htdocs\fcm4\public\index.php(37): CodeIgniter\CodeIgniter->run()
#9 C:\xampp\htdocs\fcm4\vendor\codeigniter4\framework\system\Commands\Server\rewrite.php(43): require_once('C:\\xampp\\htdocs...')
#10 {main}
CRITICAL - 2022-01-22 17:55:49 --> Undefined variable: count
#0 C:\xampp\htdocs\fcm4\app\Views\admin\row.php(2): CodeIgniter\Debug\Exceptions->errorHandler(8, 'Undefined varia...', 'C:\\xampp\\htdocs...', 2, Array)
#1 C:\xampp\htdocs\fcm4\vendor\codeigniter4\framework\system\View\View.php(214): include('C:\\xampp\\htdocs...')
#2 C:\xampp\htdocs\fcm4\vendor\codeigniter4\framework\system\View\View.php(217): CodeIgniter\View\View->CodeIgniter\View\{closure}()
#3 C:\xampp\htdocs\fcm4\vendor\codeigniter4\framework\system\Common.php(1097): CodeIgniter\View\View->render('admin/row', Array, true)
#4 C:\xampp\htdocs\fcm4\app\Controllers\Admin\Managementuser.php(30): view('admin/row', Array)
#5 C:\xampp\htdocs\fcm4\vendor\codeigniter4\framework\system\CodeIgniter.php(824): App\Controllers\admin\Managementuser->index()
#6 C:\xampp\htdocs\fcm4\vendor\codeigniter4\framework\system\CodeIgniter.php(410): CodeIgniter\CodeIgniter->runController(Object(App\Controllers\admin\Managementuser))
#7 C:\xampp\htdocs\fcm4\vendor\codeigniter4\framework\system\CodeIgniter.php(318): CodeIgniter\CodeIgniter->handleRequest(NULL, Object(Config\Cache), false)
#8 C:\xampp\htdocs\fcm4\public\index.php(37): CodeIgniter\CodeIgniter->run()
#9 C:\xampp\htdocs\fcm4\vendor\codeigniter4\framework\system\Commands\Server\rewrite.php(43): require_once('C:\\xampp\\htdocs...')
#10 {main}
CRITICAL - 2022-01-22 17:56:03 --> Undefined variable: count
#0 C:\xampp\htdocs\fcm4\app\Views\admin\row.php(2): CodeIgniter\Debug\Exceptions->errorHandler(8, 'Undefined varia...', 'C:\\xampp\\htdocs...', 2, Array)
#1 C:\xampp\htdocs\fcm4\vendor\codeigniter4\framework\system\View\View.php(214): include('C:\\xampp\\htdocs...')
#2 C:\xampp\htdocs\fcm4\vendor\codeigniter4\framework\system\View\View.php(217): CodeIgniter\View\View->CodeIgniter\View\{closure}()
#3 C:\xampp\htdocs\fcm4\vendor\codeigniter4\framework\system\Common.php(1097): CodeIgniter\View\View->render('admin/row', Array, true)
#4 C:\xampp\htdocs\fcm4\app\Controllers\Admin\Managementuser.php(30): view('admin/row', Array)
#5 C:\xampp\htdocs\fcm4\vendor\codeigniter4\framework\system\CodeIgniter.php(824): App\Controllers\admin\Managementuser->index()
#6 C:\xampp\htdocs\fcm4\vendor\codeigniter4\framework\system\CodeIgniter.php(410): CodeIgniter\CodeIgniter->runController(Object(App\Controllers\admin\Managementuser))
#7 C:\xampp\htdocs\fcm4\vendor\codeigniter4\framework\system\CodeIgniter.php(318): CodeIgniter\CodeIgniter->handleRequest(NULL, Object(Config\Cache), false)
#8 C:\xampp\htdocs\fcm4\public\index.php(37): CodeIgniter\CodeIgniter->run()
#9 C:\xampp\htdocs\fcm4\vendor\codeigniter4\framework\system\Commands\Server\rewrite.php(43): require_once('C:\\xampp\\htdocs...')
#10 {main}
CRITICAL - 2022-01-22 17:56:04 --> Undefined variable: count
#0 C:\xampp\htdocs\fcm4\app\Views\admin\row.php(2): CodeIgniter\Debug\Exceptions->errorHandler(8, 'Undefined varia...', 'C:\\xampp\\htdocs...', 2, Array)
#1 C:\xampp\htdocs\fcm4\vendor\codeigniter4\framework\system\View\View.php(214): include('C:\\xampp\\htdocs...')
#2 C:\xampp\htdocs\fcm4\vendor\codeigniter4\framework\system\View\View.php(217): CodeIgniter\View\View->CodeIgniter\View\{closure}()
#3 C:\xampp\htdocs\fcm4\vendor\codeigniter4\framework\system\Common.php(1097): CodeIgniter\View\View->render('admin/row', Array, true)
#4 C:\xampp\htdocs\fcm4\app\Controllers\Admin\Managementuser.php(30): view('admin/row', Array)
#5 C:\xampp\htdocs\fcm4\vendor\codeigniter4\framework\system\CodeIgniter.php(824): App\Controllers\admin\Managementuser->index()
#6 C:\xampp\htdocs\fcm4\vendor\codeigniter4\framework\system\CodeIgniter.php(410): CodeIgniter\CodeIgniter->runController(Object(App\Controllers\admin\Managementuser))
#7 C:\xampp\htdocs\fcm4\vendor\codeigniter4\framework\system\CodeIgniter.php(318): CodeIgniter\CodeIgniter->handleRequest(NULL, Object(Config\Cache), false)
#8 C:\xampp\htdocs\fcm4\public\index.php(37): CodeIgniter\CodeIgniter->run()
#9 C:\xampp\htdocs\fcm4\vendor\codeigniter4\framework\system\Commands\Server\rewrite.php(43): require_once('C:\\xampp\\htdocs...')
#10 {main}
CRITICAL - 2022-01-22 17:56:04 --> Undefined variable: count
#0 C:\xampp\htdocs\fcm4\app\Views\admin\row.php(2): CodeIgniter\Debug\Exceptions->errorHandler(8, 'Undefined varia...', 'C:\\xampp\\htdocs...', 2, Array)
#1 C:\xampp\htdocs\fcm4\vendor\codeigniter4\framework\system\View\View.php(214): include('C:\\xampp\\htdocs...')
#2 C:\xampp\htdocs\fcm4\vendor\codeigniter4\framework\system\View\View.php(217): CodeIgniter\View\View->CodeIgniter\View\{closure}()
#3 C:\xampp\htdocs\fcm4\vendor\codeigniter4\framework\system\Common.php(1097): CodeIgniter\View\View->render('admin/row', Array, true)
#4 C:\xampp\htdocs\fcm4\app\Controllers\Admin\Managementuser.php(30): view('admin/row', Array)
#5 C:\xampp\htdocs\fcm4\vendor\codeigniter4\framework\system\CodeIgniter.php(824): App\Controllers\admin\Managementuser->index()
#6 C:\xampp\htdocs\fcm4\vendor\codeigniter4\framework\system\CodeIgniter.php(410): CodeIgniter\CodeIgniter->runController(Object(App\Controllers\admin\Managementuser))
#7 C:\xampp\htdocs\fcm4\vendor\codeigniter4\framework\system\CodeIgniter.php(318): CodeIgniter\CodeIgniter->handleRequest(NULL, Object(Config\Cache), false)
#8 C:\xampp\htdocs\fcm4\public\index.php(37): CodeIgniter\CodeIgniter->run()
#9 C:\xampp\htdocs\fcm4\vendor\codeigniter4\framework\system\Commands\Server\rewrite.php(43): require_once('C:\\xampp\\htdocs...')
#10 {main}
CRITICAL - 2022-01-22 17:56:04 --> Undefined variable: count
#0 C:\xampp\htdocs\fcm4\app\Views\admin\row.php(2): CodeIgniter\Debug\Exceptions->errorHandler(8, 'Undefined varia...', 'C:\\xampp\\htdocs...', 2, Array)
#1 C:\xampp\htdocs\fcm4\vendor\codeigniter4\framework\system\View\View.php(214): include('C:\\xampp\\htdocs...')
#2 C:\xampp\htdocs\fcm4\vendor\codeigniter4\framework\system\View\View.php(217): CodeIgniter\View\View->CodeIgniter\View\{closure}()
#3 C:\xampp\htdocs\fcm4\vendor\codeigniter4\framework\system\Common.php(1097): CodeIgniter\View\View->render('admin/row', Array, true)
#4 C:\xampp\htdocs\fcm4\app\Controllers\Admin\Managementuser.php(30): view('admin/row', Array)
#5 C:\xampp\htdocs\fcm4\vendor\codeigniter4\framework\system\CodeIgniter.php(824): App\Controllers\admin\Managementuser->index()
#6 C:\xampp\htdocs\fcm4\vendor\codeigniter4\framework\system\CodeIgniter.php(410): CodeIgniter\CodeIgniter->runController(Object(App\Controllers\admin\Managementuser))
#7 C:\xampp\htdocs\fcm4\vendor\codeigniter4\framework\system\CodeIgniter.php(318): CodeIgniter\CodeIgniter->handleRequest(NULL, Object(Config\Cache), false)
#8 C:\xampp\htdocs\fcm4\public\index.php(37): CodeIgniter\CodeIgniter->run()
#9 C:\xampp\htdocs\fcm4\vendor\codeigniter4\framework\system\Commands\Server\rewrite.php(43): require_once('C:\\xampp\\htdocs...')
#10 {main}
CRITICAL - 2022-01-22 17:56:05 --> Undefined variable: count
#0 C:\xampp\htdocs\fcm4\app\Views\admin\row.php(2): CodeIgniter\Debug\Exceptions->errorHandler(8, 'Undefined varia...', 'C:\\xampp\\htdocs...', 2, Array)
#1 C:\xampp\htdocs\fcm4\vendor\codeigniter4\framework\system\View\View.php(214): include('C:\\xampp\\htdocs...')
#2 C:\xampp\htdocs\fcm4\vendor\codeigniter4\framework\system\View\View.php(217): CodeIgniter\View\View->CodeIgniter\View\{closure}()
#3 C:\xampp\htdocs\fcm4\vendor\codeigniter4\framework\system\Common.php(1097): CodeIgniter\View\View->render('admin/row', Array, true)
#4 C:\xampp\htdocs\fcm4\app\Controllers\Admin\Managementuser.php(30): view('admin/row', Array)
#5 C:\xampp\htdocs\fcm4\vendor\codeigniter4\framework\system\CodeIgniter.php(824): App\Controllers\admin\Managementuser->index()
#6 C:\xampp\htdocs\fcm4\vendor\codeigniter4\framework\system\CodeIgniter.php(410): CodeIgniter\CodeIgniter->runController(Object(App\Controllers\admin\Managementuser))
#7 C:\xampp\htdocs\fcm4\vendor\codeigniter4\framework\system\CodeIgniter.php(318): CodeIgniter\CodeIgniter->handleRequest(NULL, Object(Config\Cache), false)
#8 C:\xampp\htdocs\fcm4\public\index.php(37): CodeIgniter\CodeIgniter->run()
#9 C:\xampp\htdocs\fcm4\vendor\codeigniter4\framework\system\Commands\Server\rewrite.php(43): require_once('C:\\xampp\\htdocs...')
#10 {main}
CRITICAL - 2022-01-22 17:56:54 --> Undefined variable: count
#0 C:\xampp\htdocs\fcm4\app\Views\admin\row.php(2): CodeIgniter\Debug\Exceptions->errorHandler(8, 'Undefined varia...', 'C:\\xampp\\htdocs...', 2, Array)
#1 C:\xampp\htdocs\fcm4\vendor\codeigniter4\framework\system\View\View.php(214): include('C:\\xampp\\htdocs...')
#2 C:\xampp\htdocs\fcm4\vendor\codeigniter4\framework\system\View\View.php(217): CodeIgniter\View\View->CodeIgniter\View\{closure}()
#3 C:\xampp\htdocs\fcm4\vendor\codeigniter4\framework\system\Common.php(1097): CodeIgniter\View\View->render('admin/row', Array, true)
#4 C:\xampp\htdocs\fcm4\app\Controllers\Admin\Managementuser.php(30): view('admin/row', Array)
#5 C:\xampp\htdocs\fcm4\vendor\codeigniter4\framework\system\CodeIgniter.php(824): App\Controllers\admin\Managementuser->index()
#6 C:\xampp\htdocs\fcm4\vendor\codeigniter4\framework\system\CodeIgniter.php(410): CodeIgniter\CodeIgniter->runController(Object(App\Controllers\admin\Managementuser))
#7 C:\xampp\htdocs\fcm4\vendor\codeigniter4\framework\system\CodeIgniter.php(318): CodeIgniter\CodeIgniter->handleRequest(NULL, Object(Config\Cache), false)
#8 C:\xampp\htdocs\fcm4\public\index.php(37): CodeIgniter\CodeIgniter->run()
#9 C:\xampp\htdocs\fcm4\vendor\codeigniter4\framework\system\Commands\Server\rewrite.php(43): require_once('C:\\xampp\\htdocs...')
#10 {main}
CRITICAL - 2022-01-22 17:57:40 --> Undefined variable: count
#0 C:\xampp\htdocs\fcm4\app\Views\admin\row.php(2): CodeIgniter\Debug\Exceptions->errorHandler(8, 'Undefined varia...', 'C:\\xampp\\htdocs...', 2, Array)
#1 C:\xampp\htdocs\fcm4\vendor\codeigniter4\framework\system\View\View.php(214): include('C:\\xampp\\htdocs...')
#2 C:\xampp\htdocs\fcm4\vendor\codeigniter4\framework\system\View\View.php(217): CodeIgniter\View\View->CodeIgniter\View\{closure}()
#3 C:\xampp\htdocs\fcm4\vendor\codeigniter4\framework\system\Common.php(1097): CodeIgniter\View\View->render('admin/row', Array, true)
#4 C:\xampp\htdocs\fcm4\app\Controllers\Admin\Managementuser.php(30): view('admin/row', Array)
#5 C:\xampp\htdocs\fcm4\vendor\codeigniter4\framework\system\CodeIgniter.php(824): App\Controllers\admin\Managementuser->index()
#6 C:\xampp\htdocs\fcm4\vendor\codeigniter4\framework\system\CodeIgniter.php(410): CodeIgniter\CodeIgniter->runController(Object(App\Controllers\admin\Managementuser))
#7 C:\xampp\htdocs\fcm4\vendor\codeigniter4\framework\system\CodeIgniter.php(318): CodeIgniter\CodeIgniter->handleRequest(NULL, Object(Config\Cache), false)
#8 C:\xampp\htdocs\fcm4\public\index.php(37): CodeIgniter\CodeIgniter->run()
#9 C:\xampp\htdocs\fcm4\vendor\codeigniter4\framework\system\Commands\Server\rewrite.php(43): require_once('C:\\xampp\\htdocs...')
#10 {main}
CRITICAL - 2022-01-22 17:57:41 --> Undefined variable: count
#0 C:\xampp\htdocs\fcm4\app\Views\admin\row.php(2): CodeIgniter\Debug\Exceptions->errorHandler(8, 'Undefined varia...', 'C:\\xampp\\htdocs...', 2, Array)
#1 C:\xampp\htdocs\fcm4\vendor\codeigniter4\framework\system\View\View.php(214): include('C:\\xampp\\htdocs...')
#2 C:\xampp\htdocs\fcm4\vendor\codeigniter4\framework\system\View\View.php(217): CodeIgniter\View\View->CodeIgniter\View\{closure}()
#3 C:\xampp\htdocs\fcm4\vendor\codeigniter4\framework\system\Common.php(1097): CodeIgniter\View\View->render('admin/row', Array, true)
#4 C:\xampp\htdocs\fcm4\app\Controllers\Admin\Managementuser.php(30): view('admin/row', Array)
#5 C:\xampp\htdocs\fcm4\vendor\codeigniter4\framework\system\CodeIgniter.php(824): App\Controllers\admin\Managementuser->index()
#6 C:\xampp\htdocs\fcm4\vendor\codeigniter4\framework\system\CodeIgniter.php(410): CodeIgniter\CodeIgniter->runController(Object(App\Controllers\admin\Managementuser))
#7 C:\xampp\htdocs\fcm4\vendor\codeigniter4\framework\system\CodeIgniter.php(318): CodeIgniter\CodeIgniter->handleRequest(NULL, Object(Config\Cache), false)
#8 C:\xampp\htdocs\fcm4\public\index.php(37): CodeIgniter\CodeIgniter->run()
#9 C:\xampp\htdocs\fcm4\vendor\codeigniter4\framework\system\Commands\Server\rewrite.php(43): require_once('C:\\xampp\\htdocs...')
#10 {main}
CRITICAL - 2022-01-22 17:58:24 --> Undefined variable: count
#0 C:\xampp\htdocs\fcm4\app\Views\admin\row.php(2): CodeIgniter\Debug\Exceptions->errorHandler(8, 'Undefined varia...', 'C:\\xampp\\htdocs...', 2, Array)
#1 C:\xampp\htdocs\fcm4\vendor\codeigniter4\framework\system\View\View.php(214): include('C:\\xampp\\htdocs...')
#2 C:\xampp\htdocs\fcm4\vendor\codeigniter4\framework\system\View\View.php(217): CodeIgniter\View\View->CodeIgniter\View\{closure}()
#3 C:\xampp\htdocs\fcm4\vendor\codeigniter4\framework\system\Common.php(1097): CodeIgniter\View\View->render('admin/row', Array, true)
#4 C:\xampp\htdocs\fcm4\app\Controllers\Admin\Managementuser.php(30): view('admin/row', Array)
#5 C:\xampp\htdocs\fcm4\vendor\codeigniter4\framework\system\CodeIgniter.php(824): App\Controllers\admin\Managementuser->index()
#6 C:\xampp\htdocs\fcm4\vendor\codeigniter4\framework\system\CodeIgniter.php(410): CodeIgniter\CodeIgniter->runController(Object(App\Controllers\admin\Managementuser))
#7 C:\xampp\htdocs\fcm4\vendor\codeigniter4\framework\system\CodeIgniter.php(318): CodeIgniter\CodeIgniter->handleRequest(NULL, Object(Config\Cache), false)
#8 C:\xampp\htdocs\fcm4\public\index.php(37): CodeIgniter\CodeIgniter->run()
#9 C:\xampp\htdocs\fcm4\vendor\codeigniter4\framework\system\Commands\Server\rewrite.php(43): require_once('C:\\xampp\\htdocs...')
#10 {main}
CRITICAL - 2022-01-22 17:58:39 --> Undefined variable: 2
#0 C:\xampp\htdocs\fcm4\app\Views\admin\management-user.php(64): CodeIgniter\Debug\Exceptions->errorHandler(8, 'Undefined varia...', 'C:\\xampp\\htdocs...', 64, Array)
#1 C:\xampp\htdocs\fcm4\vendor\codeigniter4\framework\system\View\View.php(214): include('C:\\xampp\\htdocs...')
#2 C:\xampp\htdocs\fcm4\vendor\codeigniter4\framework\system\View\View.php(217): CodeIgniter\View\View->CodeIgniter\View\{closure}()
#3 C:\xampp\htdocs\fcm4\vendor\codeigniter4\framework\system\Common.php(1097): CodeIgniter\View\View->render('admin/managemen...', Array, true)
#4 C:\xampp\htdocs\fcm4\app\Controllers\Admin\Managementuser.php(42): view('admin/managemen...', Array)
#5 C:\xampp\htdocs\fcm4\vendor\codeigniter4\framework\system\CodeIgniter.php(824): App\Controllers\admin\Managementuser->index()
#6 C:\xampp\htdocs\fcm4\vendor\codeigniter4\framework\system\CodeIgniter.php(410): CodeIgniter\CodeIgniter->runController(Object(App\Controllers\admin\Managementuser))
#7 C:\xampp\htdocs\fcm4\vendor\codeigniter4\framework\system\CodeIgniter.php(318): CodeIgniter\CodeIgniter->handleRequest(NULL, Object(Config\Cache), false)
#8 C:\xampp\htdocs\fcm4\public\index.php(37): CodeIgniter\CodeIgniter->run()
#9 C:\xampp\htdocs\fcm4\vendor\codeigniter4\framework\system\Commands\Server\rewrite.php(43): require_once('C:\\xampp\\htdocs...')
#10 {main}
CRITICAL - 2022-01-22 17:59:23 --> Undefined variable: count
#0 C:\xampp\htdocs\fcm4\app\Views\admin\row.php(2): CodeIgniter\Debug\Exceptions->errorHandler(8, 'Undefined varia...', 'C:\\xampp\\htdocs...', 2, Array)
#1 C:\xampp\htdocs\fcm4\vendor\codeigniter4\framework\system\View\View.php(214): include('C:\\xampp\\htdocs...')
#2 C:\xampp\htdocs\fcm4\vendor\codeigniter4\framework\system\View\View.php(217): CodeIgniter\View\View->CodeIgniter\View\{closure}()
#3 C:\xampp\htdocs\fcm4\vendor\codeigniter4\framework\system\Common.php(1097): CodeIgniter\View\View->render('admin/row', Array, true)
#4 C:\xampp\htdocs\fcm4\app\Controllers\Admin\Managementuser.php(30): view('admin/row', Array)
#5 C:\xampp\htdocs\fcm4\vendor\codeigniter4\framework\system\CodeIgniter.php(824): App\Controllers\admin\Managementuser->index()
#6 C:\xampp\htdocs\fcm4\vendor\codeigniter4\framework\system\CodeIgniter.php(410): CodeIgniter\CodeIgniter->runController(Object(App\Controllers\admin\Managementuser))
#7 C:\xampp\htdocs\fcm4\vendor\codeigniter4\framework\system\CodeIgniter.php(318): CodeIgniter\CodeIgniter->handleRequest(NULL, Object(Config\Cache), false)
#8 C:\xampp\htdocs\fcm4\public\index.php(37): CodeIgniter\CodeIgniter->run()
#9 C:\xampp\htdocs\fcm4\vendor\codeigniter4\framework\system\Commands\Server\rewrite.php(43): require_once('C:\\xampp\\htdocs...')
#10 {main}
CRITICAL - 2022-01-22 17:59:24 --> Undefined variable: count
#0 C:\xampp\htdocs\fcm4\app\Views\admin\row.php(2): CodeIgniter\Debug\Exceptions->errorHandler(8, 'Undefined varia...', 'C:\\xampp\\htdocs...', 2, Array)
#1 C:\xampp\htdocs\fcm4\vendor\codeigniter4\framework\system\View\View.php(214): include('C:\\xampp\\htdocs...')
#2 C:\xampp\htdocs\fcm4\vendor\codeigniter4\framework\system\View\View.php(217): CodeIgniter\View\View->CodeIgniter\View\{closure}()
#3 C:\xampp\htdocs\fcm4\vendor\codeigniter4\framework\system\Common.php(1097): CodeIgniter\View\View->render('admin/row', Array, true)
#4 C:\xampp\htdocs\fcm4\app\Controllers\Admin\Managementuser.php(30): view('admin/row', Array)
#5 C:\xampp\htdocs\fcm4\vendor\codeigniter4\framework\system\CodeIgniter.php(824): App\Controllers\admin\Managementuser->index()
#6 C:\xampp\htdocs\fcm4\vendor\codeigniter4\framework\system\CodeIgniter.php(410): CodeIgniter\CodeIgniter->runController(Object(App\Controllers\admin\Managementuser))
#7 C:\xampp\htdocs\fcm4\vendor\codeigniter4\framework\system\CodeIgniter.php(318): CodeIgniter\CodeIgniter->handleRequest(NULL, Object(Config\Cache), false)
#8 C:\xampp\htdocs\fcm4\public\index.php(37): CodeIgniter\CodeIgniter->run()
#9 C:\xampp\htdocs\fcm4\vendor\codeigniter4\framework\system\Commands\Server\rewrite.php(43): require_once('C:\\xampp\\htdocs...')
#10 {main}
CRITICAL - 2022-01-22 17:59:33 --> Undefined variable: row12
#0 C:\xampp\htdocs\fcm4\app\Views\admin\management-user.php(63): CodeIgniter\Debug\Exceptions->errorHandler(8, 'Undefined varia...', 'C:\\xampp\\htdocs...', 63, Array)
#1 C:\xampp\htdocs\fcm4\vendor\codeigniter4\framework\system\View\View.php(214): include('C:\\xampp\\htdocs...')
#2 C:\xampp\htdocs\fcm4\vendor\codeigniter4\framework\system\View\View.php(217): CodeIgniter\View\View->CodeIgniter\View\{closure}()
#3 C:\xampp\htdocs\fcm4\vendor\codeigniter4\framework\system\Common.php(1097): CodeIgniter\View\View->render('admin/managemen...', Array, true)
#4 C:\xampp\htdocs\fcm4\app\Controllers\Admin\Managementuser.php(42): view('admin/managemen...', Array)
#5 C:\xampp\htdocs\fcm4\vendor\codeigniter4\framework\system\CodeIgniter.php(824): App\Controllers\admin\Managementuser->index()
#6 C:\xampp\htdocs\fcm4\vendor\codeigniter4\framework\system\CodeIgniter.php(410): CodeIgniter\CodeIgniter->runController(Object(App\Controllers\admin\Managementuser))
#7 C:\xampp\htdocs\fcm4\vendor\codeigniter4\framework\system\CodeIgniter.php(318): CodeIgniter\CodeIgniter->handleRequest(NULL, Object(Config\Cache), false)
#8 C:\xampp\htdocs\fcm4\public\index.php(37): CodeIgniter\CodeIgniter->run()
#9 C:\xampp\htdocs\fcm4\vendor\codeigniter4\framework\system\Commands\Server\rewrite.php(43): require_once('C:\\xampp\\htdocs...')
#10 {main}
CRITICAL - 2022-01-22 17:59:34 --> Undefined variable: row12
#0 C:\xampp\htdocs\fcm4\app\Views\admin\management-user.php(63): CodeIgniter\Debug\Exceptions->errorHandler(8, 'Undefined varia...', 'C:\\xampp\\htdocs...', 63, Array)
#1 C:\xampp\htdocs\fcm4\vendor\codeigniter4\framework\system\View\View.php(214): include('C:\\xampp\\htdocs...')
#2 C:\xampp\htdocs\fcm4\vendor\codeigniter4\framework\system\View\View.php(217): CodeIgniter\View\View->CodeIgniter\View\{closure}()
#3 C:\xampp\htdocs\fcm4\vendor\codeigniter4\framework\system\Common.php(1097): CodeIgniter\View\View->render('admin/managemen...', Array, true)
#4 C:\xampp\htdocs\fcm4\app\Controllers\Admin\Managementuser.php(42): view('admin/managemen...', Array)
#5 C:\xampp\htdocs\fcm4\vendor\codeigniter4\framework\system\CodeIgniter.php(824): App\Controllers\admin\Managementuser->index()
#6 C:\xampp\htdocs\fcm4\vendor\codeigniter4\framework\system\CodeIgniter.php(410): CodeIgniter\CodeIgniter->runController(Object(App\Controllers\admin\Managementuser))
#7 C:\xampp\htdocs\fcm4\vendor\codeigniter4\framework\system\CodeIgniter.php(318): CodeIgniter\CodeIgniter->handleRequest(NULL, Object(Config\Cache), false)
#8 C:\xampp\htdocs\fcm4\public\index.php(37): CodeIgniter\CodeIgniter->run()
#9 C:\xampp\htdocs\fcm4\vendor\codeigniter4\framework\system\Commands\Server\rewrite.php(43): require_once('C:\\xampp\\htdocs...')
#10 {main}
CRITICAL - 2022-01-22 17:59:46 --> Object of class Myth\Auth\Entities\User could not be converted to string
#0 C:\xampp\htdocs\fcm4\vendor\codeigniter4\framework\system\View\View.php(214): include()
#1 C:\xampp\htdocs\fcm4\vendor\codeigniter4\framework\system\View\View.php(217): CodeIgniter\View\View->CodeIgniter\View\{closure}()
#2 C:\xampp\htdocs\fcm4\vendor\codeigniter4\framework\system\Common.php(1097): CodeIgniter\View\View->render('admin/managemen...', Array, true)
#3 C:\xampp\htdocs\fcm4\app\Controllers\Admin\Managementuser.php(42): view('admin/managemen...', Array)
#4 C:\xampp\htdocs\fcm4\vendor\codeigniter4\framework\system\CodeIgniter.php(824): App\Controllers\admin\Managementuser->index()
#5 C:\xampp\htdocs\fcm4\vendor\codeigniter4\framework\system\CodeIgniter.php(410): CodeIgniter\CodeIgniter->runController(Object(App\Controllers\admin\Managementuser))
#6 C:\xampp\htdocs\fcm4\vendor\codeigniter4\framework\system\CodeIgniter.php(318): CodeIgniter\CodeIgniter->handleRequest(NULL, Object(Config\Cache), false)
#7 C:\xampp\htdocs\fcm4\public\index.php(37): CodeIgniter\CodeIgniter->run()
#8 C:\xampp\htdocs\fcm4\vendor\codeigniter4\framework\system\Commands\Server\rewrite.php(43): require_once('C:\\xampp\\htdocs...')
#9 {main}
CRITICAL - 2022-01-22 18:00:24 --> Undefined variable: row12
#0 C:\xampp\htdocs\fcm4\app\Views\admin\management-user.php(63): CodeIgniter\Debug\Exceptions->errorHandler(8, 'Undefined varia...', 'C:\\xampp\\htdocs...', 63, Array)
#1 C:\xampp\htdocs\fcm4\vendor\codeigniter4\framework\system\View\View.php(214): include('C:\\xampp\\htdocs...')
#2 C:\xampp\htdocs\fcm4\vendor\codeigniter4\framework\system\View\View.php(217): CodeIgniter\View\View->CodeIgniter\View\{closure}()
#3 C:\xampp\htdocs\fcm4\vendor\codeigniter4\framework\system\Common.php(1097): CodeIgniter\View\View->render('admin/managemen...', Array, true)
#4 C:\xampp\htdocs\fcm4\app\Controllers\Admin\Managementuser.php(42): view('admin/managemen...', Array)
#5 C:\xampp\htdocs\fcm4\vendor\codeigniter4\framework\system\CodeIgniter.php(824): App\Controllers\admin\Managementuser->index()
#6 C:\xampp\htdocs\fcm4\vendor\codeigniter4\framework\system\CodeIgniter.php(410): CodeIgniter\CodeIgniter->runController(Object(App\Controllers\admin\Managementuser))
#7 C:\xampp\htdocs\fcm4\vendor\codeigniter4\framework\system\CodeIgniter.php(318): CodeIgniter\CodeIgniter->handleRequest(NULL, Object(Config\Cache), false)
#8 C:\xampp\htdocs\fcm4\public\index.php(37): CodeIgniter\CodeIgniter->run()
#9 C:\xampp\htdocs\fcm4\vendor\codeigniter4\framework\system\Commands\Server\rewrite.php(43): require_once('C:\\xampp\\htdocs...')
#10 {main}
CRITICAL - 2022-01-22 18:00:38 --> Undefined variable: row12
#0 C:\xampp\htdocs\fcm4\app\Views\admin\management-user.php(63): CodeIgniter\Debug\Exceptions->errorHandler(8, 'Undefined varia...', 'C:\\xampp\\htdocs...', 63, Array)
#1 C:\xampp\htdocs\fcm4\vendor\codeigniter4\framework\system\View\View.php(214): include('C:\\xampp\\htdocs...')
#2 C:\xampp\htdocs\fcm4\vendor\codeigniter4\framework\system\View\View.php(217): CodeIgniter\View\View->CodeIgniter\View\{closure}()
#3 C:\xampp\htdocs\fcm4\vendor\codeigniter4\framework\system\Common.php(1097): CodeIgniter\View\View->render('admin/managemen...', Array, true)
#4 C:\xampp\htdocs\fcm4\app\Controllers\Admin\Managementuser.php(42): view('admin/managemen...', Array)
#5 C:\xampp\htdocs\fcm4\vendor\codeigniter4\framework\system\CodeIgniter.php(824): App\Controllers\admin\Managementuser->index()
#6 C:\xampp\htdocs\fcm4\vendor\codeigniter4\framework\system\CodeIgniter.php(410): CodeIgniter\CodeIgniter->runController(Object(App\Controllers\admin\Managementuser))
#7 C:\xampp\htdocs\fcm4\vendor\codeigniter4\framework\system\CodeIgniter.php(318): CodeIgniter\CodeIgniter->handleRequest(NULL, Object(Config\Cache), false)
#8 C:\xampp\htdocs\fcm4\public\index.php(37): CodeIgniter\CodeIgniter->run()
#9 C:\xampp\htdocs\fcm4\vendor\codeigniter4\framework\system\Commands\Server\rewrite.php(43): require_once('C:\\xampp\\htdocs...')
#10 {main}
CRITICAL - 2022-01-22 18:00:38 --> Undefined variable: row12
#0 C:\xampp\htdocs\fcm4\app\Views\admin\management-user.php(63): CodeIgniter\Debug\Exceptions->errorHandler(8, 'Undefined varia...', 'C:\\xampp\\htdocs...', 63, Array)
#1 C:\xampp\htdocs\fcm4\vendor\codeigniter4\framework\system\View\View.php(214): include('C:\\xampp\\htdocs...')
#2 C:\xampp\htdocs\fcm4\vendor\codeigniter4\framework\system\View\View.php(217): CodeIgniter\View\View->CodeIgniter\View\{closure}()
#3 C:\xampp\htdocs\fcm4\vendor\codeigniter4\framework\system\Common.php(1097): CodeIgniter\View\View->render('admin/managemen...', Array, true)
#4 C:\xampp\htdocs\fcm4\app\Controllers\Admin\Managementuser.php(42): view('admin/managemen...', Array)
#5 C:\xampp\htdocs\fcm4\vendor\codeigniter4\framework\system\CodeIgniter.php(824): App\Controllers\admin\Managementuser->index()
#6 C:\xampp\htdocs\fcm4\vendor\codeigniter4\framework\system\CodeIgniter.php(410): CodeIgniter\CodeIgniter->runController(Object(App\Controllers\admin\Managementuser))
#7 C:\xampp\htdocs\fcm4\vendor\codeigniter4\framework\system\CodeIgniter.php(318): CodeIgniter\CodeIgniter->handleRequest(NULL, Object(Config\Cache), false)
#8 C:\xampp\htdocs\fcm4\public\index.php(37): CodeIgniter\CodeIgniter->run()
#9 C:\xampp\htdocs\fcm4\vendor\codeigniter4\framework\system\Commands\Server\rewrite.php(43): require_once('C:\\xampp\\htdocs...')
#10 {main}
CRITICAL - 2022-01-22 18:10:16 --> Undefined offset: 1
#0 C:\xampp\htdocs\fcm4\app\Views\admin\templates\sidebar.php(15): CodeIgniter\Debug\Exceptions->errorHandler(8, 'Undefined offse...', 'C:\\xampp\\htdocs...', 15, Array)
#1 C:\xampp\htdocs\fcm4\vendor\codeigniter4\framework\system\View\View.php(214): include('C:\\xampp\\htdocs...')
#2 C:\xampp\htdocs\fcm4\vendor\codeigniter4\framework\system\View\View.php(217): CodeIgniter\View\View->CodeIgniter\View\{closure}()
#3 C:\xampp\htdocs\fcm4\vendor\codeigniter4\framework\system\View\View.php(432): CodeIgniter\View\View->render('admin/templates...', NULL, true)
#4 C:\xampp\htdocs\fcm4\app\Views\admin\templates\index.php(24): CodeIgniter\View\View->include('admin/templates...')
#5 C:\xampp\htdocs\fcm4\vendor\codeigniter4\framework\system\View\View.php(214): include('C:\\xampp\\htdocs...')
#6 C:\xampp\htdocs\fcm4\vendor\codeigniter4\framework\system\View\View.php(217): CodeIgniter\View\View->CodeIgniter\View\{closure}()
#7 C:\xampp\htdocs\fcm4\vendor\codeigniter4\framework\system\View\View.php(230): CodeIgniter\View\View->render('admin/templates...', Array, true)
#8 C:\xampp\htdocs\fcm4\vendor\codeigniter4\framework\system\Common.php(1097): CodeIgniter\View\View->render('admin/home', Array, true)
#9 C:\xampp\htdocs\fcm4\app\Controllers\Admin\Home.php(23): view('admin/home', Array)
#10 C:\xampp\htdocs\fcm4\vendor\codeigniter4\framework\system\CodeIgniter.php(824): App\Controllers\admin\Home->index()
#11 C:\xampp\htdocs\fcm4\vendor\codeigniter4\framework\system\CodeIgniter.php(410): CodeIgniter\CodeIgniter->runController(Object(App\Controllers\admin\Home))
#12 C:\xampp\htdocs\fcm4\vendor\codeigniter4\framework\system\CodeIgniter.php(318): CodeIgniter\CodeIgniter->handleRequest(NULL, Object(Config\Cache), false)
#13 C:\xampp\htdocs\fcm4\public\index.php(37): CodeIgniter\CodeIgniter->run()
#14 C:\xampp\htdocs\fcm4\vendor\codeigniter4\framework\system\Commands\Server\rewrite.php(43): require_once('C:\\xampp\\htdocs...')
#15 {main}
CRITICAL - 2022-01-22 18:33:58 --> Undefined variable: count
#0 C:\xampp\htdocs\fcm4\app\Views\admin\management-user.php(62): CodeIgniter\Debug\Exceptions->errorHandler(8, 'Undefined varia...', 'C:\\xampp\\htdocs...', 62, Array)
#1 C:\xampp\htdocs\fcm4\vendor\codeigniter4\framework\system\View\View.php(214): include('C:\\xampp\\htdocs...')
#2 C:\xampp\htdocs\fcm4\vendor\codeigniter4\framework\system\View\View.php(217): CodeIgniter\View\View->CodeIgniter\View\{closure}()
#3 C:\xampp\htdocs\fcm4\vendor\codeigniter4\framework\system\Common.php(1097): CodeIgniter\View\View->render('admin/managemen...', Array, true)
#4 C:\xampp\htdocs\fcm4\app\Controllers\Admin\Managementuser.php(42): view('admin/managemen...', Array)
#5 C:\xampp\htdocs\fcm4\vendor\codeigniter4\framework\system\CodeIgniter.php(824): App\Controllers\admin\Managementuser->index()
#6 C:\xampp\htdocs\fcm4\vendor\codeigniter4\framework\system\CodeIgniter.php(410): CodeIgniter\CodeIgniter->runController(Object(App\Controllers\admin\Managementuser))
#7 C:\xampp\htdocs\fcm4\vendor\codeigniter4\framework\system\CodeIgniter.php(318): CodeIgniter\CodeIgniter->handleRequest(NULL, Object(Config\Cache), false)
#8 C:\xampp\htdocs\fcm4\public\index.php(37): CodeIgniter\CodeIgniter->run()
#9 C:\xampp\htdocs\fcm4\vendor\codeigniter4\framework\system\Commands\Server\rewrite.php(43): require_once('C:\\xampp\\htdocs...')
#10 {main}
CRITICAL - 2022-01-22 18:34:11 --> Undefined variable: count
#0 C:\xampp\htdocs\fcm4\app\Views\admin\row.php(4): CodeIgniter\Debug\Exceptions->errorHandler(8, 'Undefined varia...', 'C:\\xampp\\htdocs...', 4, Array)
#1 C:\xampp\htdocs\fcm4\vendor\codeigniter4\framework\system\View\View.php(214): include('C:\\xampp\\htdocs...')
#2 C:\xampp\htdocs\fcm4\vendor\codeigniter4\framework\system\View\View.php(217): CodeIgniter\View\View->CodeIgniter\View\{closure}()
#3 C:\xampp\htdocs\fcm4\vendor\codeigniter4\framework\system\Common.php(1097): CodeIgniter\View\View->render('admin/row', Array, true)
#4 C:\xampp\htdocs\fcm4\app\Controllers\Admin\Managementuser.php(30): view('admin/row', Array)
#5 C:\xampp\htdocs\fcm4\vendor\codeigniter4\framework\system\CodeIgniter.php(824): App\Controllers\admin\Managementuser->index()
#6 C:\xampp\htdocs\fcm4\vendor\codeigniter4\framework\system\CodeIgniter.php(410): CodeIgniter\CodeIgniter->runController(Object(App\Controllers\admin\Managementuser))
#7 C:\xampp\htdocs\fcm4\vendor\codeigniter4\framework\system\CodeIgniter.php(318): CodeIgniter\CodeIgniter->handleRequest(NULL, Object(Config\Cache), false)
#8 C:\xampp\htdocs\fcm4\public\index.php(37): CodeIgniter\CodeIgniter->run()
#9 C:\xampp\htdocs\fcm4\vendor\codeigniter4\framework\system\Commands\Server\rewrite.php(43): require_once('C:\\xampp\\htdocs...')
#10 {main}
CRITICAL - 2022-01-22 18:34:32 --> Undefined variable: count
#0 C:\xampp\htdocs\fcm4\app\Views\admin\row.php(4): CodeIgniter\Debug\Exceptions->errorHandler(8, 'Undefined varia...', 'C:\\xampp\\htdocs...', 4, Array)
#1 C:\xampp\htdocs\fcm4\vendor\codeigniter4\framework\system\View\View.php(214): include('C:\\xampp\\htdocs...')
#2 C:\xampp\htdocs\fcm4\vendor\codeigniter4\framework\system\View\View.php(217): CodeIgniter\View\View->CodeIgniter\View\{closure}()
#3 C:\xampp\htdocs\fcm4\vendor\codeigniter4\framework\system\Common.php(1097): CodeIgniter\View\View->render('admin/row', Array, true)
#4 C:\xampp\htdocs\fcm4\app\Controllers\Admin\Managementuser.php(30): view('admin/row', Array)
#5 C:\xampp\htdocs\fcm4\vendor\codeigniter4\framework\system\CodeIgniter.php(824): App\Controllers\admin\Managementuser->index()
#6 C:\xampp\htdocs\fcm4\vendor\codeigniter4\framework\system\CodeIgniter.php(410): CodeIgniter\CodeIgniter->runController(Object(App\Controllers\admin\Managementuser))
#7 C:\xampp\htdocs\fcm4\vendor\codeigniter4\framework\system\CodeIgniter.php(318): CodeIgniter\CodeIgniter->handleRequest(NULL, Object(Config\Cache), false)
#8 C:\xampp\htdocs\fcm4\public\index.php(37): CodeIgniter\CodeIgniter->run()
#9 C:\xampp\htdocs\fcm4\vendor\codeigniter4\framework\system\Commands\Server\rewrite.php(43): require_once('C:\\xampp\\htdocs...')
#10 {main}
CRITICAL - 2022-01-22 18:34:33 --> Undefined variable: count
#0 C:\xampp\htdocs\fcm4\app\Views\admin\row.php(4): CodeIgniter\Debug\Exceptions->errorHandler(8, 'Undefined varia...', 'C:\\xampp\\htdocs...', 4, Array)
#1 C:\xampp\htdocs\fcm4\vendor\codeigniter4\framework\system\View\View.php(214): include('C:\\xampp\\htdocs...')
#2 C:\xampp\htdocs\fcm4\vendor\codeigniter4\framework\system\View\View.php(217): CodeIgniter\View\View->CodeIgniter\View\{closure}()
#3 C:\xampp\htdocs\fcm4\vendor\codeigniter4\framework\system\Common.php(1097): CodeIgniter\View\View->render('admin/row', Array, true)
#4 C:\xampp\htdocs\fcm4\app\Controllers\Admin\Managementuser.php(30): view('admin/row', Array)
#5 C:\xampp\htdocs\fcm4\vendor\codeigniter4\framework\system\CodeIgniter.php(824): App\Controllers\admin\Managementuser->index()
#6 C:\xampp\htdocs\fcm4\vendor\codeigniter4\framework\system\CodeIgniter.php(410): CodeIgniter\CodeIgniter->runController(Object(App\Controllers\admin\Managementuser))
#7 C:\xampp\htdocs\fcm4\vendor\codeigniter4\framework\system\CodeIgniter.php(318): CodeIgniter\CodeIgniter->handleRequest(NULL, Object(Config\Cache), false)
#8 C:\xampp\htdocs\fcm4\public\index.php(37): CodeIgniter\CodeIgniter->run()
#9 C:\xampp\htdocs\fcm4\vendor\codeigniter4\framework\system\Commands\Server\rewrite.php(43): require_once('C:\\xampp\\htdocs...')
#10 {main}
CRITICAL - 2022-01-22 18:39:03 --> Undefined variable: count
#0 C:\xampp\htdocs\fcm4\app\Views\admin\row.php(4): CodeIgniter\Debug\Exceptions->errorHandler(8, 'Undefined varia...', 'C:\\xampp\\htdocs...', 4, Array)
#1 C:\xampp\htdocs\fcm4\vendor\codeigniter4\framework\system\View\View.php(214): include('C:\\xampp\\htdocs...')
#2 C:\xampp\htdocs\fcm4\vendor\codeigniter4\framework\system\View\View.php(217): CodeIgniter\View\View->CodeIgniter\View\{closure}()
#3 C:\xampp\htdocs\fcm4\vendor\codeigniter4\framework\system\Common.php(1097): CodeIgniter\View\View->render('admin/row', Array, true)
#4 C:\xampp\htdocs\fcm4\app\Controllers\Admin\Managementuser.php(30): view('admin/row', Array)
#5 C:\xampp\htdocs\fcm4\vendor\codeigniter4\framework\system\CodeIgniter.php(824): App\Controllers\admin\Managementuser->index()
#6 C:\xampp\htdocs\fcm4\vendor\codeigniter4\framework\system\CodeIgniter.php(410): CodeIgniter\CodeIgniter->runController(Object(App\Controllers\admin\Managementuser))
#7 C:\xampp\htdocs\fcm4\vendor\codeigniter4\framework\system\CodeIgniter.php(318): CodeIgniter\CodeIgniter->handleRequest(NULL, Object(Config\Cache), false)
#8 C:\xampp\htdocs\fcm4\public\index.php(37): CodeIgniter\CodeIgniter->run()
#9 C:\xampp\htdocs\fcm4\vendor\codeigniter4\framework\system\Commands\Server\rewrite.php(43): require_once('C:\\xampp\\htdocs...')
#10 {main}
CRITICAL - 2022-01-22 18:39:40 --> Undefined variable: row10
#0 C:\xampp\htdocs\fcm4\app\Views\admin\management-user.php(63): CodeIgniter\Debug\Exceptions->errorHandler(8, 'Undefined varia...', 'C:\\xampp\\htdocs...', 63, Array)
#1 C:\xampp\htdocs\fcm4\vendor\codeigniter4\framework\system\View\View.php(214): include('C:\\xampp\\htdocs...')
#2 C:\xampp\htdocs\fcm4\vendor\codeigniter4\framework\system\View\View.php(217): CodeIgniter\View\View->CodeIgniter\View\{closure}()
#3 C:\xampp\htdocs\fcm4\vendor\codeigniter4\framework\system\Common.php(1097): CodeIgniter\View\View->render('admin/managemen...', Array, true)
#4 C:\xampp\htdocs\fcm4\app\Controllers\Admin\Managementuser.php(43): view('admin/managemen...', Array)
#5 C:\xampp\htdocs\fcm4\vendor\codeigniter4\framework\system\CodeIgniter.php(824): App\Controllers\admin\Managementuser->index()
#6 C:\xampp\htdocs\fcm4\vendor\codeigniter4\framework\system\CodeIgniter.php(410): CodeIgniter\CodeIgniter->runController(Object(App\Controllers\admin\Managementuser))
#7 C:\xampp\htdocs\fcm4\vendor\codeigniter4\framework\system\CodeIgniter.php(318): CodeIgniter\CodeIgniter->handleRequest(NULL, Object(Config\Cache), false)
#8 C:\xampp\htdocs\fcm4\public\index.php(37): CodeIgniter\CodeIgniter->run()
#9 C:\xampp\htdocs\fcm4\vendor\codeigniter4\framework\system\Commands\Server\rewrite.php(43): require_once('C:\\xampp\\htdocs...')
#10 {main}
CRITICAL - 2022-01-22 18:39:46 --> Undefined variable: row10
#0 C:\xampp\htdocs\fcm4\app\Views\admin\management-user.php(63): CodeIgniter\Debug\Exceptions->errorHandler(8, 'Undefined varia...', 'C:\\xampp\\htdocs...', 63, Array)
#1 C:\xampp\htdocs\fcm4\vendor\codeigniter4\framework\system\View\View.php(214): include('C:\\xampp\\htdocs...')
#2 C:\xampp\htdocs\fcm4\vendor\codeigniter4\framework\system\View\View.php(217): CodeIgniter\View\View->CodeIgniter\View\{closure}()
#3 C:\xampp\htdocs\fcm4\vendor\codeigniter4\framework\system\Common.php(1097): CodeIgniter\View\View->render('admin/managemen...', Array, true)
#4 C:\xampp\htdocs\fcm4\app\Controllers\Admin\Managementuser.php(43): view('admin/managemen...', Array)
#5 C:\xampp\htdocs\fcm4\vendor\codeigniter4\framework\system\CodeIgniter.php(824): App\Controllers\admin\Managementuser->index()
#6 C:\xampp\htdocs\fcm4\vendor\codeigniter4\framework\system\CodeIgniter.php(410): CodeIgniter\CodeIgniter->runController(Object(App\Controllers\admin\Managementuser))
#7 C:\xampp\htdocs\fcm4\vendor\codeigniter4\framework\system\CodeIgniter.php(318): CodeIgniter\CodeIgniter->handleRequest(NULL, Object(Config\Cache), false)
#8 C:\xampp\htdocs\fcm4\public\index.php(37): CodeIgniter\CodeIgniter->run()
#9 C:\xampp\htdocs\fcm4\vendor\codeigniter4\framework\system\Commands\Server\rewrite.php(43): require_once('C:\\xampp\\htdocs...')
#10 {main}
CRITICAL - 2022-01-22 18:42:44 --> Undefined variable: users
#0 C:\xampp\htdocs\fcm4\app\Views\admin\row.php(3): CodeIgniter\Debug\Exceptions->errorHandler(8, 'Undefined varia...', 'C:\\xampp\\htdocs...', 3, Array)
#1 C:\xampp\htdocs\fcm4\vendor\codeigniter4\framework\system\View\View.php(214): include('C:\\xampp\\htdocs...')
#2 C:\xampp\htdocs\fcm4\vendor\codeigniter4\framework\system\View\View.php(217): CodeIgniter\View\View->CodeIgniter\View\{closure}()
#3 C:\xampp\htdocs\fcm4\vendor\codeigniter4\framework\system\Common.php(1097): CodeIgniter\View\View->render('admin/row', Array, true)
#4 C:\xampp\htdocs\fcm4\app\Controllers\Admin\Managementuser.php(31): view('admin/row', Array)
#5 C:\xampp\htdocs\fcm4\vendor\codeigniter4\framework\system\CodeIgniter.php(824): App\Controllers\admin\Managementuser->index()
#6 C:\xampp\htdocs\fcm4\vendor\codeigniter4\framework\system\CodeIgniter.php(410): CodeIgniter\CodeIgniter->runController(Object(App\Controllers\admin\Managementuser))
#7 C:\xampp\htdocs\fcm4\vendor\codeigniter4\framework\system\CodeIgniter.php(318): CodeIgniter\CodeIgniter->handleRequest(NULL, Object(Config\Cache), false)
#8 C:\xampp\htdocs\fcm4\public\index.php(37): CodeIgniter\CodeIgniter->run()
#9 C:\xampp\htdocs\fcm4\vendor\codeigniter4\framework\system\Commands\Server\rewrite.php(43): require_once('C:\\xampp\\htdocs...')
#10 {main}
CRITICAL - 2022-01-22 18:42:54 --> Undefined variable: users
#0 C:\xampp\htdocs\fcm4\app\Views\admin\row.php(3): CodeIgniter\Debug\Exceptions->errorHandler(8, 'Undefined varia...', 'C:\\xampp\\htdocs...', 3, Array)
#1 C:\xampp\htdocs\fcm4\vendor\codeigniter4\framework\system\View\View.php(214): include('C:\\xampp\\htdocs...')
#2 C:\xampp\htdocs\fcm4\vendor\codeigniter4\framework\system\View\View.php(217): CodeIgniter\View\View->CodeIgniter\View\{closure}()
#3 C:\xampp\htdocs\fcm4\vendor\codeigniter4\framework\system\Common.php(1097): CodeIgniter\View\View->render('admin/row', Array, true)
#4 C:\xampp\htdocs\fcm4\app\Controllers\Admin\Managementuser.php(31): view('admin/row', Array)
#5 C:\xampp\htdocs\fcm4\vendor\codeigniter4\framework\system\CodeIgniter.php(824): App\Controllers\admin\Managementuser->index()
#6 C:\xampp\htdocs\fcm4\vendor\codeigniter4\framework\system\CodeIgniter.php(410): CodeIgniter\CodeIgniter->runController(Object(App\Controllers\admin\Managementuser))
#7 C:\xampp\htdocs\fcm4\vendor\codeigniter4\framework\system\CodeIgniter.php(318): CodeIgniter\CodeIgniter->handleRequest(NULL, Object(Config\Cache), false)
#8 C:\xampp\htdocs\fcm4\public\index.php(37): CodeIgniter\CodeIgniter->run()
#9 C:\xampp\htdocs\fcm4\vendor\codeigniter4\framework\system\Commands\Server\rewrite.php(43): require_once('C:\\xampp\\htdocs...')
#10 {main}
CRITICAL - 2022-01-22 18:42:55 --> Undefined variable: users
#0 C:\xampp\htdocs\fcm4\app\Views\admin\row.php(3): CodeIgniter\Debug\Exceptions->errorHandler(8, 'Undefined varia...', 'C:\\xampp\\htdocs...', 3, Array)
#1 C:\xampp\htdocs\fcm4\vendor\codeigniter4\framework\system\View\View.php(214): include('C:\\xampp\\htdocs...')
#2 C:\xampp\htdocs\fcm4\vendor\codeigniter4\framework\system\View\View.php(217): CodeIgniter\View\View->CodeIgniter\View\{closure}()
#3 C:\xampp\htdocs\fcm4\vendor\codeigniter4\framework\system\Common.php(1097): CodeIgniter\View\View->render('admin/row', Array, true)
#4 C:\xampp\htdocs\fcm4\app\Controllers\Admin\Managementuser.php(31): view('admin/row', Array)
#5 C:\xampp\htdocs\fcm4\vendor\codeigniter4\framework\system\CodeIgniter.php(824): App\Controllers\admin\Managementuser->index()
#6 C:\xampp\htdocs\fcm4\vendor\codeigniter4\framework\system\CodeIgniter.php(410): CodeIgniter\CodeIgniter->runController(Object(App\Controllers\admin\Managementuser))
#7 C:\xampp\htdocs\fcm4\vendor\codeigniter4\framework\system\CodeIgniter.php(318): CodeIgniter\CodeIgniter->handleRequest(NULL, Object(Config\Cache), false)
#8 C:\xampp\htdocs\fcm4\public\index.php(37): CodeIgniter\CodeIgniter->run()
#9 C:\xampp\htdocs\fcm4\vendor\codeigniter4\framework\system\Commands\Server\rewrite.php(43): require_once('C:\\xampp\\htdocs...')
#10 {main}
CRITICAL - 2022-01-22 18:43:11 --> Undefined variable: users
#0 C:\xampp\htdocs\fcm4\app\Views\admin\row.php(3): CodeIgniter\Debug\Exceptions->errorHandler(8, 'Undefined varia...', 'C:\\xampp\\htdocs...', 3, Array)
#1 C:\xampp\htdocs\fcm4\vendor\codeigniter4\framework\system\View\View.php(214): include('C:\\xampp\\htdocs...')
#2 C:\xampp\htdocs\fcm4\vendor\codeigniter4\framework\system\View\View.php(217): CodeIgniter\View\View->CodeIgniter\View\{closure}()
#3 C:\xampp\htdocs\fcm4\vendor\codeigniter4\framework\system\Common.php(1097): CodeIgniter\View\View->render('admin/row', Array, true)
#4 C:\xampp\htdocs\fcm4\app\Controllers\Admin\Managementuser.php(31): view('admin/row', Array)
#5 C:\xampp\htdocs\fcm4\vendor\codeigniter4\framework\system\CodeIgniter.php(824): App\Controllers\admin\Managementuser->index()
#6 C:\xampp\htdocs\fcm4\vendor\codeigniter4\framework\system\CodeIgniter.php(410): CodeIgniter\CodeIgniter->runController(Object(App\Controllers\admin\Managementuser))
#7 C:\xampp\htdocs\fcm4\vendor\codeigniter4\framework\system\CodeIgniter.php(318): CodeIgniter\CodeIgniter->handleRequest(NULL, Object(Config\Cache), false)
#8 C:\xampp\htdocs\fcm4\public\index.php(37): CodeIgniter\CodeIgniter->run()
#9 C:\xampp\htdocs\fcm4\vendor\codeigniter4\framework\system\Commands\Server\rewrite.php(43): require_once('C:\\xampp\\htdocs...')
#10 {main}
CRITICAL - 2022-01-22 18:49:04 --> Invalid argument supplied for foreach()
#0 C:\xampp\htdocs\fcm4\app\Views\admin\row.php(3): CodeIgniter\Debug\Exceptions->errorHandler(2, 'Invalid argumen...', 'C:\\xampp\\htdocs...', 3, Array)
#1 C:\xampp\htdocs\fcm4\vendor\codeigniter4\framework\system\View\View.php(214): include('C:\\xampp\\htdocs...')
#2 C:\xampp\htdocs\fcm4\vendor\codeigniter4\framework\system\View\View.php(217): CodeIgniter\View\View->CodeIgniter\View\{closure}()
#3 C:\xampp\htdocs\fcm4\vendor\codeigniter4\framework\system\Common.php(1097): CodeIgniter\View\View->render('admin/row', Array, true)
#4 C:\xampp\htdocs\fcm4\app\Controllers\Admin\Managementuser.php(30): view('admin/row', Array)
#5 C:\xampp\htdocs\fcm4\vendor\codeigniter4\framework\system\CodeIgniter.php(824): App\Controllers\admin\Managementuser->index()
#6 C:\xampp\htdocs\fcm4\vendor\codeigniter4\framework\system\CodeIgniter.php(410): CodeIgniter\CodeIgniter->runController(Object(App\Controllers\admin\Managementuser))
#7 C:\xampp\htdocs\fcm4\vendor\codeigniter4\framework\system\CodeIgniter.php(318): CodeIgniter\CodeIgniter->handleRequest(NULL, Object(Config\Cache), false)
#8 C:\xampp\htdocs\fcm4\public\index.php(37): CodeIgniter\CodeIgniter->run()
#9 C:\xampp\htdocs\fcm4\vendor\codeigniter4\framework\system\Commands\Server\rewrite.php(43): require_once('C:\\xampp\\htdocs...')
#10 {main}
CRITICAL - 2022-01-22 18:49:57 --> Invalid argument supplied for foreach()
#0 C:\xampp\htdocs\fcm4\app\Views\admin\row.php(3): CodeIgniter\Debug\Exceptions->errorHandler(2, 'Invalid argumen...', 'C:\\xampp\\htdocs...', 3, Array)
#1 C:\xampp\htdocs\fcm4\vendor\codeigniter4\framework\system\View\View.php(214): include('C:\\xampp\\htdocs...')
#2 C:\xampp\htdocs\fcm4\vendor\codeigniter4\framework\system\View\View.php(217): CodeIgniter\View\View->CodeIgniter\View\{closure}()
#3 C:\xampp\htdocs\fcm4\vendor\codeigniter4\framework\system\Common.php(1097): CodeIgniter\View\View->render('admin/row', Array, true)
#4 C:\xampp\htdocs\fcm4\app\Controllers\Admin\Managementuser.php(30): view('admin/row', Array)
#5 C:\xampp\htdocs\fcm4\vendor\codeigniter4\framework\system\CodeIgniter.php(824): App\Controllers\admin\Managementuser->index()
#6 C:\xampp\htdocs\fcm4\vendor\codeigniter4\framework\system\CodeIgniter.php(410): CodeIgniter\CodeIgniter->runController(Object(App\Controllers\admin\Managementuser))
#7 C:\xampp\htdocs\fcm4\vendor\codeigniter4\framework\system\CodeIgniter.php(318): CodeIgniter\CodeIgniter->handleRequest(NULL, Object(Config\Cache), false)
#8 C:\xampp\htdocs\fcm4\public\index.php(37): CodeIgniter\CodeIgniter->run()
#9 C:\xampp\htdocs\fcm4\vendor\codeigniter4\framework\system\Commands\Server\rewrite.php(43): require_once('C:\\xampp\\htdocs...')
#10 {main}
CRITICAL - 2022-01-22 18:58:58 --> Argument 1 passed to CodeIgniter\BaseModel::findAll() must be of the type int, string given, called in C:\xampp\htdocs\fcm4\app\Controllers\Admin\Managementuser.php on line 23
#0 C:\xampp\htdocs\fcm4\app\Controllers\Admin\Managementuser.php(23): CodeIgniter\BaseModel->findAll('id', 'desc')
#1 C:\xampp\htdocs\fcm4\vendor\codeigniter4\framework\system\CodeIgniter.php(824): App\Controllers\admin\Managementuser->index()
#2 C:\xampp\htdocs\fcm4\vendor\codeigniter4\framework\system\CodeIgniter.php(410): CodeIgniter\CodeIgniter->runController(Object(App\Controllers\admin\Managementuser))
#3 C:\xampp\htdocs\fcm4\vendor\codeigniter4\framework\system\CodeIgniter.php(318): CodeIgniter\CodeIgniter->handleRequest(NULL, Object(Config\Cache), false)
#4 C:\xampp\htdocs\fcm4\public\index.php(37): CodeIgniter\CodeIgniter->run()
#5 C:\xampp\htdocs\fcm4\vendor\codeigniter4\framework\system\Commands\Server\rewrite.php(43): require_once('C:\\xampp\\htdocs...')
#6 {main}
CRITICAL - 2022-01-22 18:58:59 --> Argument 1 passed to CodeIgniter\BaseModel::findAll() must be of the type int, string given, called in C:\xampp\htdocs\fcm4\app\Controllers\Admin\Managementuser.php on line 23
#0 C:\xampp\htdocs\fcm4\app\Controllers\Admin\Managementuser.php(23): CodeIgniter\BaseModel->findAll('id', 'desc')
#1 C:\xampp\htdocs\fcm4\vendor\codeigniter4\framework\system\CodeIgniter.php(824): App\Controllers\admin\Managementuser->index()
#2 C:\xampp\htdocs\fcm4\vendor\codeigniter4\framework\system\CodeIgniter.php(410): CodeIgniter\CodeIgniter->runController(Object(App\Controllers\admin\Managementuser))
#3 C:\xampp\htdocs\fcm4\vendor\codeigniter4\framework\system\CodeIgniter.php(318): CodeIgniter\CodeIgniter->handleRequest(NULL, Object(Config\Cache), false)
#4 C:\xampp\htdocs\fcm4\public\index.php(37): CodeIgniter\CodeIgniter->run()
#5 C:\xampp\htdocs\fcm4\vendor\codeigniter4\framework\system\Commands\Server\rewrite.php(43): require_once('C:\\xampp\\htdocs...')
#6 {main}
CRITICAL - 2022-01-22 19:05:00 --> Object of class Myth\Auth\Models\UserModel could not be converted to string
#0 C:\xampp\htdocs\fcm4\vendor\codeigniter4\framework\system\CodeIgniter.php(824): App\Controllers\admin\Managementuser->index()
#1 C:\xampp\htdocs\fcm4\vendor\codeigniter4\framework\system\CodeIgniter.php(410): CodeIgniter\CodeIgniter->runController(Object(App\Controllers\admin\Managementuser))
#2 C:\xampp\htdocs\fcm4\vendor\codeigniter4\framework\system\CodeIgniter.php(318): CodeIgniter\CodeIgniter->handleRequest(NULL, Object(Config\Cache), false)
#3 C:\xampp\htdocs\fcm4\public\index.php(37): CodeIgniter\CodeIgniter->run()
#4 C:\xampp\htdocs\fcm4\vendor\codeigniter4\framework\system\Commands\Server\rewrite.php(43): require_once('C:\\xampp\\htdocs...')
#5 {main}
CRITICAL - 2022-01-22 19:05:22 --> Object of class Myth\Auth\Models\UserModel could not be converted to string
#0 C:\xampp\htdocs\fcm4\vendor\codeigniter4\framework\system\CodeIgniter.php(824): App\Controllers\admin\Managementuser->index()
#1 C:\xampp\htdocs\fcm4\vendor\codeigniter4\framework\system\CodeIgniter.php(410): CodeIgniter\CodeIgniter->runController(Object(App\Controllers\admin\Managementuser))
#2 C:\xampp\htdocs\fcm4\vendor\codeigniter4\framework\system\CodeIgniter.php(318): CodeIgniter\CodeIgniter->handleRequest(NULL, Object(Config\Cache), false)
#3 C:\xampp\htdocs\fcm4\public\index.php(37): CodeIgniter\CodeIgniter->run()
#4 C:\xampp\htdocs\fcm4\vendor\codeigniter4\framework\system\Commands\Server\rewrite.php(43): require_once('C:\\xampp\\htdocs...')
#5 {main}
CRITICAL - 2022-01-22 19:06:17 --> Object of class Myth\Auth\Models\UserModel could not be converted to string
#0 C:\xampp\htdocs\fcm4\vendor\codeigniter4\framework\system\CodeIgniter.php(824): App\Controllers\admin\Managementuser->index()
#1 C:\xampp\htdocs\fcm4\vendor\codeigniter4\framework\system\CodeIgniter.php(410): CodeIgniter\CodeIgniter->runController(Object(App\Controllers\admin\Managementuser))
#2 C:\xampp\htdocs\fcm4\vendor\codeigniter4\framework\system\CodeIgniter.php(318): CodeIgniter\CodeIgniter->handleRequest(NULL, Object(Config\Cache), false)
#3 C:\xampp\htdocs\fcm4\public\index.php(37): CodeIgniter\CodeIgniter->run()
#4 C:\xampp\htdocs\fcm4\vendor\codeigniter4\framework\system\Commands\Server\rewrite.php(43): require_once('C:\\xampp\\htdocs...')
#5 {main}
CRITICAL - 2022-01-22 19:06:26 --> Call to undefined method Myth\Auth\Models\UserModel::order_by
#0 C:\xampp\htdocs\fcm4\app\Controllers\Admin\Managementuser.php(23): CodeIgniter\Model->__call('order_by', Array)
#1 C:\xampp\htdocs\fcm4\vendor\codeigniter4\framework\system\CodeIgniter.php(824): App\Controllers\admin\Managementuser->index()
#2 C:\xampp\htdocs\fcm4\vendor\codeigniter4\framework\system\CodeIgniter.php(410): CodeIgniter\CodeIgniter->runController(Object(App\Controllers\admin\Managementuser))
#3 C:\xampp\htdocs\fcm4\vendor\codeigniter4\framework\system\CodeIgniter.php(318): CodeIgniter\CodeIgniter->handleRequest(NULL, Object(Config\Cache), false)
#4 C:\xampp\htdocs\fcm4\public\index.php(37): CodeIgniter\CodeIgniter->run()
#5 C:\xampp\htdocs\fcm4\vendor\codeigniter4\framework\system\Commands\Server\rewrite.php(43): require_once('C:\\xampp\\htdocs...')
#6 {main}
